#
# There is insufficient memory for the Java Runtime Environment to continue.
# Native memory allocation (mmap) failed to map 134217728 bytes for Failed to commit area from 0x0000000081600000 to 0x0000000089600000 of length 134217728.
# Possible reasons:
#   The system is out of physical RAM or swap space
#   The process is running with CompressedOops enabled, and the Java Heap may be blocking the growth of the native heap
# Possible solutions:
#   Reduce memory load on the system
#   Increase physical memory or swap space
#   Check if swap backing store is full
#   Decrease Java heap size (-Xmx/-Xms)
#   Decrease number of Java threads
#   Decrease Java thread stack sizes (-Xss)
#   Set larger code cache with -XX:ReservedCodeCacheSize=
# This output file may be truncated or incomplete.
#
#  Out of Memory Error (./open/src/hotspot/os/windows/os_windows.cpp:3273), pid=4444, tid=9340
#
# JRE version:  (11.0.12+8) (build )
# Java VM: Java HotSpot(TM) 64-Bit Server VM (11.0.12+8-LTS-237, mixed mode, sharing, tiered, compressed oops, g1 gc, windows-amd64)
# No core dump will be written. Minidumps are not enabled by default on client versions of Windows
#

---------------  S U M M A R Y ------------

Command Line: -Xverify:none -XX:TieredStopAtLevel=1 com.sunglowsys.HotelCrudOperationApplication

Host: Intel(R) Core(TM) i5-5200U CPU @ 2.20GHz, 4 cores, 7G,  Windows 10 , 64 bit Build 19041 (10.0.19041.1889)
Time: Tue Aug 23 14:54:32 2022 India Standard Time elapsed time: 0.026375 seconds (0d 0h 0m 0s)

---------------  T H R E A D  ---------------

Current thread (0x000001f0bdb0d000):  JavaThread "Unknown thread" [_thread_in_vm, id=9340, stack(0x0000004bc5100000,0x0000004bc5200000)]

Stack: [0x0000004bc5100000,0x0000004bc5200000]
Native frames: (J=compiled Java code, j=interpreted, Vv=VM code, C=native code)
V  [jvm.dll+0x617d9a]
V  [jvm.dll+0x74eeef]
V  [jvm.dll+0x750599]
V  [jvm.dll+0x750c23]
V  [jvm.dll+0x2438d8]
V  [jvm.dll+0x61518a]
V  [jvm.dll+0x609f45]
V  [jvm.dll+0x2f85cc]
V  [jvm.dll+0x2f8452]
V  [jvm.dll+0x2fd106]
V  [jvm.dll+0x33f6ef]
V  [jvm.dll+0x33f120]
V  [jvm.dll+0x2d5ca8]
V  [jvm.dll+0x2d6e06]
V  [jvm.dll+0x72a977]
V  [jvm.dll+0x72c21f]
V  [jvm.dll+0x34c469]
V  [jvm.dll+0x710400]
V  [jvm.dll+0x3b5baf]
V  [jvm.dll+0x3b7cb1]
C  [jli.dll+0x520b]
C  [ucrtbase.dll+0x21bb2]
C  [KERNEL32.DLL+0x17034]
C  [ntdll.dll+0x52651]


---------------  P R O C E S S  ---------------

Threads class SMR info:
_java_thread_list=0x000001f0bba78c10, length=0, elements={
}

Java Threads: ( => current thread )

Other Threads:
  0x000001f0bdb23000 GCTaskThread "GC Thread#0" [stack: 0x0000004bc5200000,0x0000004bc5300000] [id=8864]
  0x000001f0bdb58800 ConcurrentGCThread "G1 Main Marker" [stack: 0x0000004bc5300000,0x0000004bc5400000] [id=9872]
  0x000001f0bdb5b000 ConcurrentGCThread "G1 Conc#0" [stack: 0x0000004bc5400000,0x0000004bc5500000] [id=10792]

[error occurred during error reporting (printing all threads), id 0xc0000005, EXCEPTION_ACCESS_VIOLATION (0xc0000005) at pc=0x00007fff7f1e4f37]

VM state:not at safepoint (not fully initialized)

VM Mutex/Monitor currently owned by a thread:  ([mutex/lock_event])
[0x000001f0bdb0bcb0] Heap_lock - owner thread: 0x000001f0bdb0d000

Heap address: 0x0000000081600000, size: 2026 MB, Compressed Oops mode: Non-zero based: 0x0000000081600000
Narrow klass base: 0x0000000000000000, Narrow klass shift: 0

GC Heap History (0 events):
No events

Deoptimization events (0 events):
No events

Classes redefined (0 events):
No events

Internal exceptions (0 events):
No events

Events (0 events):
No events


Dynamic libraries:
0x00007ff644190000 - 0x00007ff64419f000 	C:\Program Files\Java\jdk-11.0.12\bin\java.exe
0x00007fffe04f0000 - 0x00007fffe06e8000 	C:\Windows\SYSTEM32\ntdll.dll
0x00007fffdfa20000 - 0x00007fffdfadd000 	C:\Windows\System32\KERNEL32.DLL
0x00007fffde110000 - 0x00007fffde3de000 	C:\Windows\System32\KERNELBASE.dll
0x00007fffddf20000 - 0x00007fffde020000 	C:\Windows\System32\ucrtbase.dll
0x00007fffd6c60000 - 0x00007fffd6c78000 	C:\Program Files\Java\jdk-11.0.12\bin\jli.dll
0x00007fffde5b0000 - 0x00007fffde65e000 	C:\Windows\System32\ADVAPI32.dll
0x00007fffdf790000 - 0x00007fffdf82e000 	C:\Windows\System32\msvcrt.dll
0x00007fffdedc0000 - 0x00007fffdee5c000 	C:\Windows\System32\sechost.dll
0x00007fffde6e0000 - 0x00007fffde805000 	C:\Windows\System32\RPCRT4.dll
0x00007fffdf010000 - 0x00007fffdf1b0000 	C:\Windows\System32\USER32.dll
0x00007fffddde0000 - 0x00007fffdde02000 	C:\Windows\System32\win32u.dll
0x00007fffde580000 - 0x00007fffde5aa000 	C:\Windows\System32\GDI32.dll
0x00007fffdde10000 - 0x00007fffddf1b000 	C:\Windows\System32\gdi32full.dll
0x00007fffde070000 - 0x00007fffde10d000 	C:\Windows\System32\msvcp_win.dll
0x00007fffce180000 - 0x00007fffce195000 	C:\Program Files\Java\jdk-11.0.12\bin\VCRUNTIME140.dll
0x00007fffc5370000 - 0x00007fffc560a000 	C:\Windows\WinSxS\amd64_microsoft.windows.common-controls_6595b64144ccf1df_6.0.19041.1110_none_60b5254171f9507e\COMCTL32.dll
0x00007fffd46d0000 - 0x00007fffd46da000 	C:\Windows\SYSTEM32\VERSION.dll
0x00007fffde550000 - 0x00007fffde580000 	C:\Windows\System32\IMM32.DLL
0x00007fffb8c40000 - 0x00007fffb8cdb000 	C:\Program Files\Java\jdk-11.0.12\bin\msvcp140.dll
0x00007fff7ef00000 - 0x00007fff7f9ff000 	C:\Program Files\Java\jdk-11.0.12\bin\server\jvm.dll
0x00007fffdfce0000 - 0x00007fffdfce8000 	C:\Windows\System32\PSAPI.DLL
0x00007fffd2ee0000 - 0x00007fffd2ee9000 	C:\Windows\SYSTEM32\WSOCK32.dll
0x00007fffdf1b0000 - 0x00007fffdf21b000 	C:\Windows\System32\WS2_32.dll
0x00007fffcaec0000 - 0x00007fffcaee7000 	C:\Windows\SYSTEM32\WINMM.dll
0x00007fffdbb10000 - 0x00007fffdbb22000 	C:\Windows\SYSTEM32\kernel.appcore.dll
0x00007fffd1140000 - 0x00007fffd1150000 	C:\Program Files\Java\jdk-11.0.12\bin\verify.dll
0x00007fffdb360000 - 0x00007fffdb544000 	C:\Windows\SYSTEM32\DBGHELP.DLL
0x00007fffd8000000 - 0x00007fffd802c000 	C:\Windows\SYSTEM32\dbgcore.DLL
0x00007fffde4c0000 - 0x00007fffde542000 	C:\Windows\System32\bcryptPrimitives.dll
0x00007fffc9280000 - 0x00007fffc92a8000 	C:\Program Files\Java\jdk-11.0.12\bin\java.dll
0x00007fffcdaa0000 - 0x00007fffcdaaa000 	C:\Program Files\Java\jdk-11.0.12\bin\jimage.dll
0x00007fffcd230000 - 0x00007fffcd246000 	C:\Program Files\Java\jdk-11.0.12\bin\zip.dll

dbghelp: loaded successfully - version: 4.0.5 - missing functions: none
symbol engine: initialized successfully - sym options: 0x614 - pdb path: .;C:\Program Files\Java\jdk-11.0.12\bin;C:\Windows\SYSTEM32;C:\Windows\WinSxS\amd64_microsoft.windows.common-controls_6595b64144ccf1df_6.0.19041.1110_none_60b5254171f9507e;C:\Program Files\Java\jdk-11.0.12\bin\server

VM Arguments:
jvm_args: -Xverify:none -XX:TieredStopAtLevel=1 
java_command: com.sunglowsys.HotelCrudOperationApplication
java_class_path (initial): E:\hotel\hotel-crud-operation\target\classes;C:\Users\lenovo\.m2\repository\org\aspectj\aspectjweaver\1.9.7\aspectjweaver-1.9.7.jar;C:\Users\lenovo\.m2\repository\com\zaxxer\HikariCP\4.0.3\HikariCP-4.0.3.jar;C:\Users\lenovo\.m2\repository\org\springframework\spring-jdbc\5.3.22\spring-jdbc-5.3.22.jar;C:\Users\lenovo\.m2\repository\jakarta\transaction\jakarta.transaction-api\1.3.3\jakarta.transaction-api-1.3.3.jar;C:\Users\lenovo\.m2\repository\jakarta\persistence\jakarta.persistence-api\2.2.3\jakarta.persistence-api-2.2.3.jar;C:\Users\lenovo\.m2\repository\org\springframework\data\spring-data-jpa\2.7.2\spring-data-jpa-2.7.2.jar;C:\Users\lenovo\.m2\repository\org\springframework\data\spring-data-commons\2.7.2\spring-data-commons-2.7.2.jar;C:\Users\lenovo\.m2\repository\org\springframework\spring-orm\5.3.22\spring-orm-5.3.22.jar;C:\Users\lenovo\.m2\repository\org\springframework\spring-context\5.3.22\spring-context-5.3.22.jar;C:\Users\lenovo\.m2\repository\org\springframework\spring-tx\5.3.22\spring-tx-5.3.22.jar;C:\Users\lenovo\.m2\repository\org\springframework\spring-beans\5.3.22\spring-beans-5.3.22.jar;C:\Users\lenovo\.m2\repository\org\slf4j\slf4j-api\1.7.36\slf4j-api-1.7.36.jar;C:\Users\lenovo\.m2\repository\org\springframework\spring-aspects\5.3.22\spring-aspects-5.3.22.jar;C:\Users\lenovo\.m2\repository\org\springframework\boot\spring-boot\2.7.3\spring-boot-2.7.3.jar;C:\Users\lenovo\.m2\repository\org\springframework\boot\spring-boot-autoconfigure\2.7.3\spring-boot-autoconfigure-2.7.3.jar;C:\Users\lenovo\.m2\repository\ch\qos\logback\logback-classic\1.2.11\logback-classic-1.2.11.jar;C:\Users\lenovo\.m2\repository\ch\qos\logback\logback-core\1.2.11\logback-core-1.2.11.jar;C:\Users\lenovo\.m2\repository\org\apache\logging\log4j\log4j-to-slf4j\2.17.2\log4j-to-slf4j-2.17.2.jar;C:\Users\lenovo\.m2\repository\org\apache\logging\log4j\log4j-api\2.17.2\log4j-api-2.17.2.jar;C:\Users\lenovo\.m2\repository\org\slf4j\jul-to-slf4j\1.7.36\jul-to-
Launcher Type: SUN_STANDARD

[Global flags]
     bool BytecodeVerificationLocal                = false                                     {product} {command line}
     bool BytecodeVerificationRemote               = false                                     {product} {command line}
     intx CICompilerCount                          = 3                                         {product} {ergonomic}
     uint ConcGCThreads                            = 1                                         {product} {ergonomic}
     uint G1ConcRefinementThreads                  = 4                                         {product} {ergonomic}
   size_t G1HeapRegionSize                         = 1048576                                   {product} {ergonomic}
    uintx GCDrainStackTargetSize                   = 64                                        {product} {ergonomic}
   size_t InitialHeapSize                          = 134217728                                 {product} {ergonomic}
   size_t MarkStackSize                            = 4194304                                   {product} {ergonomic}
   size_t MaxHeapSize                              = 2124414976                                {product} {ergonomic}
   size_t MinHeapDeltaBytes                        = 1048576                                   {product} {ergonomic}
    uintx NonNMethodCodeHeapSize                   = 6973028                                {pd product} {ergonomic}
    uintx NonProfiledCodeHeapSize                  = 244685212                              {pd product} {ergonomic}
    uintx ProfiledCodeHeapSize                     = 0                                      {pd product} {ergonomic}
    uintx ReservedCodeCacheSize                    = 251658240                              {pd product} {ergonomic}
     bool SegmentedCodeCache                       = true                                      {product} {ergonomic}
     intx TieredStopAtLevel                        = 1                                         {product} {command line}
     bool UseCompressedClassPointers               = true                                 {lp64_product} {ergonomic}
     bool UseCompressedOops                        = true                                 {lp64_product} {ergonomic}
     bool UseG1GC                                  = true                                      {product} {ergonomic}
     bool UseLargePagesIndividualAllocation        = false                                  {pd product} {ergonomic}

Logging:
Log output configuration:
 #0: stdout all=warning uptime,level,tags
 #1: stderr all=off uptime,level,tags

Environment Variables:
JAVA_HOME=C:\Program Files\Java\jdk-11.0.12
PATH=C:\Program Files\Common Files\Oracle\Java\javapath;C:\Windows\system32;C:\Windows;C:\Windows\System32\Wbem;C:\Windows\System32\WindowsPowerShell\v1.0\;C:\Windows\System32\OpenSSH\;C:\Program Files\nodejs\;C:\Program Files\Java\jdk-11.0.12\bin;C:\software\apache-zookeeper-3.8.0-bin\\bin;C:\Program Files\apache-maven-3.8.6\bin;C:\software\Git\cmd;C:\Program Files\MySQL\MySQL Shell 8.0\bin\;C:\Users\lenovo\AppData\Local\Microsoft\WindowsApps;C:\Users\lenovo\AppData\Roaming\npm;C:\Users\lenovo\AppData\Local\Programs\Microsoft VS Code\bin;C:\Program Files\JetBrains\IntelliJ IDEA Community Edition 2021.3.1\bin;C:\Program Files\apache-maven-3.8.6\bin;C:\Program Files\Java\jdk-11.0.12\bin;
USERNAME=lenovo
OS=Windows_NT
PROCESSOR_IDENTIFIER=Intel64 Family 6 Model 61 Stepping 4, GenuineIntel



---------------  S Y S T E M  ---------------

OS: Windows 10 , 64 bit Build 19041 (10.0.19041.1889)

CPU:total 4 (initial active 4) (2 cores per cpu, 2 threads per core) family 6 model 61 stepping 4 microcode 0x2d, cmov, cx8, fxsr, mmx, sse, sse2, sse3, ssse3, sse4.1, sse4.2, popcnt, avx, avx2, aes, clmul, erms, 3dnowpref, lzcnt, ht, tsc, tscinvbit, bmi1, bmi2, adx, fma

Memory: 4k page, system-wide physical 8097M (1176M free)
TotalPageFile size 9635M (AvailPageFile size 112M)
current process WorkingSet (physical memory assigned to process): 10M, peak: 10M
current process commit charge ("private bytes"): 49M, peak: 177M

vm_info: Java HotSpot(TM) 64-Bit Server VM (11.0.12+8-LTS-237) for windows-amd64 JRE (11.0.12+8-LTS-237), built on Jun  8 2021 11:25:59 by "mach5one" with MS VC++ 15.9 (VS2017)

END.
