#
# There is insufficient memory for the Java Runtime Environment to continue.
# Native memory allocation (malloc) failed to allocate 2176816 bytes for Chunk::new
# Possible reasons:
#   The system is out of physical RAM or swap space
#   The process is running with CompressedOops enabled, and the Java Heap may be blocking the growth of the native heap
# Possible solutions:
#   Reduce memory load on the system
#   Increase physical memory or swap space
#   Check if swap backing store is full
#   Decrease Java heap size (-Xmx/-Xms)
#   Decrease number of Java threads
#   Decrease Java thread stack sizes (-Xss)
#   Set larger code cache with -XX:ReservedCodeCacheSize=
#   JVM is running with Unscaled Compressed Oops mode in which the Java heap is
#     placed in the first 4GB address space. The Java Heap base address is the
#     maximum limit for the native heap growth. Please use -XX:HeapBaseMinAddress
#     to set the Java Heap base and to place the Java Heap above 4GB virtual address.
# This output file may be truncated or incomplete.
#
#  Out of Memory Error (./open/src/hotspot/share/memory/arena.cpp:197), pid=13436, tid=12520
#
# JRE version: Java(TM) SE Runtime Environment 18.9 (11.0.12+8) (build 11.0.12+8-LTS-237)
# Java VM: Java HotSpot(TM) 64-Bit Server VM 18.9 (11.0.12+8-LTS-237, mixed mode, tiered, compressed oops, g1 gc, windows-amd64)
# No core dump will be written. Minidumps are not enabled by default on client versions of Windows
#

---------------  S U M M A R Y ------------

Command Line: -javaagent:C:\Program Files\JetBrains\IntelliJ IDEA Community Edition 2021.3.1\lib\idea_rt.jar=64640:C:\Program Files\JetBrains\IntelliJ IDEA Community Edition 2021.3.1\bin -Dfile.encoding=UTF-8 com.sunglowsys.HotelCrudOperationApplication

Host: Intel(R) Core(TM) i5-5200U CPU @ 2.20GHz, 4 cores, 7G,  Windows 10 , 64 bit Build 19041 (10.0.19041.1889)
Time: Tue Aug 23 14:51:25 2022 India Standard Time elapsed time: 11.452153 seconds (0d 0h 0m 11s)

---------------  T H R E A D  ---------------

Current thread (0x000001929f5ab800):  JavaThread "C2 CompilerThread1" daemon [_thread_in_native, id=12520, stack(0x0000000127f00000,0x0000000128000000)]


Current CompileTask:
C2:  11452 4296       4       org.springframework.core.annotation.TypeMappedAnnotations::get (52 bytes)

Stack: [0x0000000127f00000,0x0000000128000000]
Native frames: (J=compiled Java code, j=interpreted, Vv=VM code, C=native code)
V  [jvm.dll+0x617d9a]
V  [jvm.dll+0x74eeef]
V  [jvm.dll+0x750599]
V  [jvm.dll+0x750c23]
V  [jvm.dll+0x2438d8]
V  [jvm.dll+0xba6dc]
V  [jvm.dll+0xbac9c]
V  [jvm.dll+0x346972]
V  [jvm.dll+0x3147a3]
V  [jvm.dll+0x313aea]
V  [jvm.dll+0x1fd105]
V  [jvm.dll+0x1fc2ed]
V  [jvm.dll+0x17f18c]
V  [jvm.dll+0x20b87c]
V  [jvm.dll+0x20997b]
V  [jvm.dll+0x716359]
V  [jvm.dll+0x70f064]
V  [jvm.dll+0x616f66]
C  [ucrtbase.dll+0x21bb2]
C  [KERNEL32.DLL+0x17034]
C  [ntdll.dll+0x52651]


---------------  P R O C E S S  ---------------

Threads class SMR info:
_java_thread_list=0x00000192a570eae0, length=17, elements={
0x000001923ffcf800, 0x000001925e4df000, 0x000001925e4e0000, 0x000001929ee62800,
0x000001925e4f2000, 0x000001925e4f3000, 0x000001925e4fa800, 0x000001925e4fb800,
0x000001929eeae000, 0x000001925e473000, 0x000001929f3a2000, 0x00000192a039d800,
0x00000192a262f800, 0x00000192a0473800, 0x000001929fec5000, 0x00000192a2687000,
0x000001929f5ab800
}

Java Threads: ( => current thread )
  0x000001923ffcf800 JavaThread "main" [_thread_in_vm, id=11812, stack(0x0000000126d00000,0x0000000126e00000)]
  0x000001925e4df000 JavaThread "Reference Handler" daemon [_thread_blocked, id=13180, stack(0x0000000127400000,0x0000000127500000)]
  0x000001925e4e0000 JavaThread "Finalizer" daemon [_thread_blocked, id=11852, stack(0x0000000127500000,0x0000000127600000)]
  0x000001929ee62800 JavaThread "Signal Dispatcher" daemon [_thread_blocked, id=5180, stack(0x0000000127600000,0x0000000127700000)]
  0x000001925e4f2000 JavaThread "Attach Listener" daemon [_thread_blocked, id=8972, stack(0x0000000127700000,0x0000000127800000)]
  0x000001925e4f3000 JavaThread "Service Thread" daemon [_thread_blocked, id=12780, stack(0x0000000127800000,0x0000000127900000)]
  0x000001925e4fa800 JavaThread "C2 CompilerThread0" daemon [_thread_in_native, id=5220, stack(0x0000000127900000,0x0000000127a00000)]
  0x000001925e4fb800 JavaThread "C1 CompilerThread0" daemon [_thread_blocked, id=8568, stack(0x0000000127a00000,0x0000000127b00000)]
  0x000001929eeae000 JavaThread "Sweeper thread" daemon [_thread_blocked, id=5296, stack(0x0000000127b00000,0x0000000127c00000)]
  0x000001925e473000 JavaThread "Common-Cleaner" daemon [_thread_blocked, id=1904, stack(0x0000000127c00000,0x0000000127d00000)]
  0x000001929f3a2000 JavaThread "Monitor Ctrl-Break" daemon [_thread_in_native, id=9792, stack(0x0000000127d00000,0x0000000127e00000)]
  0x00000192a039d800 JavaThread "Catalina-utility-1" [_thread_blocked, id=3384, stack(0x0000000128300000,0x0000000128400000)]
  0x00000192a262f800 JavaThread "Catalina-utility-2" [_thread_blocked, id=9908, stack(0x0000000128500000,0x0000000128600000)]
  0x00000192a0473800 JavaThread "container-0" [_thread_blocked, id=696, stack(0x0000000128600000,0x0000000128700000)]
  0x000001929fec5000 JavaThread "HikariPool-1 housekeeper" daemon [_thread_blocked, id=1212, stack(0x0000000128800000,0x0000000128900000)]
  0x00000192a2687000 JavaThread "HikariPool-1 connection adder" daemon [_thread_blocked, id=10820, stack(0x0000000128900000,0x0000000128a00000)]
=>0x000001929f5ab800 JavaThread "C2 CompilerThread1" daemon [_thread_in_native, id=12520, stack(0x0000000127f00000,0x0000000128000000)]

Other Threads:
  0x000001925e4ba800 VMThread "VM Thread" [stack: 0x0000000127300000,0x0000000127400000] [id=5140]
  0x000001929f0a8000 WatcherThread [stack: 0x0000000127e00000,0x0000000127f00000] [id=1980]
  0x000001923ffe6000 GCTaskThread "GC Thread#0" [stack: 0x0000000126e00000,0x0000000126f00000] [id=6076]
  0x000001929f4c2000 GCTaskThread "GC Thread#1" [stack: 0x0000000128000000,0x0000000128100000] [id=11108]
  0x000001929f5f2800 GCTaskThread "GC Thread#2" [stack: 0x0000000128100000,0x0000000128200000] [id=14328]
  0x000001929fd34800 GCTaskThread "GC Thread#3" [stack: 0x0000000128400000,0x0000000128500000] [id=10676]
  0x0000019240018800 ConcurrentGCThread "G1 Main Marker" [stack: 0x0000000126f00000,0x0000000127000000] [id=1720]
  0x000001924001b000 ConcurrentGCThread "G1 Conc#0" [stack: 0x0000000127000000,0x0000000127100000] [id=9684]
  0x00000192400ac000 ConcurrentGCThread "G1 Refine#0" [stack: 0x0000000127100000,0x0000000127200000] [id=9564]
  0x000001929f6b0000 ConcurrentGCThread "G1 Refine#1" [stack: 0x0000000128200000,0x0000000128300000] [id=12392]
  0x00000192400ad000 ConcurrentGCThread "G1 Young RemSet Sampling" [stack: 0x0000000127200000,0x0000000127300000] [id=2456]

Threads with active compile tasks:
C2 CompilerThread0  11498 4280   !   4       org.springframework.core.annotation.AnnotationsScanner::processMethodHierarchy (276 bytes)
C2 CompilerThread1  11499 4296       4       org.springframework.core.annotation.TypeMappedAnnotations::get (52 bytes)

VM state:not at safepoint (normal execution)

VM Mutex/Monitor currently owned by a thread: None

Heap address: 0x0000000081600000, size: 2026 MB, Compressed Oops mode: 32-bit
Narrow klass base: 0x000001925e520000, Narrow klass shift: 0
Compressed class space size: 1073741824 Address: 0x000001925e520000

Heap:
 garbage-first heap   total 189440K, used 72407K [0x0000000081600000, 0x0000000100000000)
  region size 1024K, 59 young (60416K), 8 survivors (8192K)
 Metaspace       used 63047K, capacity 64690K, committed 64896K, reserved 1107968K
  class space    used 8185K, capacity 8829K, committed 8832K, reserved 1048576K
Heap Regions: E=young(eden), S=young(survivor), O=old, HS=humongous(starts), HC=humongous(continues), CS=collection set, F=free, A=archive, TAMS=top-at-mark-start (previous, next)
|   0|0x0000000081600000, 0x0000000081700000, 0x0000000081700000|100%|HS|  |TAMS 0x0000000081700000, 0x0000000081600000| Complete 
|   1|0x0000000081700000, 0x0000000081800000, 0x0000000081800000|100%| O|  |TAMS 0x0000000081800000, 0x0000000081700000| Untracked 
|   2|0x0000000081800000, 0x0000000081900000, 0x0000000081900000|100%| O|  |TAMS 0x0000000081900000, 0x0000000081800000| Untracked 
|   3|0x0000000081900000, 0x0000000081a00000, 0x0000000081a00000|100%| O|  |TAMS 0x0000000081a00000, 0x0000000081900000| Untracked 
|   4|0x0000000081a00000, 0x0000000081b00000, 0x0000000081b00000|100%| O|  |TAMS 0x0000000081b00000, 0x0000000081a00000| Untracked 
|   5|0x0000000081b00000, 0x0000000081c00000, 0x0000000081c00000|100%| O|  |TAMS 0x0000000081c00000, 0x0000000081b00000| Untracked 
|   6|0x0000000081c00000, 0x0000000081d00000, 0x0000000081d00000|100%| O|  |TAMS 0x0000000081d00000, 0x0000000081c00000| Untracked 
|   7|0x0000000081d00000, 0x0000000081e00000, 0x0000000081e00000|100%| O|  |TAMS 0x0000000081e00000, 0x0000000081d00000| Untracked 
|   8|0x0000000081e00000, 0x0000000081f00000, 0x0000000081f00000|100%| O|  |TAMS 0x0000000081f00000, 0x0000000081e00000| Untracked 
|   9|0x0000000081f00000, 0x0000000082000000, 0x0000000082000000|100%| O|  |TAMS 0x0000000082000000, 0x0000000081f00000| Untracked 
|  10|0x0000000082000000, 0x0000000082100000, 0x0000000082100000|100%| O|  |TAMS 0x0000000082100000, 0x0000000082000000| Untracked 
|  11|0x0000000082100000, 0x0000000082200000, 0x0000000082200000|100%| O|  |TAMS 0x0000000082200000, 0x0000000082100000| Untracked 
|  12|0x0000000082200000, 0x0000000082300000, 0x0000000082300000|100%| O|  |TAMS 0x0000000082300000, 0x0000000082200000| Untracked 
|  13|0x0000000082300000, 0x0000000082352a00, 0x0000000082400000| 32%| O|  |TAMS 0x0000000082352a00, 0x0000000082300000| Untracked 
|  14|0x0000000082400000, 0x0000000082400000, 0x0000000082500000|  0%| F|  |TAMS 0x0000000082400000, 0x0000000082400000| Untracked 
|  15|0x0000000082500000, 0x0000000082500000, 0x0000000082600000|  0%| F|  |TAMS 0x0000000082500000, 0x0000000082500000| Untracked 
|  16|0x0000000082600000, 0x0000000082600000, 0x0000000082700000|  0%| F|  |TAMS 0x0000000082600000, 0x0000000082600000| Untracked 
|  17|0x0000000082700000, 0x0000000082700000, 0x0000000082800000|  0%| F|  |TAMS 0x0000000082700000, 0x0000000082700000| Untracked 
|  18|0x0000000082800000, 0x0000000082800000, 0x0000000082900000|  0%| F|  |TAMS 0x0000000082800000, 0x0000000082800000| Untracked 
|  19|0x0000000082900000, 0x0000000082900000, 0x0000000082a00000|  0%| F|  |TAMS 0x0000000082900000, 0x0000000082900000| Untracked 
|  20|0x0000000082a00000, 0x0000000082a00000, 0x0000000082b00000|  0%| F|  |TAMS 0x0000000082a00000, 0x0000000082a00000| Untracked 
|  21|0x0000000082b00000, 0x0000000082b00000, 0x0000000082c00000|  0%| F|  |TAMS 0x0000000082b00000, 0x0000000082b00000| Untracked 
|  22|0x0000000082c00000, 0x0000000082c00000, 0x0000000082d00000|  0%| F|  |TAMS 0x0000000082c00000, 0x0000000082c00000| Untracked 
|  23|0x0000000082d00000, 0x0000000082d00000, 0x0000000082e00000|  0%| F|  |TAMS 0x0000000082d00000, 0x0000000082d00000| Untracked 
|  24|0x0000000082e00000, 0x0000000082e00000, 0x0000000082f00000|  0%| F|  |TAMS 0x0000000082e00000, 0x0000000082e00000| Untracked 
|  25|0x0000000082f00000, 0x0000000082f00000, 0x0000000083000000|  0%| F|  |TAMS 0x0000000082f00000, 0x0000000082f00000| Untracked 
|  26|0x0000000083000000, 0x0000000083000000, 0x0000000083100000|  0%| F|  |TAMS 0x0000000083000000, 0x0000000083000000| Untracked 
|  27|0x0000000083100000, 0x0000000083100000, 0x0000000083200000|  0%| F|  |TAMS 0x0000000083100000, 0x0000000083100000| Untracked 
|  28|0x0000000083200000, 0x0000000083200000, 0x0000000083300000|  0%| F|  |TAMS 0x0000000083200000, 0x0000000083200000| Untracked 
|  29|0x0000000083300000, 0x0000000083300000, 0x0000000083400000|  0%| F|  |TAMS 0x0000000083300000, 0x0000000083300000| Untracked 
|  30|0x0000000083400000, 0x0000000083400000, 0x0000000083500000|  0%| F|  |TAMS 0x0000000083400000, 0x0000000083400000| Untracked 
|  31|0x0000000083500000, 0x0000000083500000, 0x0000000083600000|  0%| F|  |TAMS 0x0000000083500000, 0x0000000083500000| Untracked 
|  32|0x0000000083600000, 0x0000000083600000, 0x0000000083700000|  0%| F|  |TAMS 0x0000000083600000, 0x0000000083600000| Untracked 
|  33|0x0000000083700000, 0x0000000083700000, 0x0000000083800000|  0%| F|  |TAMS 0x0000000083700000, 0x0000000083700000| Untracked 
|  34|0x0000000083800000, 0x0000000083800000, 0x0000000083900000|  0%| F|  |TAMS 0x0000000083800000, 0x0000000083800000| Untracked 
|  35|0x0000000083900000, 0x0000000083900000, 0x0000000083a00000|  0%| F|  |TAMS 0x0000000083900000, 0x0000000083900000| Untracked 
|  36|0x0000000083a00000, 0x0000000083a00000, 0x0000000083b00000|  0%| F|  |TAMS 0x0000000083a00000, 0x0000000083a00000| Untracked 
|  37|0x0000000083b00000, 0x0000000083b00000, 0x0000000083c00000|  0%| F|  |TAMS 0x0000000083b00000, 0x0000000083b00000| Untracked 
|  38|0x0000000083c00000, 0x0000000083c00000, 0x0000000083d00000|  0%| F|  |TAMS 0x0000000083c00000, 0x0000000083c00000| Untracked 
|  39|0x0000000083d00000, 0x0000000083d00000, 0x0000000083e00000|  0%| F|  |TAMS 0x0000000083d00000, 0x0000000083d00000| Untracked 
|  40|0x0000000083e00000, 0x0000000083e00000, 0x0000000083f00000|  0%| F|  |TAMS 0x0000000083e00000, 0x0000000083e00000| Untracked 
|  41|0x0000000083f00000, 0x0000000083f00000, 0x0000000084000000|  0%| F|  |TAMS 0x0000000083f00000, 0x0000000083f00000| Untracked 
|  42|0x0000000084000000, 0x0000000084000000, 0x0000000084100000|  0%| F|  |TAMS 0x0000000084000000, 0x0000000084000000| Untracked 
|  43|0x0000000084100000, 0x0000000084100000, 0x0000000084200000|  0%| F|  |TAMS 0x0000000084100000, 0x0000000084100000| Untracked 
|  44|0x0000000084200000, 0x0000000084200000, 0x0000000084300000|  0%| F|  |TAMS 0x0000000084200000, 0x0000000084200000| Untracked 
|  45|0x0000000084300000, 0x0000000084300000, 0x0000000084400000|  0%| F|  |TAMS 0x0000000084300000, 0x0000000084300000| Untracked 
|  46|0x0000000084400000, 0x0000000084400000, 0x0000000084500000|  0%| F|  |TAMS 0x0000000084400000, 0x0000000084400000| Untracked 
|  47|0x0000000084500000, 0x0000000084500000, 0x0000000084600000|  0%| F|  |TAMS 0x0000000084500000, 0x0000000084500000| Untracked 
|  48|0x0000000084600000, 0x0000000084600000, 0x0000000084700000|  0%| F|  |TAMS 0x0000000084600000, 0x0000000084600000| Untracked 
|  49|0x0000000084700000, 0x0000000084700000, 0x0000000084800000|  0%| F|  |TAMS 0x0000000084700000, 0x0000000084700000| Untracked 
|  50|0x0000000084800000, 0x0000000084800000, 0x0000000084900000|  0%| F|  |TAMS 0x0000000084800000, 0x0000000084800000| Untracked 
|  51|0x0000000084900000, 0x0000000084900000, 0x0000000084a00000|  0%| F|  |TAMS 0x0000000084900000, 0x0000000084900000| Untracked 
|  52|0x0000000084a00000, 0x0000000084a00000, 0x0000000084b00000|  0%| F|  |TAMS 0x0000000084a00000, 0x0000000084a00000| Untracked 
|  53|0x0000000084b00000, 0x0000000084b00000, 0x0000000084c00000|  0%| F|  |TAMS 0x0000000084b00000, 0x0000000084b00000| Untracked 
|  54|0x0000000084c00000, 0x0000000084c00000, 0x0000000084d00000|  0%| F|  |TAMS 0x0000000084c00000, 0x0000000084c00000| Untracked 
|  55|0x0000000084d00000, 0x0000000084d00000, 0x0000000084e00000|  0%| F|  |TAMS 0x0000000084d00000, 0x0000000084d00000| Untracked 
|  56|0x0000000084e00000, 0x0000000084e00000, 0x0000000084f00000|  0%| F|  |TAMS 0x0000000084e00000, 0x0000000084e00000| Untracked 
|  57|0x0000000084f00000, 0x0000000084f00000, 0x0000000085000000|  0%| F|  |TAMS 0x0000000084f00000, 0x0000000084f00000| Untracked 
|  58|0x0000000085000000, 0x0000000085000000, 0x0000000085100000|  0%| F|  |TAMS 0x0000000085000000, 0x0000000085000000| Untracked 
|  59|0x0000000085100000, 0x0000000085100000, 0x0000000085200000|  0%| F|  |TAMS 0x0000000085100000, 0x0000000085100000| Untracked 
|  60|0x0000000085200000, 0x0000000085200000, 0x0000000085300000|  0%| F|  |TAMS 0x0000000085200000, 0x0000000085200000| Untracked 
|  61|0x0000000085300000, 0x0000000085300000, 0x0000000085400000|  0%| F|  |TAMS 0x0000000085300000, 0x0000000085300000| Untracked 
|  62|0x0000000085400000, 0x0000000085400000, 0x0000000085500000|  0%| F|  |TAMS 0x0000000085400000, 0x0000000085400000| Untracked 
|  63|0x0000000085500000, 0x0000000085500000, 0x0000000085600000|  0%| F|  |TAMS 0x0000000085500000, 0x0000000085500000| Untracked 
|  64|0x0000000085600000, 0x0000000085600000, 0x0000000085700000|  0%| F|  |TAMS 0x0000000085600000, 0x0000000085600000| Untracked 
|  65|0x0000000085700000, 0x0000000085700000, 0x0000000085800000|  0%| F|  |TAMS 0x0000000085700000, 0x0000000085700000| Untracked 
|  66|0x0000000085800000, 0x0000000085800000, 0x0000000085900000|  0%| F|  |TAMS 0x0000000085800000, 0x0000000085800000| Untracked 
|  67|0x0000000085900000, 0x0000000085900000, 0x0000000085a00000|  0%| F|  |TAMS 0x0000000085900000, 0x0000000085900000| Untracked 
|  68|0x0000000085a00000, 0x0000000085a00000, 0x0000000085b00000|  0%| F|  |TAMS 0x0000000085a00000, 0x0000000085a00000| Untracked 
|  69|0x0000000085b00000, 0x0000000085b00000, 0x0000000085c00000|  0%| F|  |TAMS 0x0000000085b00000, 0x0000000085b00000| Untracked 
|  70|0x0000000085c00000, 0x0000000085c00000, 0x0000000085d00000|  0%| F|  |TAMS 0x0000000085c00000, 0x0000000085c00000| Untracked 
|  71|0x0000000085d00000, 0x0000000085d00000, 0x0000000085e00000|  0%| F|  |TAMS 0x0000000085d00000, 0x0000000085d00000| Untracked 
|  72|0x0000000085e00000, 0x0000000085e00000, 0x0000000085f00000|  0%| F|  |TAMS 0x0000000085e00000, 0x0000000085e00000| Untracked 
|  73|0x0000000085f00000, 0x0000000085f00000, 0x0000000086000000|  0%| F|  |TAMS 0x0000000085f00000, 0x0000000085f00000| Untracked 
|  74|0x0000000086000000, 0x0000000086000000, 0x0000000086100000|  0%| F|  |TAMS 0x0000000086000000, 0x0000000086000000| Untracked 
|  75|0x0000000086100000, 0x0000000086100000, 0x0000000086200000|  0%| F|  |TAMS 0x0000000086100000, 0x0000000086100000| Untracked 
|  76|0x0000000086200000, 0x0000000086200000, 0x0000000086300000|  0%| F|  |TAMS 0x0000000086200000, 0x0000000086200000| Untracked 
|  77|0x0000000086300000, 0x0000000086300000, 0x0000000086400000|  0%| F|  |TAMS 0x0000000086300000, 0x0000000086300000| Untracked 
|  78|0x0000000086400000, 0x0000000086400000, 0x0000000086500000|  0%| F|  |TAMS 0x0000000086400000, 0x0000000086400000| Untracked 
|  79|0x0000000086500000, 0x0000000086500000, 0x0000000086600000|  0%| F|  |TAMS 0x0000000086500000, 0x0000000086500000| Untracked 
|  80|0x0000000086600000, 0x0000000086600000, 0x0000000086700000|  0%| F|  |TAMS 0x0000000086600000, 0x0000000086600000| Untracked 
|  81|0x0000000086700000, 0x0000000086700000, 0x0000000086800000|  0%| F|  |TAMS 0x0000000086700000, 0x0000000086700000| Untracked 
|  82|0x0000000086800000, 0x0000000086800000, 0x0000000086900000|  0%| F|  |TAMS 0x0000000086800000, 0x0000000086800000| Untracked 
|  83|0x0000000086900000, 0x0000000086900000, 0x0000000086a00000|  0%| F|  |TAMS 0x0000000086900000, 0x0000000086900000| Untracked 
|  84|0x0000000086a00000, 0x0000000086a00000, 0x0000000086b00000|  0%| F|  |TAMS 0x0000000086a00000, 0x0000000086a00000| Untracked 
|  85|0x0000000086b00000, 0x0000000086b00000, 0x0000000086c00000|  0%| F|  |TAMS 0x0000000086b00000, 0x0000000086b00000| Untracked 
|  86|0x0000000086c00000, 0x0000000086c00000, 0x0000000086d00000|  0%| F|  |TAMS 0x0000000086c00000, 0x0000000086c00000| Untracked 
|  87|0x0000000086d00000, 0x0000000086d00000, 0x0000000086e00000|  0%| F|  |TAMS 0x0000000086d00000, 0x0000000086d00000| Untracked 
|  88|0x0000000086e00000, 0x0000000086e00000, 0x0000000086f00000|  0%| F|  |TAMS 0x0000000086e00000, 0x0000000086e00000| Untracked 
|  89|0x0000000086f00000, 0x0000000086f00000, 0x0000000087000000|  0%| F|  |TAMS 0x0000000086f00000, 0x0000000086f00000| Untracked 
|  90|0x0000000087000000, 0x0000000087000000, 0x0000000087100000|  0%| F|  |TAMS 0x0000000087000000, 0x0000000087000000| Untracked 
|  91|0x0000000087100000, 0x0000000087100000, 0x0000000087200000|  0%| F|  |TAMS 0x0000000087100000, 0x0000000087100000| Untracked 
|  92|0x0000000087200000, 0x0000000087200000, 0x0000000087300000|  0%| F|  |TAMS 0x0000000087200000, 0x0000000087200000| Untracked 
|  93|0x0000000087300000, 0x0000000087300000, 0x0000000087400000|  0%| F|  |TAMS 0x0000000087300000, 0x0000000087300000| Untracked 
|  94|0x0000000087400000, 0x0000000087400000, 0x0000000087500000|  0%| F|  |TAMS 0x0000000087400000, 0x0000000087400000| Untracked 
|  95|0x0000000087500000, 0x0000000087500000, 0x0000000087600000|  0%| F|  |TAMS 0x0000000087500000, 0x0000000087500000| Untracked 
|  96|0x0000000087600000, 0x0000000087600000, 0x0000000087700000|  0%| F|  |TAMS 0x0000000087600000, 0x0000000087600000| Untracked 
|  97|0x0000000087700000, 0x0000000087700000, 0x0000000087800000|  0%| F|  |TAMS 0x0000000087700000, 0x0000000087700000| Untracked 
|  98|0x0000000087800000, 0x0000000087800000, 0x0000000087900000|  0%| F|  |TAMS 0x0000000087800000, 0x0000000087800000| Untracked 
|  99|0x0000000087900000, 0x0000000087900000, 0x0000000087a00000|  0%| F|  |TAMS 0x0000000087900000, 0x0000000087900000| Untracked 
| 100|0x0000000087a00000, 0x0000000087a00000, 0x0000000087b00000|  0%| F|  |TAMS 0x0000000087a00000, 0x0000000087a00000| Untracked 
| 101|0x0000000087b00000, 0x0000000087b00000, 0x0000000087c00000|  0%| F|  |TAMS 0x0000000087b00000, 0x0000000087b00000| Untracked 
| 102|0x0000000087c00000, 0x0000000087c00000, 0x0000000087d00000|  0%| F|  |TAMS 0x0000000087c00000, 0x0000000087c00000| Untracked 
| 103|0x0000000087d00000, 0x0000000087d00000, 0x0000000087e00000|  0%| F|  |TAMS 0x0000000087d00000, 0x0000000087d00000| Untracked 
| 104|0x0000000087e00000, 0x0000000087e00000, 0x0000000087f00000|  0%| F|  |TAMS 0x0000000087e00000, 0x0000000087e00000| Untracked 
| 105|0x0000000087f00000, 0x0000000087f00000, 0x0000000088000000|  0%| F|  |TAMS 0x0000000087f00000, 0x0000000087f00000| Untracked 
| 106|0x0000000088000000, 0x0000000088000000, 0x0000000088100000|  0%| F|  |TAMS 0x0000000088000000, 0x0000000088000000| Untracked 
| 107|0x0000000088100000, 0x0000000088100000, 0x0000000088200000|  0%| F|  |TAMS 0x0000000088100000, 0x0000000088100000| Untracked 
| 108|0x0000000088200000, 0x0000000088200000, 0x0000000088300000|  0%| F|  |TAMS 0x0000000088200000, 0x0000000088200000| Untracked 
| 109|0x0000000088300000, 0x0000000088300000, 0x0000000088400000|  0%| F|  |TAMS 0x0000000088300000, 0x0000000088300000| Untracked 
| 110|0x0000000088400000, 0x0000000088400000, 0x0000000088500000|  0%| F|  |TAMS 0x0000000088400000, 0x0000000088400000| Untracked 
| 111|0x0000000088500000, 0x0000000088500000, 0x0000000088600000|  0%| F|  |TAMS 0x0000000088500000, 0x0000000088500000| Untracked 
| 112|0x0000000088600000, 0x0000000088600000, 0x0000000088700000|  0%| F|  |TAMS 0x0000000088600000, 0x0000000088600000| Untracked 
| 113|0x0000000088700000, 0x0000000088763480, 0x0000000088800000| 38%| S|CS|TAMS 0x0000000088700000, 0x0000000088700000| Complete 
| 114|0x0000000088800000, 0x0000000088900000, 0x0000000088900000|100%| S|CS|TAMS 0x0000000088800000, 0x0000000088800000| Complete 
| 115|0x0000000088900000, 0x0000000088a00000, 0x0000000088a00000|100%| S|CS|TAMS 0x0000000088900000, 0x0000000088900000| Complete 
| 116|0x0000000088a00000, 0x0000000088b00000, 0x0000000088b00000|100%| S|CS|TAMS 0x0000000088a00000, 0x0000000088a00000| Complete 
| 117|0x0000000088b00000, 0x0000000088c00000, 0x0000000088c00000|100%| S|CS|TAMS 0x0000000088b00000, 0x0000000088b00000| Complete 
| 118|0x0000000088c00000, 0x0000000088d00000, 0x0000000088d00000|100%| S|CS|TAMS 0x0000000088c00000, 0x0000000088c00000| Complete 
| 119|0x0000000088d00000, 0x0000000088e00000, 0x0000000088e00000|100%| S|CS|TAMS 0x0000000088d00000, 0x0000000088d00000| Complete 
| 120|0x0000000088e00000, 0x0000000088f00000, 0x0000000088f00000|100%| S|CS|TAMS 0x0000000088e00000, 0x0000000088e00000| Complete 
| 121|0x0000000088f00000, 0x0000000088f00000, 0x0000000089000000|  0%| F|  |TAMS 0x0000000088f00000, 0x0000000088f00000| Untracked 
| 122|0x0000000089000000, 0x0000000089000000, 0x0000000089100000|  0%| F|  |TAMS 0x0000000089000000, 0x0000000089000000| Untracked 
| 123|0x0000000089100000, 0x0000000089100000, 0x0000000089200000|  0%| F|  |TAMS 0x0000000089100000, 0x0000000089100000| Untracked 
| 124|0x0000000089200000, 0x0000000089200000, 0x0000000089300000|  0%| F|  |TAMS 0x0000000089200000, 0x0000000089200000| Untracked 
| 125|0x0000000089300000, 0x0000000089300000, 0x0000000089400000|  0%| F|  |TAMS 0x0000000089300000, 0x0000000089300000| Untracked 
| 126|0x0000000089400000, 0x0000000089400000, 0x0000000089500000|  0%| F|  |TAMS 0x0000000089400000, 0x0000000089400000| Untracked 
| 127|0x0000000089500000, 0x0000000089500000, 0x0000000089600000|  0%| F|  |TAMS 0x0000000089500000, 0x0000000089500000| Untracked 
| 128|0x0000000089600000, 0x0000000089600000, 0x0000000089700000|  0%| F|  |TAMS 0x0000000089600000, 0x0000000089600000| Untracked 
| 129|0x0000000089700000, 0x0000000089700000, 0x0000000089800000|  0%| F|  |TAMS 0x0000000089700000, 0x0000000089700000| Untracked 
| 130|0x0000000089800000, 0x0000000089800000, 0x0000000089900000|  0%| F|  |TAMS 0x0000000089800000, 0x0000000089800000| Untracked 
| 131|0x0000000089900000, 0x0000000089900000, 0x0000000089a00000|  0%| F|  |TAMS 0x0000000089900000, 0x0000000089900000| Untracked 
| 132|0x0000000089a00000, 0x0000000089a00000, 0x0000000089b00000|  0%| F|  |TAMS 0x0000000089a00000, 0x0000000089a00000| Untracked 
| 133|0x0000000089b00000, 0x0000000089b00000, 0x0000000089c00000|  0%| F|  |TAMS 0x0000000089b00000, 0x0000000089b00000| Untracked 
| 134|0x0000000089c00000, 0x0000000089d00000, 0x0000000089d00000|100%| E|  |TAMS 0x0000000089c00000, 0x0000000089c00000| Complete 
| 135|0x0000000089d00000, 0x0000000089e00000, 0x0000000089e00000|100%| E|CS|TAMS 0x0000000089d00000, 0x0000000089d00000| Complete 
| 136|0x0000000089e00000, 0x0000000089f00000, 0x0000000089f00000|100%| E|CS|TAMS 0x0000000089e00000, 0x0000000089e00000| Complete 
| 137|0x0000000089f00000, 0x000000008a000000, 0x000000008a000000|100%| E|CS|TAMS 0x0000000089f00000, 0x0000000089f00000| Complete 
| 138|0x000000008a000000, 0x000000008a100000, 0x000000008a100000|100%| E|CS|TAMS 0x000000008a000000, 0x000000008a000000| Complete 
| 139|0x000000008a100000, 0x000000008a200000, 0x000000008a200000|100%| E|CS|TAMS 0x000000008a100000, 0x000000008a100000| Complete 
| 140|0x000000008a200000, 0x000000008a300000, 0x000000008a300000|100%| E|CS|TAMS 0x000000008a200000, 0x000000008a200000| Complete 
| 141|0x000000008a300000, 0x000000008a400000, 0x000000008a400000|100%| E|CS|TAMS 0x000000008a300000, 0x000000008a300000| Complete 
| 142|0x000000008a400000, 0x000000008a500000, 0x000000008a500000|100%| E|CS|TAMS 0x000000008a400000, 0x000000008a400000| Complete 
| 143|0x000000008a500000, 0x000000008a600000, 0x000000008a600000|100%| E|CS|TAMS 0x000000008a500000, 0x000000008a500000| Complete 
| 144|0x000000008a600000, 0x000000008a700000, 0x000000008a700000|100%| E|CS|TAMS 0x000000008a600000, 0x000000008a600000| Complete 
| 145|0x000000008a700000, 0x000000008a800000, 0x000000008a800000|100%| E|CS|TAMS 0x000000008a700000, 0x000000008a700000| Complete 
| 146|0x000000008a800000, 0x000000008a900000, 0x000000008a900000|100%| E|CS|TAMS 0x000000008a800000, 0x000000008a800000| Complete 
| 147|0x000000008a900000, 0x000000008aa00000, 0x000000008aa00000|100%| E|CS|TAMS 0x000000008a900000, 0x000000008a900000| Complete 
| 148|0x000000008aa00000, 0x000000008ab00000, 0x000000008ab00000|100%| E|CS|TAMS 0x000000008aa00000, 0x000000008aa00000| Complete 
| 149|0x000000008ab00000, 0x000000008ac00000, 0x000000008ac00000|100%| E|CS|TAMS 0x000000008ab00000, 0x000000008ab00000| Complete 
| 150|0x000000008ac00000, 0x000000008ad00000, 0x000000008ad00000|100%| E|CS|TAMS 0x000000008ac00000, 0x000000008ac00000| Complete 
| 151|0x000000008ad00000, 0x000000008ae00000, 0x000000008ae00000|100%| E|CS|TAMS 0x000000008ad00000, 0x000000008ad00000| Complete 
| 152|0x000000008ae00000, 0x000000008af00000, 0x000000008af00000|100%| E|CS|TAMS 0x000000008ae00000, 0x000000008ae00000| Complete 
| 153|0x000000008af00000, 0x000000008b000000, 0x000000008b000000|100%| E|CS|TAMS 0x000000008af00000, 0x000000008af00000| Complete 
| 154|0x000000008b000000, 0x000000008b100000, 0x000000008b100000|100%| E|CS|TAMS 0x000000008b000000, 0x000000008b000000| Complete 
| 155|0x000000008b100000, 0x000000008b200000, 0x000000008b200000|100%| E|CS|TAMS 0x000000008b100000, 0x000000008b100000| Complete 
| 156|0x000000008b200000, 0x000000008b300000, 0x000000008b300000|100%| E|CS|TAMS 0x000000008b200000, 0x000000008b200000| Complete 
| 157|0x000000008b300000, 0x000000008b400000, 0x000000008b400000|100%| E|CS|TAMS 0x000000008b300000, 0x000000008b300000| Complete 
| 158|0x000000008b400000, 0x000000008b500000, 0x000000008b500000|100%| E|CS|TAMS 0x000000008b400000, 0x000000008b400000| Complete 
| 159|0x000000008b500000, 0x000000008b600000, 0x000000008b600000|100%| E|CS|TAMS 0x000000008b500000, 0x000000008b500000| Complete 
| 160|0x000000008b600000, 0x000000008b700000, 0x000000008b700000|100%| E|CS|TAMS 0x000000008b600000, 0x000000008b600000| Complete 
| 161|0x000000008b700000, 0x000000008b800000, 0x000000008b800000|100%| E|CS|TAMS 0x000000008b700000, 0x000000008b700000| Complete 
| 162|0x000000008b800000, 0x000000008b900000, 0x000000008b900000|100%| E|CS|TAMS 0x000000008b800000, 0x000000008b800000| Complete 
| 163|0x000000008b900000, 0x000000008ba00000, 0x000000008ba00000|100%| E|CS|TAMS 0x000000008b900000, 0x000000008b900000| Complete 
| 164|0x000000008ba00000, 0x000000008bb00000, 0x000000008bb00000|100%| E|CS|TAMS 0x000000008ba00000, 0x000000008ba00000| Complete 
| 165|0x000000008bb00000, 0x000000008bc00000, 0x000000008bc00000|100%| E|CS|TAMS 0x000000008bb00000, 0x000000008bb00000| Complete 
| 166|0x000000008bc00000, 0x000000008bd00000, 0x000000008bd00000|100%| E|CS|TAMS 0x000000008bc00000, 0x000000008bc00000| Complete 
| 167|0x000000008bd00000, 0x000000008be00000, 0x000000008be00000|100%| E|CS|TAMS 0x000000008bd00000, 0x000000008bd00000| Complete 
| 168|0x000000008be00000, 0x000000008bf00000, 0x000000008bf00000|100%| E|CS|TAMS 0x000000008be00000, 0x000000008be00000| Complete 
| 169|0x000000008bf00000, 0x000000008c000000, 0x000000008c000000|100%| E|CS|TAMS 0x000000008bf00000, 0x000000008bf00000| Complete 
| 170|0x000000008c000000, 0x000000008c100000, 0x000000008c100000|100%| E|CS|TAMS 0x000000008c000000, 0x000000008c000000| Complete 
| 171|0x000000008c100000, 0x000000008c200000, 0x000000008c200000|100%| E|CS|TAMS 0x000000008c100000, 0x000000008c100000| Complete 
| 172|0x000000008c200000, 0x000000008c300000, 0x000000008c300000|100%| E|CS|TAMS 0x000000008c200000, 0x000000008c200000| Complete 
| 173|0x000000008c300000, 0x000000008c400000, 0x000000008c400000|100%| E|CS|TAMS 0x000000008c300000, 0x000000008c300000| Complete 
| 174|0x000000008c400000, 0x000000008c500000, 0x000000008c500000|100%| E|CS|TAMS 0x000000008c400000, 0x000000008c400000| Complete 
| 175|0x000000008c500000, 0x000000008c600000, 0x000000008c600000|100%| E|CS|TAMS 0x000000008c500000, 0x000000008c500000| Complete 
| 176|0x000000008c600000, 0x000000008c700000, 0x000000008c700000|100%| E|CS|TAMS 0x000000008c600000, 0x000000008c600000| Complete 
| 177|0x000000008c700000, 0x000000008c800000, 0x000000008c800000|100%| E|CS|TAMS 0x000000008c700000, 0x000000008c700000| Complete 
| 178|0x000000008c800000, 0x000000008c900000, 0x000000008c900000|100%| E|CS|TAMS 0x000000008c800000, 0x000000008c800000| Complete 
| 179|0x000000008c900000, 0x000000008ca00000, 0x000000008ca00000|100%| E|CS|TAMS 0x000000008c900000, 0x000000008c900000| Complete 
| 180|0x000000008ca00000, 0x000000008cb00000, 0x000000008cb00000|100%| E|CS|TAMS 0x000000008ca00000, 0x000000008ca00000| Complete 
| 181|0x000000008cb00000, 0x000000008cc00000, 0x000000008cc00000|100%| E|CS|TAMS 0x000000008cb00000, 0x000000008cb00000| Complete 
| 182|0x000000008cc00000, 0x000000008cd00000, 0x000000008cd00000|100%| E|CS|TAMS 0x000000008cc00000, 0x000000008cc00000| Complete 
| 183|0x000000008cd00000, 0x000000008ce00000, 0x000000008ce00000|100%| E|CS|TAMS 0x000000008cd00000, 0x000000008cd00000| Complete 
| 184|0x000000008ce00000, 0x000000008cf00000, 0x000000008cf00000|100%| E|CS|TAMS 0x000000008ce00000, 0x000000008ce00000| Complete 

Card table byte_map: [0x0000019257890000,0x0000019257c90000] _byte_map_base: 0x0000019257485000

Marking Bits (Prev, Next): (CMBitMap*) 0x000001924000fb60, (CMBitMap*) 0x000001924000fb28
 Prev Bits: [0x000001925a040000, 0x000001925bfe8000)
 Next Bits: [0x0000019258090000, 0x000001925a038000)

Polling page: 0x000001923f7b0000

Metaspace:

Usage:
  Non-class:     54.56 MB capacity,    53.58 MB ( 98%) used,   792.74 KB (  1%) free+waste,   204.75 KB ( <1%) overhead. 
      Class:      8.62 MB capacity,     7.99 MB ( 93%) used,   545.63 KB (  6%) free+waste,    96.94 KB (  1%) overhead. 
       Both:     63.18 MB capacity,    61.58 MB ( 97%) used,     1.31 MB (  2%) free+waste,   301.69 KB ( <1%) overhead. 

Virtual space:
  Non-class space:       58.00 MB reserved,      54.75 MB ( 94%) committed 
      Class space:        1.00 GB reserved,       8.63 MB ( <1%) committed 
             Both:        1.06 GB reserved,      63.38 MB (  6%) committed 

Chunk freelists:
   Non-Class:  768 bytes
       Class:  384 bytes
        Both:  1.13 KB

CodeHeap 'non-profiled nmethods': size=120064Kb used=2719Kb max_used=2719Kb free=117344Kb
 bounds [0x000001924ff50000, 0x0000019250200000, 0x0000019257490000]
CodeHeap 'profiled nmethods': size=120000Kb used=10192Kb max_used=10192Kb free=109807Kb
 bounds [0x0000019248a20000, 0x0000019249420000, 0x000001924ff50000]
CodeHeap 'non-nmethods': size=5696Kb used=1198Kb max_used=1241Kb free=4497Kb
 bounds [0x0000019248490000, 0x0000019248700000, 0x0000019248a20000]
 total_blobs=5118 nmethods=4579 adapters=449
 compilation: enabled
              stopped_count=0, restarted_count=0
 full_count=0

Compilation events (10 events):
Event: 11.439 Thread 0x000001925e4fb800 4607       2       org.springframework.core.OrderComparator::compare (8 bytes)
Event: 11.439 Thread 0x000001925e4fb800 nmethod 4607 0x0000019249406c10 code [0x0000019249406dc0, 0x0000019249406ee8]
Event: 11.439 Thread 0x000001925e4fb800 4604       2       org.springframework.core.io.ResourceEditor::<init> (26 bytes)
Event: 11.439 Thread 0x000001925e4fb800 nmethod 4604 0x0000019249406f90 code [0x0000019249407140, 0x0000019249407448]
Event: 11.439 Thread 0x000001925e4fb800 4608       2       org.springframework.core.convert.TypeDescriptor::getAnnotations (8 bytes)
Event: 11.440 Thread 0x000001925e4fb800 nmethod 4608 0x0000019249407590 code [0x0000019249407740, 0x00000192494078e8]
Event: 11.440 Thread 0x000001925e4fb800 4609       2       org.springframework.core.convert.TypeDescriptor$AnnotatedElementAdapter::getAnnotations (24 bytes)
Event: 11.440 Thread 0x000001925e4fb800 nmethod 4609 0x0000019249407a10 code [0x0000019249407bc0, 0x0000019249407d68]
Event: 11.440 Thread 0x000001925e4fb800 4610       1       org.springframework.beans.factory.support.AbstractBeanFactory::getCustomTypeConverter (5 bytes)
Event: 11.441 Thread 0x000001925e4fb800 nmethod 4610 0x00000192501f7790 code [0x00000192501f7920, 0x00000192501f79d8]

GC Heap History (10 events):
Event: 4.189 GC heap before
{Heap before GC invocations=6 (full 0):
 garbage-first heap   total 131072K, used 66570K [0x0000000081600000, 0x0000000100000000)
  region size 1024K, 60 young (61440K), 4 survivors (4096K)
 Metaspace       used 28842K, capacity 29481K, committed 29568K, reserved 1075200K
  class space    used 3347K, capacity 3625K, committed 3712K, reserved 1048576K
}
Event: 4.199 GC heap after
{Heap after GC invocations=7 (full 0):
 garbage-first heap   total 157696K, used 11800K [0x0000000081600000, 0x0000000100000000)
  region size 1024K, 6 young (6144K), 6 survivors (6144K)
 Metaspace       used 28842K, capacity 29481K, committed 29568K, reserved 1075200K
  class space    used 3347K, capacity 3625K, committed 3712K, reserved 1048576K
}
Event: 5.659 GC heap before
{Heap before GC invocations=7 (full 0):
 garbage-first heap   total 157696K, used 59928K [0x0000000081600000, 0x0000000100000000)
  region size 1024K, 55 young (56320K), 6 survivors (6144K)
 Metaspace       used 34859K, capacity 35718K, committed 35840K, reserved 1081344K
  class space    used 4185K, capacity 4538K, committed 4608K, reserved 1048576K
}
Event: 5.674 GC heap after
{Heap after GC invocations=8 (full 0):
 garbage-first heap   total 157696K, used 13987K [0x0000000081600000, 0x0000000100000000)
  region size 1024K, 8 young (8192K), 8 survivors (8192K)
 Metaspace       used 34859K, capacity 35718K, committed 35840K, reserved 1081344K
  class space    used 4185K, capacity 4538K, committed 4608K, reserved 1048576K
}
Event: 7.267 GC heap before
{Heap before GC invocations=9 (full 0):
 garbage-first heap   total 157696K, used 94883K [0x0000000081600000, 0x0000000100000000)
  region size 1024K, 88 young (90112K), 8 survivors (8192K)
 Metaspace       used 41202K, capacity 42304K, committed 42624K, reserved 1087488K
  class space    used 4982K, capacity 5434K, committed 5504K, reserved 1048576K
}
Event: 7.283 GC heap after
{Heap after GC invocations=10 (full 0):
 garbage-first heap   total 157696K, used 17270K [0x0000000081600000, 0x0000000100000000)
  region size 1024K, 9 young (9216K), 9 survivors (9216K)
 Metaspace       used 41202K, capacity 42304K, committed 42624K, reserved 1087488K
  class space    used 4982K, capacity 5434K, committed 5504K, reserved 1048576K
}
Event: 9.376 GC heap before
{Heap before GC invocations=10 (full 0):
 garbage-first heap   total 157696K, used 102262K [0x0000000081600000, 0x0000000100000000)
  region size 1024K, 92 young (94208K), 9 survivors (9216K)
 Metaspace       used 54045K, capacity 55369K, committed 55552K, reserved 1097728K
  class space    used 6885K, capacity 7417K, committed 7424K, reserved 1048576K
}
Event: 9.393 GC heap after
{Heap after GC invocations=11 (full 0):
 garbage-first heap   total 157696K, used 19765K [0x0000000081600000, 0x0000000100000000)
  region size 1024K, 9 young (9216K), 9 survivors (9216K)
 Metaspace       used 54045K, capacity 55369K, committed 55552K, reserved 1097728K
  class space    used 6885K, capacity 7417K, committed 7424K, reserved 1048576K
}
Event: 10.076 GC heap before
{Heap before GC invocations=11 (full 0):
 garbage-first heap   total 157696K, used 52533K [0x0000000081600000, 0x0000000100000000)
  region size 1024K, 42 young (43008K), 9 survivors (9216K)
 Metaspace       used 58599K, capacity 60070K, committed 60160K, reserved 1101824K
  class space    used 7524K, capacity 8131K, committed 8192K, reserved 1048576K
}
Event: 10.093 GC heap after
{Heap after GC invocations=12 (full 0):
 garbage-first heap   total 189440K, used 21207K [0x0000000081600000, 0x0000000100000000)
  region size 1024K, 8 young (8192K), 8 survivors (8192K)
 Metaspace       used 58599K, capacity 60070K, committed 60160K, reserved 1101824K
  class space    used 7524K, capacity 8131K, committed 8192K, reserved 1048576K
}

Deoptimization events (10 events):
Event: 10.813 Thread 0x000001923ffcf800 Uncommon trap: reason=unstable_if action=reinterpret pc=0x00000192500b8f74 method=org.springframework.beans.factory.support.DefaultSingletonBeanRegistry.getSingleton(Ljava/lang/String;Z)Ljava/lang/Object; @ 39 c2
Event: 10.814 Thread 0x000001923ffcf800 Uncommon trap: reason=speculate_class_check action=maybe_recompile pc=0x00000192501ea584 method=java.lang.reflect.Executable.declaredAnnotations()Ljava/util/Map; @ 23 c2
Event: 10.815 Thread 0x000001923ffcf800 Uncommon trap: reason=speculate_class_check action=maybe_recompile pc=0x00000192501ea584 method=java.lang.reflect.Executable.declaredAnnotations()Ljava/util/Map; @ 23 c2
Event: 10.816 Thread 0x000001923ffcf800 Uncommon trap: reason=speculate_class_check action=maybe_recompile pc=0x00000192501ea584 method=java.lang.reflect.Executable.declaredAnnotations()Ljava/util/Map; @ 23 c2
Event: 10.817 Thread 0x000001923ffcf800 Uncommon trap: reason=speculate_class_check action=maybe_recompile pc=0x00000192501ea584 method=java.lang.reflect.Executable.declaredAnnotations()Ljava/util/Map; @ 23 c2
Event: 10.841 Thread 0x000001923ffcf800 Uncommon trap: reason=class_check action=maybe_recompile pc=0x000001924ffc1f50 method=org.springframework.boot.context.properties.source.ConfigurationPropertyName$Elements.charAt(II)C @ 43 c2
Event: 10.841 Thread 0x000001923ffcf800 Uncommon trap: reason=class_check action=maybe_recompile pc=0x000001924ffc1f50 method=org.springframework.boot.context.properties.source.ConfigurationPropertyName$Elements.charAt(II)C @ 43 c2
Event: 10.864 Thread 0x000001923ffcf800 Uncommon trap: reason=null_check action=make_not_entrant pc=0x000001925007f6e0 method=org.springframework.util.ClassUtils.isAssignable(Ljava/lang/Class;Ljava/lang/Class;)Z @ 14 c2
Event: 10.927 Thread 0x000001923ffcf800 Uncommon trap: reason=unstable_if action=reinterpret pc=0x00000192501befa8 method=org.springframework.core.annotation.AnnotationsScanner.processClassHierarchy(Ljava/lang/Object;[ILjava/lang/Class;Lorg/springframework/core/annotation/AnnotationsProcessor;Z
Event: 11.030 Thread 0x000001923ffcf800 Uncommon trap: reason=unstable_if action=reinterpret pc=0x000001925004a788 method=org.springframework.util.ObjectUtils.nullSafeEquals(Ljava/lang/Object;Ljava/lang/Object;)Z @ 12 c2

Classes redefined (0 events):
No events

Internal exceptions (10 events):
Event: 10.916 Thread 0x000001923ffcf800 Exception <a 'java/lang/ClassNotFoundException'{0x000000008b088148}: org/springframework/security/config/annotation/authentication/configuration/AuthenticationConfigurationCustomizer> (0x000000008b088148) thrown at [./open/src/hotspot/share/classfile/syst
Event: 10.953 Thread 0x000001923ffcf800 Exception <a 'java/lang/ClassNotFoundException'{0x000000008ae76030}: java/lang/ObjectCustomizer> (0x000000008ae76030) thrown at [./open/src/hotspot/share/classfile/systemDictionary.cpp, line 228]
Event: 10.954 Thread 0x000001923ffcf800 Exception <a 'java/lang/ClassNotFoundException'{0x000000008ae8e2c8}: org/springframework/security/config/annotation/web/configuration/WebSecurityConfigurationCustomizer> (0x000000008ae8e2c8) thrown at [./open/src/hotspot/share/classfile/systemDictionary.c
Event: 10.955 Thread 0x000001923ffcf800 Exception <a 'java/lang/ClassNotFoundException'{0x000000008aea6760}: org/springframework/context/annotation/ImportAwareCustomizer> (0x000000008aea6760) thrown at [./open/src/hotspot/share/classfile/systemDictionary.cpp, line 228]
Event: 10.956 Thread 0x000001923ffcf800 Exception <a 'java/lang/ClassNotFoundException'{0x000000008aeb5588}: org/springframework/beans/factory/AwareCustomizer> (0x000000008aeb5588) thrown at [./open/src/hotspot/share/classfile/systemDictionary.cpp, line 228]
Event: 10.957 Thread 0x000001923ffcf800 Exception <a 'java/lang/ClassNotFoundException'{0x000000008aec5650}: org/springframework/beans/factory/BeanClassLoaderAwareCustomizer> (0x000000008aec5650) thrown at [./open/src/hotspot/share/classfile/systemDictionary.cpp, line 228]
Event: 10.958 Thread 0x000001923ffcf800 Exception <a 'java/lang/ClassNotFoundException'{0x000000008aed4488}: org/springframework/beans/factory/AwareCustomizer> (0x000000008aed4488) thrown at [./open/src/hotspot/share/classfile/systemDictionary.cpp, line 228]
Event: 10.983 Thread 0x000001923ffcf800 Exception <a 'java/lang/ClassNotFoundException'{0x000000008adfae00}: java/lang/ObjectCustomizer> (0x000000008adfae00) thrown at [./open/src/hotspot/share/classfile/systemDictionary.cpp, line 228]
Event: 10.984 Thread 0x000001923ffcf800 Exception <a 'java/lang/ClassNotFoundException'{0x000000008ac13af0}: org/springframework/security/config/annotation/web/configuration/HttpSecurityConfigurationCustomizer> (0x000000008ac13af0) thrown at [./open/src/hotspot/share/classfile/systemDictionary.
Event: 11.030 Thread 0x000001923ffcf800 Implicit null exception at 0x000001925004a6bd to 0x000001925004a776

Events (10 events):
Event: 11.446 loading class org/springframework/security/web/access/RequestMatcherDelegatingWebInvocationPrivilegeEvaluator
Event: 11.446 loading class org/springframework/security/web/access/RequestMatcherDelegatingWebInvocationPrivilegeEvaluator done
Event: 11.447 loading class org/springframework/security/web/FilterChainProxy
Event: 11.447 loading class org/springframework/security/web/FilterChainProxy done
Event: 11.448 loading class org/springframework/security/web/FilterChainProxy$FilterChainValidator
Event: 11.448 loading class org/springframework/security/web/FilterChainProxy$FilterChainValidator done
Event: 11.449 loading class org/springframework/security/web/FilterChainProxy$NullFilterChainValidator
Event: 11.449 loading class org/springframework/security/web/FilterChainProxy$NullFilterChainValidator done
Event: 11.449 loading class org/springframework/security/web/firewall/StrictHttpFirewall
Event: 11.449 loading class org/springframework/security/web/firewall/StrictHttpFirewall done


Dynamic libraries:
0x00007ff644190000 - 0x00007ff64419f000 	C:\Program Files\Java\jdk-11.0.12\bin\java.exe
0x00007fffe04f0000 - 0x00007fffe06e8000 	C:\Windows\SYSTEM32\ntdll.dll
0x00007fffdfa20000 - 0x00007fffdfadd000 	C:\Windows\System32\KERNEL32.DLL
0x00007fffde110000 - 0x00007fffde3de000 	C:\Windows\System32\KERNELBASE.dll
0x00007fffddf20000 - 0x00007fffde020000 	C:\Windows\System32\ucrtbase.dll
0x00007fffd6c60000 - 0x00007fffd6c78000 	C:\Program Files\Java\jdk-11.0.12\bin\jli.dll
0x00007fffde5b0000 - 0x00007fffde65e000 	C:\Windows\System32\ADVAPI32.dll
0x00007fffdf790000 - 0x00007fffdf82e000 	C:\Windows\System32\msvcrt.dll
0x00007fffdedc0000 - 0x00007fffdee5c000 	C:\Windows\System32\sechost.dll
0x00007fffde6e0000 - 0x00007fffde805000 	C:\Windows\System32\RPCRT4.dll
0x00007fffdf010000 - 0x00007fffdf1b0000 	C:\Windows\System32\USER32.dll
0x00007fffddde0000 - 0x00007fffdde02000 	C:\Windows\System32\win32u.dll
0x00007fffde580000 - 0x00007fffde5aa000 	C:\Windows\System32\GDI32.dll
0x00007fffdde10000 - 0x00007fffddf1b000 	C:\Windows\System32\gdi32full.dll
0x00007fffde070000 - 0x00007fffde10d000 	C:\Windows\System32\msvcp_win.dll
0x00007fffce180000 - 0x00007fffce195000 	C:\Program Files\Java\jdk-11.0.12\bin\VCRUNTIME140.dll
0x00007fffc5370000 - 0x00007fffc560a000 	C:\Windows\WinSxS\amd64_microsoft.windows.common-controls_6595b64144ccf1df_6.0.19041.1110_none_60b5254171f9507e\COMCTL32.dll
0x00007fffd46d0000 - 0x00007fffd46da000 	C:\Windows\SYSTEM32\VERSION.dll
0x00007fffde550000 - 0x00007fffde580000 	C:\Windows\System32\IMM32.DLL
0x00007fffb8c40000 - 0x00007fffb8cdb000 	C:\Program Files\Java\jdk-11.0.12\bin\msvcp140.dll
0x00007fff7ef00000 - 0x00007fff7f9ff000 	C:\Program Files\Java\jdk-11.0.12\bin\server\jvm.dll
0x00007fffdfce0000 - 0x00007fffdfce8000 	C:\Windows\System32\PSAPI.DLL
0x00007fffd2ee0000 - 0x00007fffd2ee9000 	C:\Windows\SYSTEM32\WSOCK32.dll
0x00007fffdf1b0000 - 0x00007fffdf21b000 	C:\Windows\System32\WS2_32.dll
0x00007fffcaec0000 - 0x00007fffcaee7000 	C:\Windows\SYSTEM32\WINMM.dll
0x00007fffdbb10000 - 0x00007fffdbb22000 	C:\Windows\SYSTEM32\kernel.appcore.dll
0x00007fffd1140000 - 0x00007fffd1150000 	C:\Program Files\Java\jdk-11.0.12\bin\verify.dll
0x00007fffdb360000 - 0x00007fffdb544000 	C:\Windows\SYSTEM32\DBGHELP.DLL
0x00007fffd8000000 - 0x00007fffd802c000 	C:\Windows\SYSTEM32\dbgcore.DLL
0x00007fffde4c0000 - 0x00007fffde542000 	C:\Windows\System32\bcryptPrimitives.dll
0x00007fffc9280000 - 0x00007fffc92a8000 	C:\Program Files\Java\jdk-11.0.12\bin\java.dll
0x00007fffcdaa0000 - 0x00007fffcdaaa000 	C:\Program Files\Java\jdk-11.0.12\bin\jimage.dll
0x00007fffdaba0000 - 0x00007fffdabae000 	C:\Program Files\Java\jdk-11.0.12\bin\instrument.dll
0x00007fffcd230000 - 0x00007fffcd246000 	C:\Program Files\Java\jdk-11.0.12\bin\zip.dll
0x00007fffdfcf0000 - 0x00007fffe0434000 	C:\Windows\System32\SHELL32.dll
0x00007fffdbd10000 - 0x00007fffdc4a4000 	C:\Windows\SYSTEM32\windows.storage.dll
0x00007fffdf3d0000 - 0x00007fffdf724000 	C:\Windows\System32\combase.dll
0x00007fffdd670000 - 0x00007fffdd6a0000 	C:\Windows\SYSTEM32\Wldp.dll
0x00007fffded10000 - 0x00007fffdedbd000 	C:\Windows\System32\SHCORE.dll
0x00007fffdfc80000 - 0x00007fffdfcd5000 	C:\Windows\System32\shlwapi.dll
0x00007fffddb50000 - 0x00007fffddb6f000 	C:\Windows\SYSTEM32\profapi.dll
0x00007fffc8be0000 - 0x00007fffc8bf9000 	C:\Program Files\Java\jdk-11.0.12\bin\net.dll
0x00007fffd4290000 - 0x00007fffd439a000 	C:\Windows\SYSTEM32\WINHTTP.dll
0x00007fffdd3d0000 - 0x00007fffdd43a000 	C:\Windows\system32\mswsock.dll
0x00007fffc8bc0000 - 0x00007fffc8bd2000 	C:\Program Files\Java\jdk-11.0.12\bin\nio.dll
0x00007fffd28e0000 - 0x00007fffd28fa000 	C:\Program Files\JetBrains\IntelliJ IDEA Community Edition 2021.3.1\bin\breakgen64.dll
0x00007fffda760000 - 0x00007fffda769000 	C:\Program Files\Java\jdk-11.0.12\bin\management.dll
0x00007fffd85a0000 - 0x00007fffd85ab000 	C:\Program Files\Java\jdk-11.0.12\bin\management_ext.dll
0x00007fffd2ec0000 - 0x00007fffd2ed7000 	C:\Windows\system32\napinsp.dll
0x00007fffd2ea0000 - 0x00007fffd2ebb000 	C:\Windows\system32\pnrpnsp.dll
0x00007fffce360000 - 0x00007fffce375000 	C:\Windows\system32\wshbth.dll
0x00007fffd8100000 - 0x00007fffd811d000 	C:\Windows\system32\NLAapi.dll
0x00007fffdd070000 - 0x00007fffdd0ab000 	C:\Windows\SYSTEM32\IPHLPAPI.DLL
0x00007fffdd110000 - 0x00007fffdd1da000 	C:\Windows\SYSTEM32\DNSAPI.dll
0x00007fffe04a0000 - 0x00007fffe04a8000 	C:\Windows\System32\NSI.dll
0x00007fffcc430000 - 0x00007fffcc442000 	C:\Windows\System32\winrnr.dll
0x00007fffd4010000 - 0x00007fffd401a000 	C:\Windows\System32\rasadhlp.dll
0x00007fffd40c0000 - 0x00007fffd4140000 	C:\Windows\System32\fwpuclnt.dll
0x00007fffde490000 - 0x00007fffde4b7000 	C:\Windows\System32\bcrypt.dll
0x00007fffdd5c0000 - 0x00007fffdd5d8000 	C:\Windows\SYSTEM32\CRYPTSP.dll
0x00007fffdcce0000 - 0x00007fffdcd14000 	C:\Windows\system32\rsaenh.dll
0x00007fffddb10000 - 0x00007fffddb3e000 	C:\Windows\SYSTEM32\USERENV.dll
0x00007fffdd5e0000 - 0x00007fffdd5ec000 	C:\Windows\SYSTEM32\CRYPTBASE.dll
0x00007fffd65c0000 - 0x00007fffd65d7000 	C:\Windows\SYSTEM32\dhcpcsvc6.DLL
0x00007fffd71b0000 - 0x00007fffd71cd000 	C:\Windows\SYSTEM32\dhcpcsvc.DLL
0x00007fffd6bd0000 - 0x00007fffd6bf5000 	C:\Program Files\Java\jdk-11.0.12\bin\sunec.dll
0x00007fffd8590000 - 0x00007fffd859d000 	C:\Program Files\Java\jdk-11.0.12\bin\sunmscapi.dll
0x00007fffddc80000 - 0x00007fffdddd6000 	C:\Windows\System32\CRYPT32.dll
0x00007fffdd6e0000 - 0x00007fffdd707000 	C:\Windows\SYSTEM32\ncrypt.dll
0x00007fffdd6a0000 - 0x00007fffdd6db000 	C:\Windows\SYSTEM32\NTASN1.dll

dbghelp: loaded successfully - version: 4.0.5 - missing functions: none
symbol engine: initialized successfully - sym options: 0x614 - pdb path: .;C:\Program Files\Java\jdk-11.0.12\bin;C:\Windows\SYSTEM32;C:\Windows\WinSxS\amd64_microsoft.windows.common-controls_6595b64144ccf1df_6.0.19041.1110_none_60b5254171f9507e;C:\Program Files\Java\jdk-11.0.12\bin\server;C:\Program Files\JetBrains\IntelliJ IDEA Community Edition 2021.3.1\bin

VM Arguments:
jvm_args: -javaagent:C:\Program Files\JetBrains\IntelliJ IDEA Community Edition 2021.3.1\lib\idea_rt.jar=64640:C:\Program Files\JetBrains\IntelliJ IDEA Community Edition 2021.3.1\bin -Dfile.encoding=UTF-8 
java_command: com.sunglowsys.HotelCrudOperationApplication
java_class_path (initial): E:\hotel\hotel-crud-operation\target\classes;C:\Users\lenovo\.m2\repository\org\springframework\boot\spring-boot-starter-data-jpa\2.7.3\spring-boot-starter-data-jpa-2.7.3.jar;C:\Users\lenovo\.m2\repository\org\springframework\boot\spring-boot-starter-aop\2.7.3\spring-boot-starter-aop-2.7.3.jar;C:\Users\lenovo\.m2\repository\org\aspectj\aspectjweaver\1.9.7\aspectjweaver-1.9.7.jar;C:\Users\lenovo\.m2\repository\org\springframework\boot\spring-boot-starter-jdbc\2.7.3\spring-boot-starter-jdbc-2.7.3.jar;C:\Users\lenovo\.m2\repository\com\zaxxer\HikariCP\4.0.3\HikariCP-4.0.3.jar;C:\Users\lenovo\.m2\repository\org\springframework\spring-jdbc\5.3.22\spring-jdbc-5.3.22.jar;C:\Users\lenovo\.m2\repository\jakarta\transaction\jakarta.transaction-api\1.3.3\jakarta.transaction-api-1.3.3.jar;C:\Users\lenovo\.m2\repository\jakarta\persistence\jakarta.persistence-api\2.2.3\jakarta.persistence-api-2.2.3.jar;C:\Users\lenovo\.m2\repository\org\springframework\data\spring-data-jpa\2.7.2\spring-data-jpa-2.7.2.jar;C:\Users\lenovo\.m2\repository\org\springframework\data\spring-data-commons\2.7.2\spring-data-commons-2.7.2.jar;C:\Users\lenovo\.m2\repository\org\springframework\spring-orm\5.3.22\spring-orm-5.3.22.jar;C:\Users\lenovo\.m2\repository\org\springframework\spring-context\5.3.22\spring-context-5.3.22.jar;C:\Users\lenovo\.m2\repository\org\springframework\spring-tx\5.3.22\spring-tx-5.3.22.jar;C:\Users\lenovo\.m2\repository\org\springframework\spring-beans\5.3.22\spring-beans-5.3.22.jar;C:\Users\lenovo\.m2\repository\org\slf4j\slf4j-api\1.7.36\slf4j-api-1.7.36.jar;C:\Users\lenovo\.m2\repository\org\springframework\spring-aspects\5.3.22\spring-aspects-5.3.22.jar;C:\Users\lenovo\.m2\repository\org\springframework\boot\spring-boot-starter-web\2.7.3\spring-boot-starter-web-2.7.3.jar;C:\Users\lenovo\.m2\repository\org\springframework\boot\spring-boot-starter\2.7.3\spring-boot-starter-2.7.3.jar;C:\Users\lenovo\.m2\repository\org\springframework\boot\spring-boot\
Launcher Type: SUN_STANDARD

[Global flags]
     intx CICompilerCount                          = 3                                         {product} {ergonomic}
     uint ConcGCThreads                            = 1                                         {product} {ergonomic}
     uint G1ConcRefinementThreads                  = 4                                         {product} {ergonomic}
   size_t G1HeapRegionSize                         = 1048576                                   {product} {ergonomic}
    uintx GCDrainStackTargetSize                   = 64                                        {product} {ergonomic}
   size_t InitialHeapSize                          = 134217728                                 {product} {ergonomic}
   size_t MarkStackSize                            = 4194304                                   {product} {ergonomic}
   size_t MaxHeapSize                              = 2124414976                                {product} {ergonomic}
   size_t MaxNewSize                               = 1274019840                                {product} {ergonomic}
   size_t MinHeapDeltaBytes                        = 1048576                                   {product} {ergonomic}
    uintx NonNMethodCodeHeapSize                   = 5830732                                {pd product} {ergonomic}
    uintx NonProfiledCodeHeapSize                  = 122913754                              {pd product} {ergonomic}
    uintx ProfiledCodeHeapSize                     = 122913754                              {pd product} {ergonomic}
    uintx ReservedCodeCacheSize                    = 251658240                              {pd product} {ergonomic}
     bool SegmentedCodeCache                       = true                                      {product} {ergonomic}
     bool UseCompressedClassPointers               = true                                 {lp64_product} {ergonomic}
     bool UseCompressedOops                        = true                                 {lp64_product} {ergonomic}
     bool UseG1GC                                  = true                                      {product} {ergonomic}
     bool UseLargePagesIndividualAllocation        = false                                  {pd product} {ergonomic}

Logging:
Log output configuration:
 #0: stdout all=warning uptime,level,tags
 #1: stderr all=off uptime,level,tags

Environment Variables:
JAVA_HOME=C:\Program Files\Java\jdk-11.0.12
PATH=C:\Program Files\Common Files\Oracle\Java\javapath;C:\Windows\system32;C:\Windows;C:\Windows\System32\Wbem;C:\Windows\System32\WindowsPowerShell\v1.0\;C:\Windows\System32\OpenSSH\;C:\Program Files\nodejs\;C:\Program Files\Java\jdk-11.0.12\bin;C:\software\apache-zookeeper-3.8.0-bin\\bin;C:\Program Files\apache-maven-3.8.6\bin;C:\software\Git\cmd;C:\Program Files\MySQL\MySQL Shell 8.0\bin\;C:\Users\lenovo\AppData\Local\Microsoft\WindowsApps;C:\Users\lenovo\AppData\Roaming\npm;C:\Users\lenovo\AppData\Local\Programs\Microsoft VS Code\bin;C:\Program Files\JetBrains\IntelliJ IDEA Community Edition 2021.3.1\bin;C:\Program Files\apache-maven-3.8.6\bin;C:\Program Files\Java\jdk-11.0.12\bin;
USERNAME=lenovo
OS=Windows_NT
PROCESSOR_IDENTIFIER=Intel64 Family 6 Model 61 Stepping 4, GenuineIntel



---------------  S Y S T E M  ---------------

OS: Windows 10 , 64 bit Build 19041 (10.0.19041.1889)

CPU:total 4 (initial active 4) (2 cores per cpu, 2 threads per core) family 6 model 61 stepping 4 microcode 0x2d, cmov, cx8, fxsr, mmx, sse, sse2, sse3, ssse3, sse4.1, sse4.2, popcnt, avx, avx2, aes, clmul, erms, 3dnowpref, lzcnt, ht, tsc, tscinvbit, bmi1, bmi2, adx, fma

Memory: 4k page, system-wide physical 8097M (1092M free)
TotalPageFile size 9635M (AvailPageFile size 7M)
current process WorkingSet (physical memory assigned to process): 320M, peak: 324M
current process commit charge ("private bytes"): 392M, peak: 401M

vm_info: Java HotSpot(TM) 64-Bit Server VM (11.0.12+8-LTS-237) for windows-amd64 JRE (11.0.12+8-LTS-237), built on Jun  8 2021 11:25:59 by "mach5one" with MS VC++ 15.9 (VS2017)

END.
