#
# There is insufficient memory for the Java Runtime Environment to continue.
# Native memory allocation (malloc) failed to allocate 32744 bytes for ChunkPool::allocate
# Possible reasons:
#   The system is out of physical RAM or swap space
#   The process is running with CompressedOops enabled, and the Java Heap may be blocking the growth of the native heap
# Possible solutions:
#   Reduce memory load on the system
#   Increase physical memory or swap space
#   Check if swap backing store is full
#   Decrease Java heap size (-Xmx/-Xms)
#   Decrease number of Java threads
#   Decrease Java thread stack sizes (-Xss)
#   Set larger code cache with -XX:ReservedCodeCacheSize=
#   JVM is running with Unscaled Compressed Oops mode in which the Java heap is
#     placed in the first 4GB address space. The Java Heap base address is the
#     maximum limit for the native heap growth. Please use -XX:HeapBaseMinAddress
#     to set the Java Heap base and to place the Java Heap above 4GB virtual address.
# This output file may be truncated or incomplete.
#
#  Out of Memory Error (./open/src/hotspot/share/memory/arena.cpp:81), pid=3164, tid=10824
#
# JRE version: Java(TM) SE Runtime Environment 18.9 (11.0.12+8) (build 11.0.12+8-LTS-237)
# Java VM: Java HotSpot(TM) 64-Bit Server VM 18.9 (11.0.12+8-LTS-237, mixed mode, tiered, compressed oops, g1 gc, windows-amd64)
# No core dump will be written. Minidumps are not enabled by default on client versions of Windows
#

---------------  S U M M A R Y ------------

Command Line: C:\Users\lenovo\AppData\Local\Temp\surefire13278217530362676030\surefirebooter338104091485023247.jar C:\Users\lenovo\AppData\Local\Temp\surefire13278217530362676030 2022-08-23T14-05-34_678-jvmRun1 surefire14921522771036077165tmp surefire_014147190021622458394tmp

Host: Intel(R) Core(TM) i5-5200U CPU @ 2.20GHz, 4 cores, 7G,  Windows 10 , 64 bit Build 19041 (10.0.19041.1889)
Time: Tue Aug 23 14:05:52 2022 India Standard Time elapsed time: 17.037474 seconds (0d 0h 0m 17s)

---------------  T H R E A D  ---------------

Current thread (0x0000018af9143800):  JavaThread "C1 CompilerThread0" daemon [_thread_in_native, id=10824, stack(0x0000002560d00000,0x0000002560e00000)]


Current CompileTask:
C1:  17037 4987       2       java.util.ImmutableCollections$SetN::iterator (9 bytes)

Stack: [0x0000002560d00000,0x0000002560e00000]
Native frames: (J=compiled Java code, j=interpreted, Vv=VM code, C=native code)
V  [jvm.dll+0x617d9a]
V  [jvm.dll+0x74eeef]
V  [jvm.dll+0x750599]
V  [jvm.dll+0x750c23]
V  [jvm.dll+0x2438d8]
V  [jvm.dll+0xba93b]
V  [jvm.dll+0xbac9c]
V  [jvm.dll+0xfe9e0]
V  [jvm.dll+0x14babe]
V  [jvm.dll+0x1380a0]
V  [jvm.dll+0x1204f9]
V  [jvm.dll+0x11fdff]
V  [jvm.dll+0x12002f]
V  [jvm.dll+0x11f2d7]
V  [jvm.dll+0x1211e7]
V  [jvm.dll+0x20b87c]
V  [jvm.dll+0x20997b]
V  [jvm.dll+0x716359]
V  [jvm.dll+0x70f064]
V  [jvm.dll+0x616f66]
C  [ucrtbase.dll+0x21bb2]
C  [KERNEL32.DLL+0x17034]
C  [ntdll.dll+0x52651]


---------------  P R O C E S S  ---------------

Threads class SMR info:
_java_thread_list=0x0000018a809d4800, length=15, elements={
0x0000018adac05800, 0x0000018af9112000, 0x0000018af911b000, 0x0000018af912b000,
0x0000018af912c000, 0x0000018af912f800, 0x0000018af913b000, 0x0000018af9143800,
0x0000018af9144800, 0x0000018af9c00000, 0x0000018af9c62800, 0x0000018af9e1b000,
0x0000018afca3c000, 0x0000018a80365800, 0x0000018afe708800
}

Java Threads: ( => current thread )
  0x0000018adac05800 JavaThread "main" [_thread_in_vm, id=12488, stack(0x0000002560000000,0x0000002560100000)]
  0x0000018af9112000 JavaThread "Reference Handler" daemon [_thread_blocked, id=8824, stack(0x0000002560700000,0x0000002560800000)]
  0x0000018af911b000 JavaThread "Finalizer" daemon [_thread_blocked, id=7420, stack(0x0000002560800000,0x0000002560900000)]
  0x0000018af912b000 JavaThread "Signal Dispatcher" daemon [_thread_blocked, id=2284, stack(0x0000002560900000,0x0000002560a00000)]
  0x0000018af912c000 JavaThread "Attach Listener" daemon [_thread_blocked, id=10832, stack(0x0000002560a00000,0x0000002560b00000)]
  0x0000018af912f800 JavaThread "Service Thread" daemon [_thread_blocked, id=4896, stack(0x0000002560b00000,0x0000002560c00000)]
  0x0000018af913b000 JavaThread "C2 CompilerThread0" daemon [_thread_in_native, id=2852, stack(0x0000002560c00000,0x0000002560d00000)]
=>0x0000018af9143800 JavaThread "C1 CompilerThread0" daemon [_thread_in_native, id=10824, stack(0x0000002560d00000,0x0000002560e00000)]
  0x0000018af9144800 JavaThread "Sweeper thread" daemon [_thread_blocked, id=1096, stack(0x0000002560e00000,0x0000002560f00000)]
  0x0000018af9c00000 JavaThread "Common-Cleaner" daemon [_thread_blocked, id=9984, stack(0x0000002561000000,0x0000002561100000)]
  0x0000018af9c62800 JavaThread "surefire-forkedjvm-command-thread" daemon [_thread_in_native, id=7720, stack(0x0000002561100000,0x0000002561200000)]
  0x0000018af9e1b000 JavaThread "surefire-forkedjvm-ping-30s" daemon [_thread_blocked, id=5124, stack(0x0000002561200000,0x0000002561300000)]
  0x0000018afca3c000 JavaThread "HikariPool-1 housekeeper" daemon [_thread_blocked, id=6036, stack(0x0000002561800000,0x0000002561900000)]
  0x0000018a80365800 JavaThread "HikariPool-1 connection adder" daemon [_thread_blocked, id=4744, stack(0x0000002561a00000,0x0000002561b00000)]
  0x0000018afe708800 JavaThread "C2 CompilerThread1" daemon [_thread_in_native, id=10864, stack(0x0000002561700000,0x0000002561800000)]

Other Threads:
  0x0000018af90ec000 VMThread "VM Thread" [stack: 0x0000002560600000,0x0000002560700000] [id=3572]
  0x0000018af9bff000 WatcherThread [stack: 0x0000002560f00000,0x0000002561000000] [id=7912]
  0x0000018adac1a800 GCTaskThread "GC Thread#0" [stack: 0x0000002560100000,0x0000002560200000] [id=4452]
  0x0000018af9e2c000 GCTaskThread "GC Thread#1" [stack: 0x0000002561300000,0x0000002561400000] [id=11308]
  0x0000018afa156000 GCTaskThread "GC Thread#2" [stack: 0x0000002561400000,0x0000002561500000] [id=6076]
  0x0000018afaa1c800 GCTaskThread "GC Thread#3" [stack: 0x0000002561900000,0x0000002561a00000] [id=5472]
  0x0000018adac4b000 ConcurrentGCThread "G1 Main Marker" [stack: 0x0000002560200000,0x0000002560300000] [id=2992]
  0x0000018adac4d800 ConcurrentGCThread "G1 Conc#0" [stack: 0x0000002560300000,0x0000002560400000] [id=8852]
  0x0000018adace3000 ConcurrentGCThread "G1 Refine#0" [stack: 0x0000002560400000,0x0000002560500000] [id=2840]
  0x0000018af9d62000 ConcurrentGCThread "G1 Refine#1" [stack: 0x0000002561500000,0x0000002561600000] [id=4564]
  0x0000018adace4000 ConcurrentGCThread "G1 Young RemSet Sampling" [stack: 0x0000002560500000,0x0000002560600000] [id=5384]

Threads with active compile tasks:
C2 CompilerThread0  17119 4628       4       java.lang.reflect.Method::getDeclaredAnnotations (5 bytes)
C1 CompilerThread0  17119 4987       2       java.util.ImmutableCollections$SetN::iterator (9 bytes)
C2 CompilerThread1  17119 4885   !   4       java.lang.reflect.Executable::declaredAnnotations (85 bytes)

VM state:not at safepoint (normal execution)

VM Mutex/Monitor currently owned by a thread: None

Heap address: 0x0000000081600000, size: 2026 MB, Compressed Oops mode: 32-bit
Narrow klass base: 0x0000000000000000, Narrow klass shift: 3
Compressed class space size: 1073741824 Address: 0x0000000100000000

Heap:
 garbage-first heap   total 189440K, used 97803K [0x0000000081600000, 0x0000000100000000)
  region size 1024K, 80 young (81920K), 11 survivors (11264K)
 Metaspace       used 65327K, capacity 67307K, committed 67616K, reserved 1107968K
  class space    used 8613K, capacity 9420K, committed 9512K, reserved 1048576K
Heap Regions: E=young(eden), S=young(survivor), O=old, HS=humongous(starts), HC=humongous(continues), CS=collection set, F=free, A=archive, TAMS=top-at-mark-start (previous, next)
|   0|0x0000000081600000, 0x0000000081700000, 0x0000000081700000|100%|HS|  |TAMS 0x0000000081700000, 0x0000000081600000| Complete 
|   1|0x0000000081700000, 0x0000000081800000, 0x0000000081800000|100%| O|  |TAMS 0x0000000081800000, 0x0000000081700000| Untracked 
|   2|0x0000000081800000, 0x0000000081900000, 0x0000000081900000|100%| O|  |TAMS 0x0000000081900000, 0x0000000081800000| Untracked 
|   3|0x0000000081900000, 0x0000000081a00000, 0x0000000081a00000|100%| O|  |TAMS 0x0000000081a00000, 0x0000000081900000| Untracked 
|   4|0x0000000081a00000, 0x0000000081b00000, 0x0000000081b00000|100%| O|  |TAMS 0x0000000081b00000, 0x0000000081a00000| Untracked 
|   5|0x0000000081b00000, 0x0000000081c00000, 0x0000000081c00000|100%| O|  |TAMS 0x0000000081c00000, 0x0000000081b00000| Untracked 
|   6|0x0000000081c00000, 0x0000000081d00000, 0x0000000081d00000|100%| O|  |TAMS 0x0000000081d00000, 0x0000000081c00000| Untracked 
|   7|0x0000000081d00000, 0x0000000081e00000, 0x0000000081e00000|100%| O|  |TAMS 0x0000000081e00000, 0x0000000081d00000| Untracked 
|   8|0x0000000081e00000, 0x0000000081f00000, 0x0000000081f00000|100%| O|  |TAMS 0x0000000081f00000, 0x0000000081e00000| Untracked 
|   9|0x0000000081f00000, 0x0000000082000000, 0x0000000082000000|100%| O|  |TAMS 0x0000000082000000, 0x0000000081f00000| Untracked 
|  10|0x0000000082000000, 0x0000000082100000, 0x0000000082100000|100%| O|  |TAMS 0x0000000082100000, 0x0000000082000000| Untracked 
|  11|0x0000000082100000, 0x0000000082200000, 0x0000000082200000|100%| O|  |TAMS 0x0000000082200000, 0x0000000082100000| Untracked 
|  12|0x0000000082200000, 0x0000000082300000, 0x0000000082300000|100%| O|  |TAMS 0x0000000082300000, 0x0000000082200000| Untracked 
|  13|0x0000000082300000, 0x0000000082400000, 0x0000000082400000|100%| O|  |TAMS 0x0000000082400000, 0x0000000082300000| Untracked 
|  14|0x0000000082400000, 0x0000000082500000, 0x0000000082500000|100%| O|  |TAMS 0x0000000082500000, 0x0000000082400000| Untracked 
|  15|0x0000000082500000, 0x0000000082600000, 0x0000000082600000|100%| O|  |TAMS 0x0000000082600000, 0x0000000082500000| Untracked 
|  16|0x0000000082600000, 0x0000000082682c00, 0x0000000082700000| 51%| O|  |TAMS 0x0000000082682c00, 0x0000000082600000| Untracked 
|  17|0x0000000082700000, 0x0000000082700000, 0x0000000082800000|  0%| F|  |TAMS 0x0000000082700000, 0x0000000082700000| Untracked 
|  18|0x0000000082800000, 0x0000000082800000, 0x0000000082900000|  0%| F|  |TAMS 0x0000000082800000, 0x0000000082800000| Untracked 
|  19|0x0000000082900000, 0x0000000082900000, 0x0000000082a00000|  0%| F|  |TAMS 0x0000000082900000, 0x0000000082900000| Untracked 
|  20|0x0000000082a00000, 0x0000000082a00000, 0x0000000082b00000|  0%| F|  |TAMS 0x0000000082a00000, 0x0000000082a00000| Untracked 
|  21|0x0000000082b00000, 0x0000000082b00000, 0x0000000082c00000|  0%| F|  |TAMS 0x0000000082b00000, 0x0000000082b00000| Untracked 
|  22|0x0000000082c00000, 0x0000000082c00000, 0x0000000082d00000|  0%| F|  |TAMS 0x0000000082c00000, 0x0000000082c00000| Untracked 
|  23|0x0000000082d00000, 0x0000000082d00000, 0x0000000082e00000|  0%| F|  |TAMS 0x0000000082d00000, 0x0000000082d00000| Untracked 
|  24|0x0000000082e00000, 0x0000000082e00000, 0x0000000082f00000|  0%| F|  |TAMS 0x0000000082e00000, 0x0000000082e00000| Untracked 
|  25|0x0000000082f00000, 0x0000000082f00000, 0x0000000083000000|  0%| F|  |TAMS 0x0000000082f00000, 0x0000000082f00000| Untracked 
|  26|0x0000000083000000, 0x0000000083000000, 0x0000000083100000|  0%| F|  |TAMS 0x0000000083000000, 0x0000000083000000| Untracked 
|  27|0x0000000083100000, 0x0000000083100000, 0x0000000083200000|  0%| F|  |TAMS 0x0000000083100000, 0x0000000083100000| Untracked 
|  28|0x0000000083200000, 0x0000000083200000, 0x0000000083300000|  0%| F|  |TAMS 0x0000000083200000, 0x0000000083200000| Untracked 
|  29|0x0000000083300000, 0x0000000083300000, 0x0000000083400000|  0%| F|  |TAMS 0x0000000083300000, 0x0000000083300000| Untracked 
|  30|0x0000000083400000, 0x0000000083400000, 0x0000000083500000|  0%| F|  |TAMS 0x0000000083400000, 0x0000000083400000| Untracked 
|  31|0x0000000083500000, 0x0000000083500000, 0x0000000083600000|  0%| F|  |TAMS 0x0000000083500000, 0x0000000083500000| Untracked 
|  32|0x0000000083600000, 0x0000000083600000, 0x0000000083700000|  0%| F|  |TAMS 0x0000000083600000, 0x0000000083600000| Untracked 
|  33|0x0000000083700000, 0x0000000083700000, 0x0000000083800000|  0%| F|  |TAMS 0x0000000083700000, 0x0000000083700000| Untracked 
|  34|0x0000000083800000, 0x0000000083800000, 0x0000000083900000|  0%| F|  |TAMS 0x0000000083800000, 0x0000000083800000| Untracked 
|  35|0x0000000083900000, 0x0000000083900000, 0x0000000083a00000|  0%| F|  |TAMS 0x0000000083900000, 0x0000000083900000| Untracked 
|  36|0x0000000083a00000, 0x0000000083a00000, 0x0000000083b00000|  0%| F|  |TAMS 0x0000000083a00000, 0x0000000083a00000| Untracked 
|  37|0x0000000083b00000, 0x0000000083b00000, 0x0000000083c00000|  0%| F|  |TAMS 0x0000000083b00000, 0x0000000083b00000| Untracked 
|  38|0x0000000083c00000, 0x0000000083c00000, 0x0000000083d00000|  0%| F|  |TAMS 0x0000000083c00000, 0x0000000083c00000| Untracked 
|  39|0x0000000083d00000, 0x0000000083d00000, 0x0000000083e00000|  0%| F|  |TAMS 0x0000000083d00000, 0x0000000083d00000| Untracked 
|  40|0x0000000083e00000, 0x0000000083e00000, 0x0000000083f00000|  0%| F|  |TAMS 0x0000000083e00000, 0x0000000083e00000| Untracked 
|  41|0x0000000083f00000, 0x0000000083f00000, 0x0000000084000000|  0%| F|  |TAMS 0x0000000083f00000, 0x0000000083f00000| Untracked 
|  42|0x0000000084000000, 0x0000000084000000, 0x0000000084100000|  0%| F|  |TAMS 0x0000000084000000, 0x0000000084000000| Untracked 
|  43|0x0000000084100000, 0x0000000084100000, 0x0000000084200000|  0%| F|  |TAMS 0x0000000084100000, 0x0000000084100000| Untracked 
|  44|0x0000000084200000, 0x0000000084200000, 0x0000000084300000|  0%| F|  |TAMS 0x0000000084200000, 0x0000000084200000| Untracked 
|  45|0x0000000084300000, 0x0000000084300000, 0x0000000084400000|  0%| F|  |TAMS 0x0000000084300000, 0x0000000084300000| Untracked 
|  46|0x0000000084400000, 0x0000000084400000, 0x0000000084500000|  0%| F|  |TAMS 0x0000000084400000, 0x0000000084400000| Untracked 
|  47|0x0000000084500000, 0x0000000084500000, 0x0000000084600000|  0%| F|  |TAMS 0x0000000084500000, 0x0000000084500000| Untracked 
|  48|0x0000000084600000, 0x0000000084600000, 0x0000000084700000|  0%| F|  |TAMS 0x0000000084600000, 0x0000000084600000| Untracked 
|  49|0x0000000084700000, 0x0000000084700000, 0x0000000084800000|  0%| F|  |TAMS 0x0000000084700000, 0x0000000084700000| Untracked 
|  50|0x0000000084800000, 0x0000000084800000, 0x0000000084900000|  0%| F|  |TAMS 0x0000000084800000, 0x0000000084800000| Untracked 
|  51|0x0000000084900000, 0x0000000084900000, 0x0000000084a00000|  0%| F|  |TAMS 0x0000000084900000, 0x0000000084900000| Untracked 
|  52|0x0000000084a00000, 0x0000000084a00000, 0x0000000084b00000|  0%| F|  |TAMS 0x0000000084a00000, 0x0000000084a00000| Untracked 
|  53|0x0000000084b00000, 0x0000000084b00000, 0x0000000084c00000|  0%| F|  |TAMS 0x0000000084b00000, 0x0000000084b00000| Untracked 
|  54|0x0000000084c00000, 0x0000000084c00000, 0x0000000084d00000|  0%| F|  |TAMS 0x0000000084c00000, 0x0000000084c00000| Untracked 
|  55|0x0000000084d00000, 0x0000000084d00000, 0x0000000084e00000|  0%| F|  |TAMS 0x0000000084d00000, 0x0000000084d00000| Untracked 
|  56|0x0000000084e00000, 0x0000000084e00000, 0x0000000084f00000|  0%| F|  |TAMS 0x0000000084e00000, 0x0000000084e00000| Untracked 
|  57|0x0000000084f00000, 0x0000000084f00000, 0x0000000085000000|  0%| F|  |TAMS 0x0000000084f00000, 0x0000000084f00000| Untracked 
|  58|0x0000000085000000, 0x0000000085000000, 0x0000000085100000|  0%| F|  |TAMS 0x0000000085000000, 0x0000000085000000| Untracked 
|  59|0x0000000085100000, 0x0000000085100000, 0x0000000085200000|  0%| F|  |TAMS 0x0000000085100000, 0x0000000085100000| Untracked 
|  60|0x0000000085200000, 0x0000000085200000, 0x0000000085300000|  0%| F|  |TAMS 0x0000000085200000, 0x0000000085200000| Untracked 
|  61|0x0000000085300000, 0x0000000085300000, 0x0000000085400000|  0%| F|  |TAMS 0x0000000085300000, 0x0000000085300000| Untracked 
|  62|0x0000000085400000, 0x0000000085400000, 0x0000000085500000|  0%| F|  |TAMS 0x0000000085400000, 0x0000000085400000| Untracked 
|  63|0x0000000085500000, 0x0000000085500000, 0x0000000085600000|  0%| F|  |TAMS 0x0000000085500000, 0x0000000085500000| Untracked 
|  64|0x0000000085600000, 0x0000000085600000, 0x0000000085700000|  0%| F|  |TAMS 0x0000000085600000, 0x0000000085600000| Untracked 
|  65|0x0000000085700000, 0x0000000085700000, 0x0000000085800000|  0%| F|  |TAMS 0x0000000085700000, 0x0000000085700000| Untracked 
|  66|0x0000000085800000, 0x0000000085800000, 0x0000000085900000|  0%| F|  |TAMS 0x0000000085800000, 0x0000000085800000| Untracked 
|  67|0x0000000085900000, 0x0000000085900000, 0x0000000085a00000|  0%| F|  |TAMS 0x0000000085900000, 0x0000000085900000| Untracked 
|  68|0x0000000085a00000, 0x0000000085a00000, 0x0000000085b00000|  0%| F|  |TAMS 0x0000000085a00000, 0x0000000085a00000| Untracked 
|  69|0x0000000085b00000, 0x0000000085b00000, 0x0000000085c00000|  0%| F|  |TAMS 0x0000000085b00000, 0x0000000085b00000| Untracked 
|  70|0x0000000085c00000, 0x0000000085d00000, 0x0000000085d00000|100%| S|CS|TAMS 0x0000000085c00000, 0x0000000085c00000| Complete 
|  71|0x0000000085d00000, 0x0000000085e00000, 0x0000000085e00000|100%| S|CS|TAMS 0x0000000085d00000, 0x0000000085d00000| Complete 
|  72|0x0000000085e00000, 0x0000000085f00000, 0x0000000085f00000|100%| S|CS|TAMS 0x0000000085e00000, 0x0000000085e00000| Complete 
|  73|0x0000000085f00000, 0x0000000086000000, 0x0000000086000000|100%| S|CS|TAMS 0x0000000085f00000, 0x0000000085f00000| Complete 
|  74|0x0000000086000000, 0x0000000086100000, 0x0000000086100000|100%| S|CS|TAMS 0x0000000086000000, 0x0000000086000000| Complete 
|  75|0x0000000086100000, 0x0000000086200000, 0x0000000086200000|100%| S|CS|TAMS 0x0000000086100000, 0x0000000086100000| Complete 
|  76|0x0000000086200000, 0x0000000086300000, 0x0000000086300000|100%| S|CS|TAMS 0x0000000086200000, 0x0000000086200000| Complete 
|  77|0x0000000086300000, 0x0000000086400000, 0x0000000086400000|100%| S|CS|TAMS 0x0000000086300000, 0x0000000086300000| Complete 
|  78|0x0000000086400000, 0x0000000086500000, 0x0000000086500000|100%| S|CS|TAMS 0x0000000086400000, 0x0000000086400000| Complete 
|  79|0x0000000086500000, 0x0000000086600000, 0x0000000086600000|100%| S|CS|TAMS 0x0000000086500000, 0x0000000086500000| Complete 
|  80|0x0000000086600000, 0x0000000086700000, 0x0000000086700000|100%| S|CS|TAMS 0x0000000086600000, 0x0000000086600000| Complete 
|  81|0x0000000086700000, 0x0000000086700000, 0x0000000086800000|  0%| F|  |TAMS 0x0000000086700000, 0x0000000086700000| Untracked 
|  82|0x0000000086800000, 0x0000000086800000, 0x0000000086900000|  0%| F|  |TAMS 0x0000000086800000, 0x0000000086800000| Untracked 
|  83|0x0000000086900000, 0x0000000086900000, 0x0000000086a00000|  0%| F|  |TAMS 0x0000000086900000, 0x0000000086900000| Untracked 
|  84|0x0000000086a00000, 0x0000000086a00000, 0x0000000086b00000|  0%| F|  |TAMS 0x0000000086a00000, 0x0000000086a00000| Untracked 
|  85|0x0000000086b00000, 0x0000000086b00000, 0x0000000086c00000|  0%| F|  |TAMS 0x0000000086b00000, 0x0000000086b00000| Untracked 
|  86|0x0000000086c00000, 0x0000000086c00000, 0x0000000086d00000|  0%| F|  |TAMS 0x0000000086c00000, 0x0000000086c00000| Untracked 
|  87|0x0000000086d00000, 0x0000000086d00000, 0x0000000086e00000|  0%| F|  |TAMS 0x0000000086d00000, 0x0000000086d00000| Untracked 
|  88|0x0000000086e00000, 0x0000000086e00000, 0x0000000086f00000|  0%| F|  |TAMS 0x0000000086e00000, 0x0000000086e00000| Untracked 
|  89|0x0000000086f00000, 0x0000000086f00000, 0x0000000087000000|  0%| F|  |TAMS 0x0000000086f00000, 0x0000000086f00000| Untracked 
|  90|0x0000000087000000, 0x0000000087000000, 0x0000000087100000|  0%| F|  |TAMS 0x0000000087000000, 0x0000000087000000| Untracked 
|  91|0x0000000087100000, 0x0000000087100000, 0x0000000087200000|  0%| F|  |TAMS 0x0000000087100000, 0x0000000087100000| Untracked 
|  92|0x0000000087200000, 0x0000000087200000, 0x0000000087300000|  0%| F|  |TAMS 0x0000000087200000, 0x0000000087200000| Untracked 
|  93|0x0000000087300000, 0x0000000087300000, 0x0000000087400000|  0%| F|  |TAMS 0x0000000087300000, 0x0000000087300000| Untracked 
|  94|0x0000000087400000, 0x0000000087400000, 0x0000000087500000|  0%| F|  |TAMS 0x0000000087400000, 0x0000000087400000| Untracked 
|  95|0x0000000087500000, 0x0000000087500000, 0x0000000087600000|  0%| F|  |TAMS 0x0000000087500000, 0x0000000087500000| Untracked 
|  96|0x0000000087600000, 0x0000000087600000, 0x0000000087700000|  0%| F|  |TAMS 0x0000000087600000, 0x0000000087600000| Untracked 
|  97|0x0000000087700000, 0x0000000087700000, 0x0000000087800000|  0%| F|  |TAMS 0x0000000087700000, 0x0000000087700000| Untracked 
|  98|0x0000000087800000, 0x0000000087800000, 0x0000000087900000|  0%| F|  |TAMS 0x0000000087800000, 0x0000000087800000| Untracked 
|  99|0x0000000087900000, 0x0000000087900000, 0x0000000087a00000|  0%| F|  |TAMS 0x0000000087900000, 0x0000000087900000| Untracked 
| 100|0x0000000087a00000, 0x0000000087a00000, 0x0000000087b00000|  0%| F|  |TAMS 0x0000000087a00000, 0x0000000087a00000| Untracked 
| 101|0x0000000087b00000, 0x0000000087b00000, 0x0000000087c00000|  0%| F|  |TAMS 0x0000000087b00000, 0x0000000087b00000| Untracked 
| 102|0x0000000087c00000, 0x0000000087c00000, 0x0000000087d00000|  0%| F|  |TAMS 0x0000000087c00000, 0x0000000087c00000| Untracked 
| 103|0x0000000087d00000, 0x0000000087d00000, 0x0000000087e00000|  0%| F|  |TAMS 0x0000000087d00000, 0x0000000087d00000| Untracked 
| 104|0x0000000087e00000, 0x0000000087e00000, 0x0000000087f00000|  0%| F|  |TAMS 0x0000000087e00000, 0x0000000087e00000| Untracked 
| 105|0x0000000087f00000, 0x0000000087f00000, 0x0000000088000000|  0%| F|  |TAMS 0x0000000087f00000, 0x0000000087f00000| Untracked 
| 106|0x0000000088000000, 0x0000000088000000, 0x0000000088100000|  0%| F|  |TAMS 0x0000000088000000, 0x0000000088000000| Untracked 
| 107|0x0000000088100000, 0x0000000088100000, 0x0000000088200000|  0%| F|  |TAMS 0x0000000088100000, 0x0000000088100000| Untracked 
| 108|0x0000000088200000, 0x0000000088200000, 0x0000000088300000|  0%| F|  |TAMS 0x0000000088200000, 0x0000000088200000| Untracked 
| 109|0x0000000088300000, 0x0000000088300000, 0x0000000088400000|  0%| F|  |TAMS 0x0000000088300000, 0x0000000088300000| Untracked 
| 110|0x0000000088400000, 0x0000000088400000, 0x0000000088500000|  0%| F|  |TAMS 0x0000000088400000, 0x0000000088400000| Untracked 
| 111|0x0000000088500000, 0x0000000088500000, 0x0000000088600000|  0%| F|  |TAMS 0x0000000088500000, 0x0000000088500000| Untracked 
| 112|0x0000000088600000, 0x0000000088600000, 0x0000000088700000|  0%| F|  |TAMS 0x0000000088600000, 0x0000000088600000| Untracked 
| 113|0x0000000088700000, 0x0000000088700000, 0x0000000088800000|  0%| F|  |TAMS 0x0000000088700000, 0x0000000088700000| Untracked 
| 114|0x0000000088800000, 0x0000000088800000, 0x0000000088900000|  0%| F|  |TAMS 0x0000000088800000, 0x0000000088800000| Untracked 
| 115|0x0000000088900000, 0x0000000088900000, 0x0000000088a00000|  0%| F|  |TAMS 0x0000000088900000, 0x0000000088900000| Untracked 
| 116|0x0000000088a00000, 0x0000000088b00000, 0x0000000088b00000|100%| E|  |TAMS 0x0000000088a00000, 0x0000000088a00000| Complete 
| 117|0x0000000088b00000, 0x0000000088c00000, 0x0000000088c00000|100%| E|CS|TAMS 0x0000000088b00000, 0x0000000088b00000| Complete 
| 118|0x0000000088c00000, 0x0000000088d00000, 0x0000000088d00000|100%| E|CS|TAMS 0x0000000088c00000, 0x0000000088c00000| Complete 
| 119|0x0000000088d00000, 0x0000000088e00000, 0x0000000088e00000|100%| E|CS|TAMS 0x0000000088d00000, 0x0000000088d00000| Complete 
| 120|0x0000000088e00000, 0x0000000088f00000, 0x0000000088f00000|100%| E|CS|TAMS 0x0000000088e00000, 0x0000000088e00000| Complete 
| 121|0x0000000088f00000, 0x0000000089000000, 0x0000000089000000|100%| E|CS|TAMS 0x0000000088f00000, 0x0000000088f00000| Complete 
| 122|0x0000000089000000, 0x0000000089100000, 0x0000000089100000|100%| E|CS|TAMS 0x0000000089000000, 0x0000000089000000| Complete 
| 123|0x0000000089100000, 0x0000000089200000, 0x0000000089200000|100%| E|CS|TAMS 0x0000000089100000, 0x0000000089100000| Complete 
| 124|0x0000000089200000, 0x0000000089300000, 0x0000000089300000|100%| E|CS|TAMS 0x0000000089200000, 0x0000000089200000| Complete 
| 125|0x0000000089300000, 0x0000000089400000, 0x0000000089400000|100%| E|CS|TAMS 0x0000000089300000, 0x0000000089300000| Complete 
| 126|0x0000000089400000, 0x0000000089500000, 0x0000000089500000|100%| E|CS|TAMS 0x0000000089400000, 0x0000000089400000| Complete 
| 127|0x0000000089500000, 0x0000000089600000, 0x0000000089600000|100%| E|CS|TAMS 0x0000000089500000, 0x0000000089500000| Complete 
| 128|0x0000000089600000, 0x0000000089700000, 0x0000000089700000|100%| E|CS|TAMS 0x0000000089600000, 0x0000000089600000| Complete 
| 129|0x0000000089700000, 0x0000000089800000, 0x0000000089800000|100%| E|CS|TAMS 0x0000000089700000, 0x0000000089700000| Complete 
| 130|0x0000000089800000, 0x0000000089900000, 0x0000000089900000|100%| E|CS|TAMS 0x0000000089800000, 0x0000000089800000| Complete 
| 131|0x0000000089900000, 0x0000000089a00000, 0x0000000089a00000|100%| E|CS|TAMS 0x0000000089900000, 0x0000000089900000| Complete 
| 132|0x0000000089a00000, 0x0000000089b00000, 0x0000000089b00000|100%| E|CS|TAMS 0x0000000089a00000, 0x0000000089a00000| Complete 
| 133|0x0000000089b00000, 0x0000000089c00000, 0x0000000089c00000|100%| E|CS|TAMS 0x0000000089b00000, 0x0000000089b00000| Complete 
| 134|0x0000000089c00000, 0x0000000089d00000, 0x0000000089d00000|100%| E|CS|TAMS 0x0000000089c00000, 0x0000000089c00000| Complete 
| 135|0x0000000089d00000, 0x0000000089e00000, 0x0000000089e00000|100%| E|CS|TAMS 0x0000000089d00000, 0x0000000089d00000| Complete 
| 136|0x0000000089e00000, 0x0000000089f00000, 0x0000000089f00000|100%| E|CS|TAMS 0x0000000089e00000, 0x0000000089e00000| Complete 
| 137|0x0000000089f00000, 0x000000008a000000, 0x000000008a000000|100%| E|CS|TAMS 0x0000000089f00000, 0x0000000089f00000| Complete 
| 138|0x000000008a000000, 0x000000008a100000, 0x000000008a100000|100%| E|CS|TAMS 0x000000008a000000, 0x000000008a000000| Complete 
| 139|0x000000008a100000, 0x000000008a200000, 0x000000008a200000|100%| E|CS|TAMS 0x000000008a100000, 0x000000008a100000| Complete 
| 140|0x000000008a200000, 0x000000008a300000, 0x000000008a300000|100%| E|CS|TAMS 0x000000008a200000, 0x000000008a200000| Complete 
| 141|0x000000008a300000, 0x000000008a400000, 0x000000008a400000|100%| E|CS|TAMS 0x000000008a300000, 0x000000008a300000| Complete 
| 142|0x000000008a400000, 0x000000008a500000, 0x000000008a500000|100%| E|CS|TAMS 0x000000008a400000, 0x000000008a400000| Complete 
| 143|0x000000008a500000, 0x000000008a600000, 0x000000008a600000|100%| E|CS|TAMS 0x000000008a500000, 0x000000008a500000| Complete 
| 144|0x000000008a600000, 0x000000008a700000, 0x000000008a700000|100%| E|CS|TAMS 0x000000008a600000, 0x000000008a600000| Complete 
| 145|0x000000008a700000, 0x000000008a800000, 0x000000008a800000|100%| E|CS|TAMS 0x000000008a700000, 0x000000008a700000| Complete 
| 146|0x000000008a800000, 0x000000008a900000, 0x000000008a900000|100%| E|CS|TAMS 0x000000008a800000, 0x000000008a800000| Complete 
| 147|0x000000008a900000, 0x000000008aa00000, 0x000000008aa00000|100%| E|CS|TAMS 0x000000008a900000, 0x000000008a900000| Complete 
| 148|0x000000008aa00000, 0x000000008ab00000, 0x000000008ab00000|100%| E|CS|TAMS 0x000000008aa00000, 0x000000008aa00000| Complete 
| 149|0x000000008ab00000, 0x000000008ac00000, 0x000000008ac00000|100%| E|CS|TAMS 0x000000008ab00000, 0x000000008ab00000| Complete 
| 150|0x000000008ac00000, 0x000000008ad00000, 0x000000008ad00000|100%| E|CS|TAMS 0x000000008ac00000, 0x000000008ac00000| Complete 
| 151|0x000000008ad00000, 0x000000008ae00000, 0x000000008ae00000|100%| E|CS|TAMS 0x000000008ad00000, 0x000000008ad00000| Complete 
| 152|0x000000008ae00000, 0x000000008af00000, 0x000000008af00000|100%| E|CS|TAMS 0x000000008ae00000, 0x000000008ae00000| Complete 
| 153|0x000000008af00000, 0x000000008b000000, 0x000000008b000000|100%| E|CS|TAMS 0x000000008af00000, 0x000000008af00000| Complete 
| 154|0x000000008b000000, 0x000000008b100000, 0x000000008b100000|100%| E|CS|TAMS 0x000000008b000000, 0x000000008b000000| Complete 
| 155|0x000000008b100000, 0x000000008b200000, 0x000000008b200000|100%| E|CS|TAMS 0x000000008b100000, 0x000000008b100000| Complete 
| 156|0x000000008b200000, 0x000000008b300000, 0x000000008b300000|100%| E|CS|TAMS 0x000000008b200000, 0x000000008b200000| Complete 
| 157|0x000000008b300000, 0x000000008b400000, 0x000000008b400000|100%| E|CS|TAMS 0x000000008b300000, 0x000000008b300000| Complete 
| 158|0x000000008b400000, 0x000000008b500000, 0x000000008b500000|100%| E|CS|TAMS 0x000000008b400000, 0x000000008b400000| Complete 
| 159|0x000000008b500000, 0x000000008b600000, 0x000000008b600000|100%| E|CS|TAMS 0x000000008b500000, 0x000000008b500000| Complete 
| 160|0x000000008b600000, 0x000000008b700000, 0x000000008b700000|100%| E|CS|TAMS 0x000000008b600000, 0x000000008b600000| Complete 
| 161|0x000000008b700000, 0x000000008b800000, 0x000000008b800000|100%| E|CS|TAMS 0x000000008b700000, 0x000000008b700000| Complete 
| 162|0x000000008b800000, 0x000000008b900000, 0x000000008b900000|100%| E|CS|TAMS 0x000000008b800000, 0x000000008b800000| Complete 
| 163|0x000000008b900000, 0x000000008ba00000, 0x000000008ba00000|100%| E|CS|TAMS 0x000000008b900000, 0x000000008b900000| Complete 
| 164|0x000000008ba00000, 0x000000008bb00000, 0x000000008bb00000|100%| E|CS|TAMS 0x000000008ba00000, 0x000000008ba00000| Complete 
| 165|0x000000008bb00000, 0x000000008bc00000, 0x000000008bc00000|100%| E|CS|TAMS 0x000000008bb00000, 0x000000008bb00000| Complete 
| 166|0x000000008bc00000, 0x000000008bd00000, 0x000000008bd00000|100%| E|CS|TAMS 0x000000008bc00000, 0x000000008bc00000| Complete 
| 167|0x000000008bd00000, 0x000000008be00000, 0x000000008be00000|100%| E|CS|TAMS 0x000000008bd00000, 0x000000008bd00000| Complete 
| 168|0x000000008be00000, 0x000000008bf00000, 0x000000008bf00000|100%| E|CS|TAMS 0x000000008be00000, 0x000000008be00000| Complete 
| 169|0x000000008bf00000, 0x000000008c000000, 0x000000008c000000|100%| E|CS|TAMS 0x000000008bf00000, 0x000000008bf00000| Complete 
| 170|0x000000008c000000, 0x000000008c100000, 0x000000008c100000|100%| E|CS|TAMS 0x000000008c000000, 0x000000008c000000| Complete 
| 171|0x000000008c100000, 0x000000008c200000, 0x000000008c200000|100%| E|CS|TAMS 0x000000008c100000, 0x000000008c100000| Complete 
| 172|0x000000008c200000, 0x000000008c300000, 0x000000008c300000|100%| E|CS|TAMS 0x000000008c200000, 0x000000008c200000| Complete 
| 173|0x000000008c300000, 0x000000008c400000, 0x000000008c400000|100%| E|CS|TAMS 0x000000008c300000, 0x000000008c300000| Complete 
| 174|0x000000008c400000, 0x000000008c500000, 0x000000008c500000|100%| E|CS|TAMS 0x000000008c400000, 0x000000008c400000| Complete 
| 175|0x000000008c500000, 0x000000008c600000, 0x000000008c600000|100%| E|CS|TAMS 0x000000008c500000, 0x000000008c500000| Complete 
| 176|0x000000008c600000, 0x000000008c700000, 0x000000008c700000|100%| E|CS|TAMS 0x000000008c600000, 0x000000008c600000| Complete 
| 177|0x000000008c700000, 0x000000008c800000, 0x000000008c800000|100%| E|CS|TAMS 0x000000008c700000, 0x000000008c700000| Complete 
| 178|0x000000008c800000, 0x000000008c900000, 0x000000008c900000|100%| E|CS|TAMS 0x000000008c800000, 0x000000008c800000| Complete 
| 179|0x000000008c900000, 0x000000008ca00000, 0x000000008ca00000|100%| E|CS|TAMS 0x000000008c900000, 0x000000008c900000| Complete 
| 180|0x000000008ca00000, 0x000000008cb00000, 0x000000008cb00000|100%| E|CS|TAMS 0x000000008ca00000, 0x000000008ca00000| Complete 
| 181|0x000000008cb00000, 0x000000008cc00000, 0x000000008cc00000|100%| E|CS|TAMS 0x000000008cb00000, 0x000000008cb00000| Complete 
| 182|0x000000008cc00000, 0x000000008cd00000, 0x000000008cd00000|100%| E|CS|TAMS 0x000000008cc00000, 0x000000008cc00000| Complete 
| 183|0x000000008cd00000, 0x000000008ce00000, 0x000000008ce00000|100%| E|CS|TAMS 0x000000008cd00000, 0x000000008cd00000| Complete 
| 184|0x000000008ce00000, 0x000000008cf00000, 0x000000008cf00000|100%| E|CS|TAMS 0x000000008ce00000, 0x000000008ce00000| Complete 

Card table byte_map: [0x0000018af24d0000,0x0000018af28d0000] _byte_map_base: 0x0000018af20c5000

Marking Bits (Prev, Next): (CMBitMap*) 0x0000018adac421d0, (CMBitMap*) 0x0000018adac42198
 Prev Bits: [0x0000018af4c80000, 0x0000018af6c28000)
 Next Bits: [0x0000018af2cd0000, 0x0000018af4c78000)

Polling page: 0x0000018ad8ae0000

Metaspace:

Usage:
  Non-class:     56.53 MB capacity,    55.41 MB ( 98%) used,   901.50 KB (  2%) free+waste,   248.00 KB ( <1%) overhead. 
      Class:      9.20 MB capacity,     8.42 MB ( 92%) used,   679.77 KB (  7%) free+waste,   120.31 KB (  1%) overhead. 
       Both:     65.73 MB capacity,    63.83 MB ( 97%) used,     1.54 MB (  2%) free+waste,   368.31 KB ( <1%) overhead. 

Virtual space:
  Non-class space:       58.00 MB reserved,      56.74 MB ( 98%) committed 
      Class space:        1.00 GB reserved,       9.29 MB ( <1%) committed 
             Both:        1.06 GB reserved,      66.03 MB (  6%) committed 

Chunk freelists:
   Non-Class:  3.13 KB
       Class:  2.50 KB
        Both:  5.63 KB

CodeHeap 'non-profiled nmethods': size=120064Kb used=3235Kb max_used=3235Kb free=116828Kb
 bounds [0x0000018aeab90000, 0x0000018aeaec0000, 0x0000018af20d0000]
CodeHeap 'profiled nmethods': size=120000Kb used=11077Kb max_used=11077Kb free=108922Kb
 bounds [0x0000018ae3660000, 0x0000018ae4140000, 0x0000018aeab90000]
CodeHeap 'non-nmethods': size=5696Kb used=1197Kb max_used=1251Kb free=4498Kb
 bounds [0x0000018ae30d0000, 0x0000018ae3340000, 0x0000018ae3660000]
 total_blobs=5503 nmethods=4948 adapters=466
 compilation: enabled
              stopped_count=0, restarted_count=0
 full_count=0

Compilation events (10 events):
Event: 17.028 Thread 0x0000018af9143800 nmethod 4982 0x0000018ae4130510 code [0x0000018ae41306c0, 0x0000018ae4130808]
Event: 17.028 Thread 0x0000018af9143800 4983       2       java.lang.SecurityManager::lambda$addNonExportedPackages$1 (14 bytes)
Event: 17.028 Thread 0x0000018af9143800 nmethod 4983 0x0000018ae4130910 code [0x0000018ae4130ac0, 0x0000018ae4130c68]
Event: 17.028 Thread 0x0000018af9143800 4984       2       java.util.HashMap::afterNodeRemoval (1 bytes)
Event: 17.029 Thread 0x0000018af9143800 nmethod 4984 0x0000018ae4130d10 code [0x0000018ae4130ea0, 0x0000018ae4130f98]
Event: 17.029 Thread 0x0000018af9143800 4985       2       java.lang.SecurityManager$$Lambda$1332/0x0000000100929840::test (8 bytes)
Event: 17.029 Thread 0x0000018af9143800 nmethod 4985 0x0000018ae4131010 code [0x0000018ae41311c0, 0x0000018ae4131308]
Event: 17.029 Thread 0x0000018af9143800 4986       2       java.lang.SecurityManager::lambda$nonExportedPkgs$2 (13 bytes)
Event: 17.029 Thread 0x0000018af9143800 nmethod 4986 0x0000018ae4131410 code [0x0000018ae41315c0, 0x0000018ae41316e8]
Event: 17.030 Thread 0x0000018af9143800 4987       2       java.util.ImmutableCollections$SetN::iterator (9 bytes)

GC Heap History (10 events):
Event: 5.862 GC heap before
{Heap before GC invocations=7 (full 0):
 garbage-first heap   total 157696K, used 29862K [0x0000000081600000, 0x0000000100000000)
  region size 1024K, 24 young (24576K), 7 survivors (7168K)
 Metaspace       used 34560K, capacity 35518K, committed 35584K, reserved 1081344K
  class space    used 4169K, capacity 4578K, committed 4608K, reserved 1048576K
}
Event: 5.878 GC heap after
{Heap after GC invocations=8 (full 0):
 garbage-first heap   total 157696K, used 14011K [0x0000000081600000, 0x0000000100000000)
  region size 1024K, 7 young (7168K), 7 survivors (7168K)
 Metaspace       used 34560K, capacity 35518K, committed 35584K, reserved 1081344K
  class space    used 4169K, capacity 4578K, committed 4608K, reserved 1048576K
}
Event: 8.357 GC heap before
{Heap before GC invocations=9 (full 0):
 garbage-first heap   total 157696K, used 101051K [0x0000000081600000, 0x0000000100000000)
  region size 1024K, 92 young (94208K), 7 survivors (7168K)
 Metaspace       used 42933K, capacity 44275K, committed 44408K, reserved 1087488K
  class space    used 5390K, capacity 5932K, committed 6016K, reserved 1048576K
}
Event: 8.378 GC heap after
{Heap after GC invocations=10 (full 0):
 garbage-first heap   total 157696K, used 17458K [0x0000000081600000, 0x0000000100000000)
  region size 1024K, 10 young (10240K), 10 survivors (10240K)
 Metaspace       used 42933K, capacity 44275K, committed 44408K, reserved 1087488K
  class space    used 5390K, capacity 5932K, committed 6016K, reserved 1048576K
}
Event: 12.161 GC heap before
{Heap before GC invocations=10 (full 0):
 garbage-first heap   total 157696K, used 101426K [0x0000000081600000, 0x0000000100000000)
  region size 1024K, 92 young (94208K), 10 survivors (10240K)
 Metaspace       used 54201K, capacity 55531K, committed 55672K, reserved 1097728K
  class space    used 7008K, capacity 7545K, committed 7552K, reserved 1048576K
}
Event: 12.186 GC heap after
{Heap after GC invocations=11 (full 0):
 garbage-first heap   total 157696K, used 20143K [0x0000000081600000, 0x0000000100000000)
  region size 1024K, 9 young (9216K), 9 survivors (9216K)
 Metaspace       used 54201K, capacity 55531K, committed 55672K, reserved 1097728K
  class space    used 7008K, capacity 7545K, committed 7552K, reserved 1048576K
}
Event: 13.428 GC heap before
{Heap before GC invocations=11 (full 0):
 garbage-first heap   total 157696K, used 59055K [0x0000000081600000, 0x0000000100000000)
  region size 1024K, 48 young (49152K), 9 survivors (9216K)
 Metaspace       used 58285K, capacity 59853K, committed 59936K, reserved 1101824K
  class space    used 7558K, capacity 8201K, committed 8232K, reserved 1048576K
}
Event: 13.453 GC heap after
{Heap after GC invocations=12 (full 0):
 garbage-first heap   total 189440K, used 22027K [0x0000000081600000, 0x0000000100000000)
  region size 1024K, 5 young (5120K), 5 survivors (5120K)
 Metaspace       used 58285K, capacity 59853K, committed 59936K, reserved 1101824K
  class space    used 7558K, capacity 8201K, committed 8232K, reserved 1048576K
}
Event: 15.994 GC heap before
{Heap before GC invocations=13 (full 0):
 garbage-first heap   total 189440K, used 123403K [0x0000000081600000, 0x0000000100000000)
  region size 1024K, 104 young (106496K), 5 survivors (5120K)
 Metaspace       used 62611K, capacity 64516K, committed 64544K, reserved 1105920K
  class space    used 8190K, capacity 8980K, committed 9000K, reserved 1048576K
}
Event: 16.019 GC heap after
{Heap after GC invocations=14 (full 0):
 garbage-first heap   total 189440K, used 28171K [0x0000000081600000, 0x0000000100000000)
  region size 1024K, 11 young (11264K), 11 survivors (11264K)
 Metaspace       used 62611K, capacity 64516K, committed 64544K, reserved 1105920K
  class space    used 8190K, capacity 8980K, committed 9000K, reserved 1048576K
}

Deoptimization events (10 events):
Event: 16.064 Thread 0x0000018adac05800 Uncommon trap: reason=unstable_if action=reinterpret pc=0x0000018aeae3f308 method=org.springframework.core.annotation.AnnotationsScanner.processClassHierarchy(Ljava/lang/Object;[ILjava/lang/Class;Lorg/springframework/core/annotation/AnnotationsProcessor;Z
Event: 16.124 Thread 0x0000018adac05800 Uncommon trap: reason=speculate_class_check action=maybe_recompile pc=0x0000018aeae9731c method=java.lang.reflect.Executable.declaredAnnotations()Ljava/util/Map; @ 23 c2
Event: 16.127 Thread 0x0000018adac05800 Uncommon trap: reason=speculate_class_check action=maybe_recompile pc=0x0000018aeae9731c method=java.lang.reflect.Executable.declaredAnnotations()Ljava/util/Map; @ 23 c2
Event: 16.137 Thread 0x0000018adac05800 Uncommon trap: reason=speculate_class_check action=maybe_recompile pc=0x0000018aeae9731c method=java.lang.reflect.Executable.declaredAnnotations()Ljava/util/Map; @ 23 c2
Event: 16.144 Thread 0x0000018adac05800 Uncommon trap: reason=speculate_class_check action=maybe_recompile pc=0x0000018aeae9731c method=java.lang.reflect.Executable.declaredAnnotations()Ljava/util/Map; @ 23 c2
Event: 16.212 Thread 0x0000018adac05800 Uncommon trap: reason=unstable_if action=reinterpret pc=0x0000018aeac9f008 method=org.springframework.util.ObjectUtils.nullSafeEquals(Ljava/lang/Object;Ljava/lang/Object;)Z @ 12 c2
Event: 16.301 Thread 0x0000018adac05800 Uncommon trap: reason=unstable_if action=reinterpret pc=0x0000018aeae7c070 method=java.util.StringJoiner.toString()Ljava/lang/String; @ 13 c2
Event: 16.460 Thread 0x0000018adac05800 Uncommon trap: reason=unstable_if action=reinterpret pc=0x0000018aeae95ccc method=java.util.concurrent.ConcurrentHashMap.get(Ljava/lang/Object;)Ljava/lang/Object; @ 99 c2
Event: 16.676 Thread 0x0000018adac05800 Uncommon trap: reason=unstable_if action=reinterpret pc=0x0000018aeaba4a14 method=java.lang.String.hashCode()I @ 22 c2
Event: 16.939 Thread 0x0000018adac05800 Uncommon trap: reason=unstable_if action=reinterpret pc=0x0000018aeac4fd1c method=java.util.LinkedHashMap.get(Ljava/lang/Object;)Ljava/lang/Object; @ 20 c2

Classes redefined (0 events):
No events

Internal exceptions (10 events):
Event: 16.846 Thread 0x0000018adac05800 Exception <a 'java/lang/ClassNotFoundException'{0x00000000892f4680}: org/springframework/web/multipart/support/StandardServletMultipartResolverCustomizer> (0x00000000892f4680) thrown at [./open/src/hotspot/share/classfile/systemDictionary.cpp, line 228]
Event: 16.847 Thread 0x0000018adac05800 Exception <a 'java/lang/ClassNotFoundException'{0x000000008910f040}: org/springframework/web/multipart/MultipartResolverCustomizer> (0x000000008910f040) thrown at [./open/src/hotspot/share/classfile/systemDictionary.cpp, line 228]
Event: 16.867 Thread 0x0000018adac05800 Exception <a 'java/lang/NoSuchMethodError'{0x0000000089176d28}: java.lang.invoke.DirectMethodHandle$Holder.invokeSpecial(Ljava/lang/Object;Ljava/lang/Object;ILjava/lang/Object;ILjava/lang/Object;)Ljava/lang/Object;> (0x0000000089176d28) thrown at [./open/
Event: 16.868 Thread 0x0000018adac05800 Exception <a 'java/lang/NoSuchMethodError'{0x000000008917e758}: java.lang.invoke.DirectMethodHandle$Holder.invokeStatic(Ljava/lang/Object;Ljava/lang/Object;ILjava/lang/Object;I)Ljava/lang/Object;> (0x000000008917e758) thrown at [./open/src/hotspot/share/i
Event: 16.868 Thread 0x0000018adac05800 Exception <a 'java/lang/NoSuchMethodError'{0x0000000089190218}: java.lang.invoke.DirectMethodHandle$Holder.invokeSpecial(Ljava/lang/Object;Ljava/lang/Object;Ljava/lang/Object;ILjava/lang/Object;I)Ljava/lang/Object;> (0x0000000089190218) thrown at [./open/
Event: 16.871 Thread 0x0000018adac05800 Exception <a 'java/lang/NoSuchMethodError'{0x000000008919a6e8}: java.lang.invoke.DirectMethodHandle$Holder.invokeVirtual(Ljava/lang/Object;Ljava/lang/Object;)V> (0x000000008919a6e8) thrown at [./open/src/hotspot/share/interpreter/linkResolver.cpp, line 77
Event: 16.941 Thread 0x0000018adac05800 Exception <a 'java/lang/ClassNotFoundException'{0x0000000088f19700}: java/lang/ObjectCustomizer> (0x0000000088f19700) thrown at [./open/src/hotspot/share/classfile/systemDictionary.cpp, line 228]
Event: 16.943 Thread 0x0000018adac05800 Exception <a 'java/lang/ClassNotFoundException'{0x0000000088f30a40}: com/sunglowsys/HotelCrudOperationApplicationTestsCustomizer> (0x0000000088f30a40) thrown at [./open/src/hotspot/share/classfile/systemDictionary.cpp, line 228]
Event: 16.965 Thread 0x0000018adac05800 Exception <a 'java/lang/NoSuchMethodError'{0x0000000088fb0018}: java.lang.invoke.DirectMethodHandle$Holder.invokeSpecial(Ljava/lang/Object;Ljava/lang/Object;Ljava/lang/Object;Ljava/lang/Object;Ljava/lang/Object;I)Ljava/lang/Object;> (0x0000000088fb0018) t
Event: 16.965 Thread 0x0000018adac05800 Exception <a 'java/lang/NoSuchMethodError'{0x0000000088fb3708}: java.lang.invoke.Invokers$Holder.linkToTargetMethod(Ljava/lang/Object;Ljava/lang/Object;Ljava/lang/Object;ILjava/lang/Object;)Ljava/lang/Object;> (0x0000000088fb3708) thrown at [./open/src/ho

Events (10 events):
Event: 17.017 loading class net/bytebuddy/dynamic/loading/ClassInjector$UsingUnsafe$Dispatcher$Enabled
Event: 17.017 loading class net/bytebuddy/dynamic/loading/ClassInjector$UsingUnsafe$Dispatcher$Enabled done
Event: 17.018 loading class net/bytebuddy/dynamic/loading/ClassInjector$UsingUnsafe$Dispatcher
Event: 17.018 loading class net/bytebuddy/dynamic/loading/ClassInjector$UsingUnsafe$Dispatcher done
Event: 17.019 loading class net/bytebuddy/dynamic/loading/ClassInjector$UsingUnsafe$System
Event: 17.019 loading class net/bytebuddy/dynamic/loading/ClassInjector$UsingUnsafe$System done
Event: 17.021 loading class net/bytebuddy/utility/privilege/GetMethodAction
Event: 17.021 loading class net/bytebuddy/utility/privilege/GetMethodAction done
Event: 17.031 loading class net/bytebuddy/dynamic/loading/ClassInjector$UsingReflection$Dispatcher$UsingUnsafeInjection
Event: 17.031 loading class net/bytebuddy/dynamic/loading/ClassInjector$UsingReflection$Dispatcher$UsingUnsafeInjection done


Dynamic libraries:
0x00007ff644190000 - 0x00007ff64419f000 	C:\Program Files\Java\jdk-11.0.12\bin\java.exe
0x00007fffe04f0000 - 0x00007fffe06e8000 	C:\Windows\SYSTEM32\ntdll.dll
0x00007fffdfa20000 - 0x00007fffdfadd000 	C:\Windows\System32\KERNEL32.DLL
0x00007fffde110000 - 0x00007fffde3de000 	C:\Windows\System32\KERNELBASE.dll
0x00007fffddf20000 - 0x00007fffde020000 	C:\Windows\System32\ucrtbase.dll
0x00007fffce180000 - 0x00007fffce195000 	C:\Program Files\Java\jdk-11.0.12\bin\VCRUNTIME140.dll
0x00007fffd6c60000 - 0x00007fffd6c78000 	C:\Program Files\Java\jdk-11.0.12\bin\jli.dll
0x00007fffde5b0000 - 0x00007fffde65e000 	C:\Windows\System32\ADVAPI32.dll
0x00007fffdf790000 - 0x00007fffdf82e000 	C:\Windows\System32\msvcrt.dll
0x00007fffdedc0000 - 0x00007fffdee5c000 	C:\Windows\System32\sechost.dll
0x00007fffde6e0000 - 0x00007fffde805000 	C:\Windows\System32\RPCRT4.dll
0x00007fffdf010000 - 0x00007fffdf1b0000 	C:\Windows\System32\USER32.dll
0x00007fffddde0000 - 0x00007fffdde02000 	C:\Windows\System32\win32u.dll
0x00007fffde580000 - 0x00007fffde5aa000 	C:\Windows\System32\GDI32.dll
0x00007fffdde10000 - 0x00007fffddf1b000 	C:\Windows\System32\gdi32full.dll
0x00007fffde070000 - 0x00007fffde10d000 	C:\Windows\System32\msvcp_win.dll
0x00007fffc5370000 - 0x00007fffc560a000 	C:\Windows\WinSxS\amd64_microsoft.windows.common-controls_6595b64144ccf1df_6.0.19041.1110_none_60b5254171f9507e\COMCTL32.dll
0x00007fffd46d0000 - 0x00007fffd46da000 	C:\Windows\SYSTEM32\VERSION.dll
0x00007fffde550000 - 0x00007fffde580000 	C:\Windows\System32\IMM32.DLL
0x00007fffb8c40000 - 0x00007fffb8cdb000 	C:\Program Files\Java\jdk-11.0.12\bin\msvcp140.dll
0x00007fff7ef00000 - 0x00007fff7f9ff000 	C:\Program Files\Java\jdk-11.0.12\bin\server\jvm.dll
0x00007fffdfce0000 - 0x00007fffdfce8000 	C:\Windows\System32\PSAPI.DLL
0x00007fffd2ee0000 - 0x00007fffd2ee9000 	C:\Windows\SYSTEM32\WSOCK32.dll
0x00007fffdf1b0000 - 0x00007fffdf21b000 	C:\Windows\System32\WS2_32.dll
0x00007fffcaec0000 - 0x00007fffcaee7000 	C:\Windows\SYSTEM32\WINMM.dll
0x00007fffdbb10000 - 0x00007fffdbb22000 	C:\Windows\SYSTEM32\kernel.appcore.dll
0x00007fffd1140000 - 0x00007fffd1150000 	C:\Program Files\Java\jdk-11.0.12\bin\verify.dll
0x00007fffdb360000 - 0x00007fffdb544000 	C:\Windows\SYSTEM32\DBGHELP.DLL
0x00007fffd8000000 - 0x00007fffd802c000 	C:\Windows\SYSTEM32\dbgcore.DLL
0x00007fffde4c0000 - 0x00007fffde542000 	C:\Windows\System32\bcryptPrimitives.dll
0x00007fffc9280000 - 0x00007fffc92a8000 	C:\Program Files\Java\jdk-11.0.12\bin\java.dll
0x00007fffcdaa0000 - 0x00007fffcdaaa000 	C:\Program Files\Java\jdk-11.0.12\bin\jimage.dll
0x00007fffcd230000 - 0x00007fffcd246000 	C:\Program Files\Java\jdk-11.0.12\bin\zip.dll
0x00007fffdfcf0000 - 0x00007fffe0434000 	C:\Windows\System32\SHELL32.dll
0x00007fffdbd10000 - 0x00007fffdc4a4000 	C:\Windows\SYSTEM32\windows.storage.dll
0x00007fffdf3d0000 - 0x00007fffdf724000 	C:\Windows\System32\combase.dll
0x00007fffdd670000 - 0x00007fffdd6a0000 	C:\Windows\SYSTEM32\Wldp.dll
0x00007fffded10000 - 0x00007fffdedbd000 	C:\Windows\System32\SHCORE.dll
0x00007fffdfc80000 - 0x00007fffdfcd5000 	C:\Windows\System32\shlwapi.dll
0x00007fffddb50000 - 0x00007fffddb6f000 	C:\Windows\SYSTEM32\profapi.dll
0x00007fffc8be0000 - 0x00007fffc8bf9000 	C:\Program Files\Java\jdk-11.0.12\bin\net.dll
0x00007fffd4290000 - 0x00007fffd439a000 	C:\Windows\SYSTEM32\WINHTTP.dll
0x00007fffdd3d0000 - 0x00007fffdd43a000 	C:\Windows\system32\mswsock.dll
0x00007fffc8bc0000 - 0x00007fffc8bd2000 	C:\Program Files\Java\jdk-11.0.12\bin\nio.dll
0x00007fffda760000 - 0x00007fffda769000 	C:\Program Files\Java\jdk-11.0.12\bin\management.dll
0x00007fffd85a0000 - 0x00007fffd85ab000 	C:\Program Files\Java\jdk-11.0.12\bin\management_ext.dll
0x00007fffd2ec0000 - 0x00007fffd2ed7000 	C:\Windows\system32\napinsp.dll
0x00007fffd2ea0000 - 0x00007fffd2ebb000 	C:\Windows\system32\pnrpnsp.dll
0x00007fffce360000 - 0x00007fffce375000 	C:\Windows\system32\wshbth.dll
0x00007fffd8100000 - 0x00007fffd811d000 	C:\Windows\system32\NLAapi.dll
0x00007fffdd070000 - 0x00007fffdd0ab000 	C:\Windows\SYSTEM32\IPHLPAPI.DLL
0x00007fffdd110000 - 0x00007fffdd1da000 	C:\Windows\SYSTEM32\DNSAPI.dll
0x00007fffe04a0000 - 0x00007fffe04a8000 	C:\Windows\System32\NSI.dll
0x00007fffcc430000 - 0x00007fffcc442000 	C:\Windows\System32\winrnr.dll
0x00007fffd4010000 - 0x00007fffd401a000 	C:\Windows\System32\rasadhlp.dll
0x00007fffd40c0000 - 0x00007fffd4140000 	C:\Windows\System32\fwpuclnt.dll
0x00007fffde490000 - 0x00007fffde4b7000 	C:\Windows\System32\bcrypt.dll
0x00007fffdd5c0000 - 0x00007fffdd5d8000 	C:\Windows\SYSTEM32\CRYPTSP.dll
0x00007fffdcce0000 - 0x00007fffdcd14000 	C:\Windows\system32\rsaenh.dll
0x00007fffddb10000 - 0x00007fffddb3e000 	C:\Windows\SYSTEM32\USERENV.dll
0x00007fffdd5e0000 - 0x00007fffdd5ec000 	C:\Windows\SYSTEM32\CRYPTBASE.dll
0x00007fffd65c0000 - 0x00007fffd65d7000 	C:\Windows\SYSTEM32\dhcpcsvc6.DLL
0x00007fffd71b0000 - 0x00007fffd71cd000 	C:\Windows\SYSTEM32\dhcpcsvc.DLL
0x00007fffd6bd0000 - 0x00007fffd6bf5000 	C:\Program Files\Java\jdk-11.0.12\bin\sunec.dll

dbghelp: loaded successfully - version: 4.0.5 - missing functions: none
symbol engine: initialized successfully - sym options: 0x614 - pdb path: .;C:\Program Files\Java\jdk-11.0.12\bin;C:\Windows\SYSTEM32;C:\Windows\WinSxS\amd64_microsoft.windows.common-controls_6595b64144ccf1df_6.0.19041.1110_none_60b5254171f9507e;C:\Program Files\Java\jdk-11.0.12\bin\server

VM Arguments:
java_command: C:\Users\lenovo\AppData\Local\Temp\surefire13278217530362676030\surefirebooter338104091485023247.jar C:\Users\lenovo\AppData\Local\Temp\surefire13278217530362676030 2022-08-23T14-05-34_678-jvmRun1 surefire14921522771036077165tmp surefire_014147190021622458394tmp
java_class_path (initial): C:\Users\lenovo\AppData\Local\Temp\surefire13278217530362676030\surefirebooter338104091485023247.jar
Launcher Type: SUN_STANDARD

[Global flags]
     intx CICompilerCount                          = 3                                         {product} {ergonomic}
     uint ConcGCThreads                            = 1                                         {product} {ergonomic}
     uint G1ConcRefinementThreads                  = 4                                         {product} {ergonomic}
   size_t G1HeapRegionSize                         = 1048576                                   {product} {ergonomic}
    uintx GCDrainStackTargetSize                   = 64                                        {product} {ergonomic}
   size_t InitialHeapSize                          = 134217728                                 {product} {ergonomic}
   size_t MarkStackSize                            = 4194304                                   {product} {ergonomic}
   size_t MaxHeapSize                              = 2124414976                                {product} {ergonomic}
   size_t MaxNewSize                               = 1274019840                                {product} {ergonomic}
   size_t MinHeapDeltaBytes                        = 1048576                                   {product} {ergonomic}
    uintx NonNMethodCodeHeapSize                   = 5830732                                {pd product} {ergonomic}
    uintx NonProfiledCodeHeapSize                  = 122913754                              {pd product} {ergonomic}
    uintx ProfiledCodeHeapSize                     = 122913754                              {pd product} {ergonomic}
    uintx ReservedCodeCacheSize                    = 251658240                              {pd product} {ergonomic}
     bool SegmentedCodeCache                       = true                                      {product} {ergonomic}
     bool UseCompressedClassPointers               = true                                 {lp64_product} {ergonomic}
     bool UseCompressedOops                        = true                                 {lp64_product} {ergonomic}
     bool UseG1GC                                  = true                                      {product} {ergonomic}
     bool UseLargePagesIndividualAllocation        = false                                  {pd product} {ergonomic}

Logging:
Log output configuration:
 #0: stdout all=warning uptime,level,tags
 #1: stderr all=off uptime,level,tags

Environment Variables:
JAVA_HOME=C:\Program Files\Java\jdk-11.0.12
PATH=C:\Program Files\Common Files\Oracle\Java\javapath;C:\Windows\system32;C:\Windows;C:\Windows\System32\Wbem;C:\Windows\System32\WindowsPowerShell\v1.0\;C:\Windows\System32\OpenSSH\;C:\Program Files\nodejs\;C:\Program Files\Java\jdk-11.0.12\bin;C:\software\apache-zookeeper-3.8.0-bin\\bin;C:\Program Files\apache-maven-3.8.6\bin;C:\software\Git\cmd;C:\Program Files\MySQL\MySQL Shell 8.0\bin\;C:\Users\lenovo\AppData\Local\Microsoft\WindowsApps;C:\Users\lenovo\AppData\Roaming\npm;C:\Users\lenovo\AppData\Local\Programs\Microsoft VS Code\bin;C:\Program Files\JetBrains\IntelliJ IDEA Community Edition 2021.3.1\bin;C:\Program Files\apache-maven-3.8.6\bin;C:\Program Files\Java\jdk-11.0.12\bin;
USERNAME=lenovo
OS=Windows_NT
PROCESSOR_IDENTIFIER=Intel64 Family 6 Model 61 Stepping 4, GenuineIntel



---------------  S Y S T E M  ---------------

OS: Windows 10 , 64 bit Build 19041 (10.0.19041.1889)

CPU:total 4 (initial active 4) (2 cores per cpu, 2 threads per core) family 6 model 61 stepping 4 microcode 0x2d, cmov, cx8, fxsr, mmx, sse, sse2, sse3, ssse3, sse4.1, sse4.2, popcnt, avx, avx2, aes, clmul, erms, 3dnowpref, lzcnt, ht, tsc, tscinvbit, bmi1, bmi2, adx, fma

Memory: 4k page, system-wide physical 8097M (1298M free)
TotalPageFile size 9633M (AvailPageFile size 2M)
current process WorkingSet (physical memory assigned to process): 367M, peak: 367M
current process commit charge ("private bytes"): 426M, peak: 426M

vm_info: Java HotSpot(TM) 64-Bit Server VM (11.0.12+8-LTS-237) for windows-amd64 JRE (11.0.12+8-LTS-237), built on Jun  8 2021 11:25:59 by "mach5one" with MS VC++ 15.9 (VS2017)

END.
