#
# There is insufficient memory for the Java Runtime Environment to continue.
# Native memory allocation (malloc) failed to allocate 1257456 bytes for Chunk::new
# Possible reasons:
#   The system is out of physical RAM or swap space
#   The process is running with CompressedOops enabled, and the Java Heap may be blocking the growth of the native heap
# Possible solutions:
#   Reduce memory load on the system
#   Increase physical memory or swap space
#   Check if swap backing store is full
#   Decrease Java heap size (-Xmx/-Xms)
#   Decrease number of Java threads
#   Decrease Java thread stack sizes (-Xss)
#   Set larger code cache with -XX:ReservedCodeCacheSize=
#   JVM is running with Unscaled Compressed Oops mode in which the Java heap is
#     placed in the first 4GB address space. The Java Heap base address is the
#     maximum limit for the native heap growth. Please use -XX:HeapBaseMinAddress
#     to set the Java Heap base and to place the Java Heap above 4GB virtual address.
# This output file may be truncated or incomplete.
#
#  Out of Memory Error (./open/src/hotspot/share/memory/arena.cpp:197), pid=12972, tid=9832
#
# JRE version: Java(TM) SE Runtime Environment 18.9 (11.0.12+8) (build 11.0.12+8-LTS-237)
# Java VM: Java HotSpot(TM) 64-Bit Server VM 18.9 (11.0.12+8-LTS-237, mixed mode, tiered, compressed oops, g1 gc, windows-amd64)
# No core dump will be written. Minidumps are not enabled by default on client versions of Windows
#

---------------  S U M M A R Y ------------

Command Line: C:\Users\lenovo\AppData\Local\Temp\surefire13259842738142541923\surefirebooter14041151270532453831.jar C:\Users\lenovo\AppData\Local\Temp\surefire13259842738142541923 2022-08-23T14-27-28_619-jvmRun1 surefire3597869423833925784tmp surefire_014624667337222687037tmp

Host: Intel(R) Core(TM) i5-5200U CPU @ 2.20GHz, 4 cores, 7G,  Windows 10 , 64 bit Build 19041 (10.0.19041.1889)
Time: Tue Aug 23 14:27:38 2022 India Standard Time elapsed time: 8.499033 seconds (0d 0h 0m 8s)

---------------  T H R E A D  ---------------

Current thread (0x0000017c7d726000):  JavaThread "C2 CompilerThread0" daemon [_thread_in_native, id=9832, stack(0x0000005d95400000,0x0000005d95500000)]


Current CompileTask:
C2:   8499 3803       4       java.net.URLStreamHandler::parseURL (1201 bytes)

Stack: [0x0000005d95400000,0x0000005d95500000]
Native frames: (J=compiled Java code, j=interpreted, Vv=VM code, C=native code)
V  [jvm.dll+0x617d9a]
V  [jvm.dll+0x74eeef]
V  [jvm.dll+0x750599]
V  [jvm.dll+0x750c23]
V  [jvm.dll+0x2438d8]
V  [jvm.dll+0xba6dc]
V  [jvm.dll+0xbac9c]
V  [jvm.dll+0x3469b7]
V  [jvm.dll+0x194071]
V  [jvm.dll+0x1fd212]
V  [jvm.dll+0x1fc2ed]
V  [jvm.dll+0x17f18c]
V  [jvm.dll+0x20b87c]
V  [jvm.dll+0x20997b]
V  [jvm.dll+0x716359]
V  [jvm.dll+0x70f064]
V  [jvm.dll+0x616f66]
C  [ucrtbase.dll+0x21bb2]
C  [KERNEL32.DLL+0x17034]
C  [ntdll.dll+0x52651]


---------------  P R O C E S S  ---------------

Threads class SMR info:
_java_thread_list=0x0000017c1021ab10, length=15, elements={
0x0000017c6e1e6800, 0x0000017c7d6fd000, 0x0000017c7d707000, 0x0000017c7d719800,
0x0000017c7d71b800, 0x0000017c7d71f800, 0x0000017c7d726000, 0x0000017c7d731000,
0x0000017c7d736000, 0x0000017c7e1e5000, 0x0000017c7e2c7800, 0x0000017c7e563800,
0x0000017c7f025000, 0x0000017c11ff5000, 0x0000017c11b34000
}

Java Threads: ( => current thread )
  0x0000017c6e1e6800 JavaThread "main" [_thread_in_native, id=12536, stack(0x0000005d94800000,0x0000005d94900000)]
  0x0000017c7d6fd000 JavaThread "Reference Handler" daemon [_thread_blocked, id=9740, stack(0x0000005d94f00000,0x0000005d95000000)]
  0x0000017c7d707000 JavaThread "Finalizer" daemon [_thread_blocked, id=5776, stack(0x0000005d95000000,0x0000005d95100000)]
  0x0000017c7d719800 JavaThread "Signal Dispatcher" daemon [_thread_blocked, id=8988, stack(0x0000005d95100000,0x0000005d95200000)]
  0x0000017c7d71b800 JavaThread "Attach Listener" daemon [_thread_blocked, id=9196, stack(0x0000005d95200000,0x0000005d95300000)]
  0x0000017c7d71f800 JavaThread "Service Thread" daemon [_thread_blocked, id=13944, stack(0x0000005d95300000,0x0000005d95400000)]
=>0x0000017c7d726000 JavaThread "C2 CompilerThread0" daemon [_thread_in_native, id=9832, stack(0x0000005d95400000,0x0000005d95500000)]
  0x0000017c7d731000 JavaThread "C1 CompilerThread0" daemon [_thread_blocked, id=12200, stack(0x0000005d95500000,0x0000005d95600000)]
  0x0000017c7d736000 JavaThread "Sweeper thread" daemon [_thread_blocked, id=12104, stack(0x0000005d95600000,0x0000005d95700000)]
  0x0000017c7e1e5000 JavaThread "Common-Cleaner" daemon [_thread_blocked, id=12672, stack(0x0000005d95800000,0x0000005d95900000)]
  0x0000017c7e2c7800 JavaThread "surefire-forkedjvm-command-thread" daemon [_thread_in_native, id=10028, stack(0x0000005d95900000,0x0000005d95a00000)]
  0x0000017c7e563800 JavaThread "surefire-forkedjvm-ping-30s" daemon [_thread_blocked, id=8436, stack(0x0000005d95a00000,0x0000005d95b00000)]
  0x0000017c7f025000 JavaThread "C2 CompilerThread1" daemon [_thread_in_native, id=8956, stack(0x0000005d95e00000,0x0000005d95f00000)]
  0x0000017c11ff5000 JavaThread "HikariPool-1 housekeeper" daemon [_thread_blocked, id=10760, stack(0x0000005d96000000,0x0000005d96100000)]
  0x0000017c11b34000 JavaThread "HikariPool-1 connection adder" daemon [_thread_in_native, id=12900, stack(0x0000005d96200000,0x0000005d96300000)]

Other Threads:
  0x0000017c7d6d9000 VMThread "VM Thread" [stack: 0x0000005d94e00000,0x0000005d94f00000] [id=13136]
  0x0000017c7e1e3800 WatcherThread [stack: 0x0000005d95700000,0x0000005d95800000] [id=216]
  0x0000017c6e1fb000 GCTaskThread "GC Thread#0" [stack: 0x0000005d94900000,0x0000005d94a00000] [id=4488]
  0x0000017c7e414000 GCTaskThread "GC Thread#1" [stack: 0x0000005d95b00000,0x0000005d95c00000] [id=10472]
  0x0000017c7e774000 GCTaskThread "GC Thread#2" [stack: 0x0000005d95c00000,0x0000005d95d00000] [id=8124]
  0x0000017c7f4eb000 GCTaskThread "GC Thread#3" [stack: 0x0000005d96100000,0x0000005d96200000] [id=4876]
  0x0000017c6e22b800 ConcurrentGCThread "G1 Main Marker" [stack: 0x0000005d94a00000,0x0000005d94b00000] [id=3828]
  0x0000017c6e22e800 ConcurrentGCThread "G1 Conc#0" [stack: 0x0000005d94b00000,0x0000005d94c00000] [id=5188]
  0x0000017c6e2be000 ConcurrentGCThread "G1 Refine#0" [stack: 0x0000005d94c00000,0x0000005d94d00000] [id=12780]
  0x0000017c7e35b000 ConcurrentGCThread "G1 Refine#1" [stack: 0x0000005d95d00000,0x0000005d95e00000] [id=12092]
  0x0000017c6e2bf800 ConcurrentGCThread "G1 Young RemSet Sampling" [stack: 0x0000005d94d00000,0x0000005d94e00000] [id=9640]

Threads with active compile tasks:
C2 CompilerThread0   8543 3803       4       java.net.URLStreamHandler::parseURL (1201 bytes)
C2 CompilerThread1   8543 3811       4       java.security.MessageDigest::update (14 bytes)

VM state:not at safepoint (normal execution)

VM Mutex/Monitor currently owned by a thread: None

Heap address: 0x0000000081600000, size: 2026 MB, Compressed Oops mode: 32-bit
Narrow klass base: 0x0000000000000000, Narrow klass shift: 3
Compressed class space size: 1073741824 Address: 0x0000000100000000

Heap:
 garbage-first heap   total 157696K, used 57339K [0x0000000081600000, 0x0000000100000000)
  region size 1024K, 50 young (51200K), 10 survivors (10240K)
 Metaspace       used 49041K, capacity 50391K, committed 50688K, reserved 1093632K
  class space    used 6275K, capacity 6819K, committed 6912K, reserved 1048576K
Heap Regions: E=young(eden), S=young(survivor), O=old, HS=humongous(starts), HC=humongous(continues), CS=collection set, F=free, A=archive, TAMS=top-at-mark-start (previous, next)
|   0|0x0000000081600000, 0x0000000081700000, 0x0000000081700000|100%|HS|  |TAMS 0x0000000081700000, 0x0000000081600000| Complete 
|   1|0x0000000081700000, 0x0000000081800000, 0x0000000081800000|100%| O|  |TAMS 0x0000000081800000, 0x0000000081700000| Untracked 
|   2|0x0000000081800000, 0x0000000081900000, 0x0000000081900000|100%| O|  |TAMS 0x0000000081900000, 0x0000000081800000| Untracked 
|   3|0x0000000081900000, 0x0000000081a00000, 0x0000000081a00000|100%| O|  |TAMS 0x0000000081a00000, 0x0000000081900000| Untracked 
|   4|0x0000000081a00000, 0x0000000081b00000, 0x0000000081b00000|100%| O|  |TAMS 0x0000000081b00000, 0x0000000081a00000| Untracked 
|   5|0x0000000081b00000, 0x0000000081c00000, 0x0000000081c00000|100%| O|  |TAMS 0x0000000081c00000, 0x0000000081b00000| Untracked 
|   6|0x0000000081c00000, 0x0000000081d00000, 0x0000000081d00000|100%| O|  |TAMS 0x0000000081d00000, 0x0000000081c00000| Untracked 
|   7|0x0000000081d00000, 0x0000000081d3a200, 0x0000000081e00000| 22%| O|  |TAMS 0x0000000081d3a200, 0x0000000081d00000| Untracked 
|   8|0x0000000081e00000, 0x0000000081e00000, 0x0000000081f00000|  0%| F|  |TAMS 0x0000000081e00000, 0x0000000081e00000| Untracked 
|   9|0x0000000081f00000, 0x0000000081f00000, 0x0000000082000000|  0%| F|  |TAMS 0x0000000081f00000, 0x0000000081f00000| Untracked 
|  10|0x0000000082000000, 0x0000000082000000, 0x0000000082100000|  0%| F|  |TAMS 0x0000000082000000, 0x0000000082000000| Untracked 
|  11|0x0000000082100000, 0x0000000082100000, 0x0000000082200000|  0%| F|  |TAMS 0x0000000082100000, 0x0000000082100000| Untracked 
|  12|0x0000000082200000, 0x0000000082200000, 0x0000000082300000|  0%| F|  |TAMS 0x0000000082200000, 0x0000000082200000| Untracked 
|  13|0x0000000082300000, 0x0000000082300000, 0x0000000082400000|  0%| F|  |TAMS 0x0000000082300000, 0x0000000082300000| Untracked 
|  14|0x0000000082400000, 0x0000000082400000, 0x0000000082500000|  0%| F|  |TAMS 0x0000000082400000, 0x0000000082400000| Untracked 
|  15|0x0000000082500000, 0x0000000082500000, 0x0000000082600000|  0%| F|  |TAMS 0x0000000082500000, 0x0000000082500000| Untracked 
|  16|0x0000000082600000, 0x0000000082600000, 0x0000000082700000|  0%| F|  |TAMS 0x0000000082600000, 0x0000000082600000| Untracked 
|  17|0x0000000082700000, 0x0000000082700000, 0x0000000082800000|  0%| F|  |TAMS 0x0000000082700000, 0x0000000082700000| Untracked 
|  18|0x0000000082800000, 0x0000000082800000, 0x0000000082900000|  0%| F|  |TAMS 0x0000000082800000, 0x0000000082800000| Untracked 
|  19|0x0000000082900000, 0x0000000082900000, 0x0000000082a00000|  0%| F|  |TAMS 0x0000000082900000, 0x0000000082900000| Untracked 
|  20|0x0000000082a00000, 0x0000000082a00000, 0x0000000082b00000|  0%| F|  |TAMS 0x0000000082a00000, 0x0000000082a00000| Untracked 
|  21|0x0000000082b00000, 0x0000000082b00000, 0x0000000082c00000|  0%| F|  |TAMS 0x0000000082b00000, 0x0000000082b00000| Untracked 
|  22|0x0000000082c00000, 0x0000000082c00000, 0x0000000082d00000|  0%| F|  |TAMS 0x0000000082c00000, 0x0000000082c00000| Untracked 
|  23|0x0000000082d00000, 0x0000000082d00000, 0x0000000082e00000|  0%| F|  |TAMS 0x0000000082d00000, 0x0000000082d00000| Untracked 
|  24|0x0000000082e00000, 0x0000000082e00000, 0x0000000082f00000|  0%| F|  |TAMS 0x0000000082e00000, 0x0000000082e00000| Untracked 
|  25|0x0000000082f00000, 0x0000000082f00000, 0x0000000083000000|  0%| F|  |TAMS 0x0000000082f00000, 0x0000000082f00000| Untracked 
|  26|0x0000000083000000, 0x0000000083000000, 0x0000000083100000|  0%| F|  |TAMS 0x0000000083000000, 0x0000000083000000| Untracked 
|  27|0x0000000083100000, 0x0000000083100000, 0x0000000083200000|  0%| F|  |TAMS 0x0000000083100000, 0x0000000083100000| Untracked 
|  28|0x0000000083200000, 0x0000000083200000, 0x0000000083300000|  0%| F|  |TAMS 0x0000000083200000, 0x0000000083200000| Untracked 
|  29|0x0000000083300000, 0x0000000083300000, 0x0000000083400000|  0%| F|  |TAMS 0x0000000083300000, 0x0000000083300000| Untracked 
|  30|0x0000000083400000, 0x0000000083400000, 0x0000000083500000|  0%| F|  |TAMS 0x0000000083400000, 0x0000000083400000| Untracked 
|  31|0x0000000083500000, 0x0000000083500000, 0x0000000083600000|  0%| F|  |TAMS 0x0000000083500000, 0x0000000083500000| Untracked 
|  32|0x0000000083600000, 0x0000000083600000, 0x0000000083700000|  0%| F|  |TAMS 0x0000000083600000, 0x0000000083600000| Untracked 
|  33|0x0000000083700000, 0x0000000083700000, 0x0000000083800000|  0%| F|  |TAMS 0x0000000083700000, 0x0000000083700000| Untracked 
|  34|0x0000000083800000, 0x0000000083800000, 0x0000000083900000|  0%| F|  |TAMS 0x0000000083800000, 0x0000000083800000| Untracked 
|  35|0x0000000083900000, 0x0000000083900000, 0x0000000083a00000|  0%| F|  |TAMS 0x0000000083900000, 0x0000000083900000| Untracked 
|  36|0x0000000083a00000, 0x0000000083a00000, 0x0000000083b00000|  0%| F|  |TAMS 0x0000000083a00000, 0x0000000083a00000| Untracked 
|  37|0x0000000083b00000, 0x0000000083b00000, 0x0000000083c00000|  0%| F|  |TAMS 0x0000000083b00000, 0x0000000083b00000| Untracked 
|  38|0x0000000083c00000, 0x0000000083c00000, 0x0000000083d00000|  0%| F|  |TAMS 0x0000000083c00000, 0x0000000083c00000| Untracked 
|  39|0x0000000083d00000, 0x0000000083d00000, 0x0000000083e00000|  0%| F|  |TAMS 0x0000000083d00000, 0x0000000083d00000| Untracked 
|  40|0x0000000083e00000, 0x0000000083e00000, 0x0000000083f00000|  0%| F|  |TAMS 0x0000000083e00000, 0x0000000083e00000| Untracked 
|  41|0x0000000083f00000, 0x0000000083f00000, 0x0000000084000000|  0%| F|  |TAMS 0x0000000083f00000, 0x0000000083f00000| Untracked 
|  42|0x0000000084000000, 0x0000000084000000, 0x0000000084100000|  0%| F|  |TAMS 0x0000000084000000, 0x0000000084000000| Untracked 
|  43|0x0000000084100000, 0x0000000084100000, 0x0000000084200000|  0%| F|  |TAMS 0x0000000084100000, 0x0000000084100000| Untracked 
|  44|0x0000000084200000, 0x0000000084200000, 0x0000000084300000|  0%| F|  |TAMS 0x0000000084200000, 0x0000000084200000| Untracked 
|  45|0x0000000084300000, 0x0000000084300000, 0x0000000084400000|  0%| F|  |TAMS 0x0000000084300000, 0x0000000084300000| Untracked 
|  46|0x0000000084400000, 0x0000000084400000, 0x0000000084500000|  0%| F|  |TAMS 0x0000000084400000, 0x0000000084400000| Untracked 
|  47|0x0000000084500000, 0x0000000084500000, 0x0000000084600000|  0%| F|  |TAMS 0x0000000084500000, 0x0000000084500000| Untracked 
|  48|0x0000000084600000, 0x0000000084600000, 0x0000000084700000|  0%| F|  |TAMS 0x0000000084600000, 0x0000000084600000| Untracked 
|  49|0x0000000084700000, 0x0000000084700000, 0x0000000084800000|  0%| F|  |TAMS 0x0000000084700000, 0x0000000084700000| Untracked 
|  50|0x0000000084800000, 0x0000000084800000, 0x0000000084900000|  0%| F|  |TAMS 0x0000000084800000, 0x0000000084800000| Untracked 
|  51|0x0000000084900000, 0x0000000084900000, 0x0000000084a00000|  0%| F|  |TAMS 0x0000000084900000, 0x0000000084900000| Untracked 
|  52|0x0000000084a00000, 0x0000000084ac4b30, 0x0000000084b00000| 76%| S|CS|TAMS 0x0000000084a00000, 0x0000000084a00000| Complete 
|  53|0x0000000084b00000, 0x0000000084c00000, 0x0000000084c00000|100%| S|CS|TAMS 0x0000000084b00000, 0x0000000084b00000| Complete 
|  54|0x0000000084c00000, 0x0000000084d00000, 0x0000000084d00000|100%| S|CS|TAMS 0x0000000084c00000, 0x0000000084c00000| Complete 
|  55|0x0000000084d00000, 0x0000000084e00000, 0x0000000084e00000|100%| S|CS|TAMS 0x0000000084d00000, 0x0000000084d00000| Complete 
|  56|0x0000000084e00000, 0x0000000084f00000, 0x0000000084f00000|100%| S|CS|TAMS 0x0000000084e00000, 0x0000000084e00000| Complete 
|  57|0x0000000084f00000, 0x0000000085000000, 0x0000000085000000|100%| S|CS|TAMS 0x0000000084f00000, 0x0000000084f00000| Complete 
|  58|0x0000000085000000, 0x0000000085100000, 0x0000000085100000|100%| S|CS|TAMS 0x0000000085000000, 0x0000000085000000| Complete 
|  59|0x0000000085100000, 0x0000000085200000, 0x0000000085200000|100%| S|CS|TAMS 0x0000000085100000, 0x0000000085100000| Complete 
|  60|0x0000000085200000, 0x0000000085300000, 0x0000000085300000|100%| S|CS|TAMS 0x0000000085200000, 0x0000000085200000| Complete 
|  61|0x0000000085300000, 0x0000000085400000, 0x0000000085400000|100%| S|CS|TAMS 0x0000000085300000, 0x0000000085300000| Complete 
|  62|0x0000000085400000, 0x0000000085400000, 0x0000000085500000|  0%| F|  |TAMS 0x0000000085400000, 0x0000000085400000| Untracked 
|  63|0x0000000085500000, 0x0000000085500000, 0x0000000085600000|  0%| F|  |TAMS 0x0000000085500000, 0x0000000085500000| Untracked 
|  64|0x0000000085600000, 0x0000000085600000, 0x0000000085700000|  0%| F|  |TAMS 0x0000000085600000, 0x0000000085600000| Untracked 
|  65|0x0000000085700000, 0x0000000085700000, 0x0000000085800000|  0%| F|  |TAMS 0x0000000085700000, 0x0000000085700000| Untracked 
|  66|0x0000000085800000, 0x0000000085800000, 0x0000000085900000|  0%| F|  |TAMS 0x0000000085800000, 0x0000000085800000| Untracked 
|  67|0x0000000085900000, 0x0000000085900000, 0x0000000085a00000|  0%| F|  |TAMS 0x0000000085900000, 0x0000000085900000| Untracked 
|  68|0x0000000085a00000, 0x0000000085a00000, 0x0000000085b00000|  0%| F|  |TAMS 0x0000000085a00000, 0x0000000085a00000| Untracked 
|  69|0x0000000085b00000, 0x0000000085b00000, 0x0000000085c00000|  0%| F|  |TAMS 0x0000000085b00000, 0x0000000085b00000| Untracked 
|  70|0x0000000085c00000, 0x0000000085c00000, 0x0000000085d00000|  0%| F|  |TAMS 0x0000000085c00000, 0x0000000085c00000| Untracked 
|  71|0x0000000085d00000, 0x0000000085d00000, 0x0000000085e00000|  0%| F|  |TAMS 0x0000000085d00000, 0x0000000085d00000| Untracked 
|  72|0x0000000085e00000, 0x0000000085e00000, 0x0000000085f00000|  0%| F|  |TAMS 0x0000000085e00000, 0x0000000085e00000| Untracked 
|  73|0x0000000085f00000, 0x0000000085f00000, 0x0000000086000000|  0%| F|  |TAMS 0x0000000085f00000, 0x0000000085f00000| Untracked 
|  74|0x0000000086000000, 0x0000000086000000, 0x0000000086100000|  0%| F|  |TAMS 0x0000000086000000, 0x0000000086000000| Untracked 
|  75|0x0000000086100000, 0x0000000086100000, 0x0000000086200000|  0%| F|  |TAMS 0x0000000086100000, 0x0000000086100000| Untracked 
|  76|0x0000000086200000, 0x0000000086200000, 0x0000000086300000|  0%| F|  |TAMS 0x0000000086200000, 0x0000000086200000| Untracked 
|  77|0x0000000086300000, 0x0000000086300000, 0x0000000086400000|  0%| F|  |TAMS 0x0000000086300000, 0x0000000086300000| Untracked 
|  78|0x0000000086400000, 0x0000000086400000, 0x0000000086500000|  0%| F|  |TAMS 0x0000000086400000, 0x0000000086400000| Untracked 
|  79|0x0000000086500000, 0x0000000086500000, 0x0000000086600000|  0%| F|  |TAMS 0x0000000086500000, 0x0000000086500000| Untracked 
|  80|0x0000000086600000, 0x0000000086600000, 0x0000000086700000|  0%| F|  |TAMS 0x0000000086600000, 0x0000000086600000| Untracked 
|  81|0x0000000086700000, 0x0000000086700000, 0x0000000086800000|  0%| F|  |TAMS 0x0000000086700000, 0x0000000086700000| Untracked 
|  82|0x0000000086800000, 0x0000000086800000, 0x0000000086900000|  0%| F|  |TAMS 0x0000000086800000, 0x0000000086800000| Untracked 
|  83|0x0000000086900000, 0x0000000086900000, 0x0000000086a00000|  0%| F|  |TAMS 0x0000000086900000, 0x0000000086900000| Untracked 
|  84|0x0000000086a00000, 0x0000000086a00000, 0x0000000086b00000|  0%| F|  |TAMS 0x0000000086a00000, 0x0000000086a00000| Untracked 
|  85|0x0000000086b00000, 0x0000000086b00000, 0x0000000086c00000|  0%| F|  |TAMS 0x0000000086b00000, 0x0000000086b00000| Untracked 
|  86|0x0000000086c00000, 0x0000000086c00000, 0x0000000086d00000|  0%| F|  |TAMS 0x0000000086c00000, 0x0000000086c00000| Untracked 
|  87|0x0000000086d00000, 0x0000000086d00000, 0x0000000086e00000|  0%| F|  |TAMS 0x0000000086d00000, 0x0000000086d00000| Untracked 
|  88|0x0000000086e00000, 0x0000000086e00000, 0x0000000086f00000|  0%| F|  |TAMS 0x0000000086e00000, 0x0000000086e00000| Untracked 
|  89|0x0000000086f00000, 0x0000000086f00000, 0x0000000087000000|  0%| F|  |TAMS 0x0000000086f00000, 0x0000000086f00000| Untracked 
|  90|0x0000000087000000, 0x0000000087000000, 0x0000000087100000|  0%| F|  |TAMS 0x0000000087000000, 0x0000000087000000| Untracked 
|  91|0x0000000087100000, 0x0000000087100000, 0x0000000087200000|  0%| F|  |TAMS 0x0000000087100000, 0x0000000087100000| Untracked 
|  92|0x0000000087200000, 0x0000000087200000, 0x0000000087300000|  0%| F|  |TAMS 0x0000000087200000, 0x0000000087200000| Untracked 
|  93|0x0000000087300000, 0x0000000087300000, 0x0000000087400000|  0%| F|  |TAMS 0x0000000087300000, 0x0000000087300000| Untracked 
|  94|0x0000000087400000, 0x0000000087400000, 0x0000000087500000|  0%| F|  |TAMS 0x0000000087400000, 0x0000000087400000| Untracked 
|  95|0x0000000087500000, 0x0000000087500000, 0x0000000087600000|  0%| F|  |TAMS 0x0000000087500000, 0x0000000087500000| Untracked 
|  96|0x0000000087600000, 0x0000000087600000, 0x0000000087700000|  0%| F|  |TAMS 0x0000000087600000, 0x0000000087600000| Untracked 
|  97|0x0000000087700000, 0x0000000087700000, 0x0000000087800000|  0%| F|  |TAMS 0x0000000087700000, 0x0000000087700000| Untracked 
|  98|0x0000000087800000, 0x0000000087800000, 0x0000000087900000|  0%| F|  |TAMS 0x0000000087800000, 0x0000000087800000| Untracked 
|  99|0x0000000087900000, 0x0000000087900000, 0x0000000087a00000|  0%| F|  |TAMS 0x0000000087900000, 0x0000000087900000| Untracked 
| 100|0x0000000087a00000, 0x0000000087a00000, 0x0000000087b00000|  0%| F|  |TAMS 0x0000000087a00000, 0x0000000087a00000| Untracked 
| 101|0x0000000087b00000, 0x0000000087b00000, 0x0000000087c00000|  0%| F|  |TAMS 0x0000000087b00000, 0x0000000087b00000| Untracked 
| 102|0x0000000087c00000, 0x0000000087c00000, 0x0000000087d00000|  0%| F|  |TAMS 0x0000000087c00000, 0x0000000087c00000| Untracked 
| 103|0x0000000087d00000, 0x0000000087d00000, 0x0000000087e00000|  0%| F|  |TAMS 0x0000000087d00000, 0x0000000087d00000| Untracked 
| 104|0x0000000087e00000, 0x0000000087e00000, 0x0000000087f00000|  0%| F|  |TAMS 0x0000000087e00000, 0x0000000087e00000| Untracked 
| 105|0x0000000087f00000, 0x0000000087f00000, 0x0000000088000000|  0%| F|  |TAMS 0x0000000087f00000, 0x0000000087f00000| Untracked 
| 106|0x0000000088000000, 0x0000000088000000, 0x0000000088100000|  0%| F|  |TAMS 0x0000000088000000, 0x0000000088000000| Untracked 
| 107|0x0000000088100000, 0x0000000088100000, 0x0000000088200000|  0%| F|  |TAMS 0x0000000088100000, 0x0000000088100000| Untracked 
| 108|0x0000000088200000, 0x0000000088200000, 0x0000000088300000|  0%| F|  |TAMS 0x0000000088200000, 0x0000000088200000| Untracked 
| 109|0x0000000088300000, 0x0000000088300000, 0x0000000088400000|  0%| F|  |TAMS 0x0000000088300000, 0x0000000088300000| Untracked 
| 110|0x0000000088400000, 0x0000000088400000, 0x0000000088500000|  0%| F|  |TAMS 0x0000000088400000, 0x0000000088400000| Untracked 
| 111|0x0000000088500000, 0x0000000088500000, 0x0000000088600000|  0%| F|  |TAMS 0x0000000088500000, 0x0000000088500000| Untracked 
| 112|0x0000000088600000, 0x0000000088600000, 0x0000000088700000|  0%| F|  |TAMS 0x0000000088600000, 0x0000000088600000| Untracked 
| 113|0x0000000088700000, 0x0000000088700000, 0x0000000088800000|  0%| F|  |TAMS 0x0000000088700000, 0x0000000088700000| Untracked 
| 114|0x0000000088800000, 0x0000000088900000, 0x0000000088900000|100%| E|  |TAMS 0x0000000088800000, 0x0000000088800000| Complete 
| 115|0x0000000088900000, 0x0000000088a00000, 0x0000000088a00000|100%| E|CS|TAMS 0x0000000088900000, 0x0000000088900000| Complete 
| 116|0x0000000088a00000, 0x0000000088b00000, 0x0000000088b00000|100%| E|CS|TAMS 0x0000000088a00000, 0x0000000088a00000| Complete 
| 117|0x0000000088b00000, 0x0000000088c00000, 0x0000000088c00000|100%| E|CS|TAMS 0x0000000088b00000, 0x0000000088b00000| Complete 
| 118|0x0000000088c00000, 0x0000000088d00000, 0x0000000088d00000|100%| E|CS|TAMS 0x0000000088c00000, 0x0000000088c00000| Complete 
| 119|0x0000000088d00000, 0x0000000088e00000, 0x0000000088e00000|100%| E|CS|TAMS 0x0000000088d00000, 0x0000000088d00000| Complete 
| 120|0x0000000088e00000, 0x0000000088f00000, 0x0000000088f00000|100%| E|CS|TAMS 0x0000000088e00000, 0x0000000088e00000| Complete 
| 121|0x0000000088f00000, 0x0000000089000000, 0x0000000089000000|100%| E|CS|TAMS 0x0000000088f00000, 0x0000000088f00000| Complete 
| 122|0x0000000089000000, 0x0000000089100000, 0x0000000089100000|100%| E|CS|TAMS 0x0000000089000000, 0x0000000089000000| Complete 
| 123|0x0000000089100000, 0x0000000089200000, 0x0000000089200000|100%| E|CS|TAMS 0x0000000089100000, 0x0000000089100000| Complete 
| 124|0x0000000089200000, 0x0000000089300000, 0x0000000089300000|100%| E|CS|TAMS 0x0000000089200000, 0x0000000089200000| Complete 
| 125|0x0000000089300000, 0x0000000089400000, 0x0000000089400000|100%| E|CS|TAMS 0x0000000089300000, 0x0000000089300000| Complete 
| 126|0x0000000089400000, 0x0000000089500000, 0x0000000089500000|100%| E|CS|TAMS 0x0000000089400000, 0x0000000089400000| Complete 
| 127|0x0000000089500000, 0x0000000089600000, 0x0000000089600000|100%| E|CS|TAMS 0x0000000089500000, 0x0000000089500000| Complete 
| 128|0x0000000089600000, 0x0000000089700000, 0x0000000089700000|100%| E|CS|TAMS 0x0000000089600000, 0x0000000089600000| Complete 
| 129|0x0000000089700000, 0x0000000089800000, 0x0000000089800000|100%| E|CS|TAMS 0x0000000089700000, 0x0000000089700000| Complete 
| 130|0x0000000089800000, 0x0000000089900000, 0x0000000089900000|100%| E|CS|TAMS 0x0000000089800000, 0x0000000089800000| Complete 
| 131|0x0000000089900000, 0x0000000089a00000, 0x0000000089a00000|100%| E|CS|TAMS 0x0000000089900000, 0x0000000089900000| Complete 
| 132|0x0000000089a00000, 0x0000000089b00000, 0x0000000089b00000|100%| E|CS|TAMS 0x0000000089a00000, 0x0000000089a00000| Complete 
| 133|0x0000000089b00000, 0x0000000089c00000, 0x0000000089c00000|100%| E|CS|TAMS 0x0000000089b00000, 0x0000000089b00000| Complete 
| 134|0x0000000089c00000, 0x0000000089d00000, 0x0000000089d00000|100%| E|CS|TAMS 0x0000000089c00000, 0x0000000089c00000| Complete 
| 135|0x0000000089d00000, 0x0000000089e00000, 0x0000000089e00000|100%| E|CS|TAMS 0x0000000089d00000, 0x0000000089d00000| Complete 
| 136|0x0000000089e00000, 0x0000000089f00000, 0x0000000089f00000|100%| E|CS|TAMS 0x0000000089e00000, 0x0000000089e00000| Complete 
| 137|0x0000000089f00000, 0x000000008a000000, 0x000000008a000000|100%| E|CS|TAMS 0x0000000089f00000, 0x0000000089f00000| Complete 
| 138|0x000000008a000000, 0x000000008a100000, 0x000000008a100000|100%| E|CS|TAMS 0x000000008a000000, 0x000000008a000000| Complete 
| 139|0x000000008a100000, 0x000000008a200000, 0x000000008a200000|100%| E|CS|TAMS 0x000000008a100000, 0x000000008a100000| Complete 
| 140|0x000000008a200000, 0x000000008a300000, 0x000000008a300000|100%| E|CS|TAMS 0x000000008a200000, 0x000000008a200000| Complete 
| 141|0x000000008a300000, 0x000000008a400000, 0x000000008a400000|100%| E|CS|TAMS 0x000000008a300000, 0x000000008a300000| Complete 
| 142|0x000000008a400000, 0x000000008a500000, 0x000000008a500000|100%| E|CS|TAMS 0x000000008a400000, 0x000000008a400000| Complete 
| 143|0x000000008a500000, 0x000000008a600000, 0x000000008a600000|100%| E|CS|TAMS 0x000000008a500000, 0x000000008a500000| Complete 
| 144|0x000000008a600000, 0x000000008a700000, 0x000000008a700000|100%| E|CS|TAMS 0x000000008a600000, 0x000000008a600000| Complete 
| 145|0x000000008a700000, 0x000000008a800000, 0x000000008a800000|100%| E|CS|TAMS 0x000000008a700000, 0x000000008a700000| Complete 
| 146|0x000000008a800000, 0x000000008a900000, 0x000000008a900000|100%| E|CS|TAMS 0x000000008a800000, 0x000000008a800000| Complete 
| 147|0x000000008a900000, 0x000000008aa00000, 0x000000008aa00000|100%| E|CS|TAMS 0x000000008a900000, 0x000000008a900000| Complete 
| 148|0x000000008aa00000, 0x000000008ab00000, 0x000000008ab00000|100%| E|CS|TAMS 0x000000008aa00000, 0x000000008aa00000| Complete 
| 149|0x000000008ab00000, 0x000000008ac00000, 0x000000008ac00000|100%| E|CS|TAMS 0x000000008ab00000, 0x000000008ab00000| Complete 
| 150|0x000000008ac00000, 0x000000008ad00000, 0x000000008ad00000|100%| E|CS|TAMS 0x000000008ac00000, 0x000000008ac00000| Complete 
| 151|0x000000008ad00000, 0x000000008ae00000, 0x000000008ae00000|100%| E|CS|TAMS 0x000000008ad00000, 0x000000008ad00000| Complete 
| 152|0x000000008ae00000, 0x000000008af00000, 0x000000008af00000|100%| E|CS|TAMS 0x000000008ae00000, 0x000000008ae00000| Complete 
| 153|0x000000008af00000, 0x000000008b000000, 0x000000008b000000|100%| E|CS|TAMS 0x000000008af00000, 0x000000008af00000| Complete 

Card table byte_map: [0x0000017c76ab0000,0x0000017c76eb0000] _byte_map_base: 0x0000017c766a5000

Marking Bits (Prev, Next): (CMBitMap*) 0x0000017c6e222a08, (CMBitMap*) 0x0000017c6e222a40
 Prev Bits: [0x0000017c772b0000, 0x0000017c79258000)
 Next Bits: [0x0000017c79260000, 0x0000017c7b208000)

Polling page: 0x0000017c6c190000

Metaspace:

Usage:
  Non-class:     42.55 MB capacity,    41.77 MB ( 98%) used,   634.71 KB (  1%) free+waste,   163.69 KB ( <1%) overhead. 
      Class:      6.66 MB capacity,     6.13 MB ( 92%) used,   460.23 KB (  7%) free+waste,    79.81 KB (  1%) overhead. 
       Both:     49.21 MB capacity,    47.90 MB ( 97%) used,     1.07 MB (  2%) free+waste,   243.50 KB ( <1%) overhead. 

Virtual space:
  Non-class space:       44.00 MB reserved,      42.75 MB ( 97%) committed 
      Class space:        1.00 GB reserved,       6.75 MB ( <1%) committed 
             Both:        1.04 GB reserved,      49.50 MB (  5%) committed 

Chunk freelists:
   Non-Class:  1.50 KB
       Class:  3.63 KB
        Both:  5.13 KB

CodeHeap 'non-profiled nmethods': size=120064Kb used=2120Kb max_used=2120Kb free=117943Kb
 bounds [0x0000017c07ac0000, 0x0000017c07d30000, 0x0000017c0f000000]
CodeHeap 'profiled nmethods': size=120000Kb used=8712Kb max_used=8712Kb free=111287Kb
 bounds [0x0000017c00590000, 0x0000017c00e20000, 0x0000017c07ac0000]
CodeHeap 'non-nmethods': size=5696Kb used=1167Kb max_used=1201Kb free=4528Kb
 bounds [0x0000017c00000000, 0x0000017c00270000, 0x0000017c00590000]
 total_blobs=4335 nmethods=3822 adapters=424
 compilation: enabled
              stopped_count=0, restarted_count=0
 full_count=0

Compilation events (10 events):
Event: 8.384 Thread 0x0000017c7d731000 3822   !   3       java.util.Collections$SynchronizedMap::put (28 bytes)
Event: 8.384 Thread 0x0000017c7f025000 nmethod 3804 0x0000017c07cc8910 code [0x0000017c07cc8b40, 0x0000017c07cc9fd0]
Event: 8.384 Thread 0x0000017c7d731000 nmethod 3822 0x0000017c00e0f390 code [0x0000017c00e0f540, 0x0000017c00e0f888]
Event: 8.384 Thread 0x0000017c7f025000 3816   !   4       com.sun.crypto.provider.PBKDF2KeyImpl::deriveKey (295 bytes)
Event: 8.384 Thread 0x0000017c7d731000 3823       3       java.lang.Integer::parseInt (7 bytes)
Event: 8.384 Thread 0x0000017c7d731000 nmethod 3823 0x0000017c00e0fa10 code [0x0000017c00e0fbc0, 0x0000017c00e0fcc8]
Event: 8.438 Thread 0x0000017c7d731000 3824       3       java.lang.Class::getConstructor (31 bytes)
Event: 8.439 Thread 0x0000017c7d731000 nmethod 3824 0x0000017c00e0fd90 code [0x0000017c00e0ffe0, 0x0000017c00e10808]
Event: 8.481 Thread 0x0000017c7d731000 3826       3       java.util.Properties::getProperty (16 bytes)
Event: 8.481 Thread 0x0000017c7d731000 nmethod 3826 0x0000017c00e10b10 code [0x0000017c00e10cc0, 0x0000017c00e10ec8]

GC Heap History (10 events):
Event: 2.490 GC heap before
{Heap before GC invocations=3 (full 0):
 garbage-first heap   total 131072K, used 39928K [0x0000000081600000, 0x0000000100000000)
  region size 1024K, 34 young (34816K), 2 survivors (2048K)
 Metaspace       used 20398K, capacity 21067K, committed 21248K, reserved 1069056K
  class space    used 2275K, capacity 2541K, committed 2560K, reserved 1048576K
}
Event: 2.497 GC heap after
{Heap after GC invocations=4 (full 0):
 garbage-first heap   total 131072K, used 9609K [0x0000000081600000, 0x0000000100000000)
  region size 1024K, 3 young (3072K), 3 survivors (3072K)
 Metaspace       used 20398K, capacity 21067K, committed 21248K, reserved 1069056K
  class space    used 2275K, capacity 2541K, committed 2560K, reserved 1048576K
}
Event: 3.590 GC heap before
{Heap before GC invocations=5 (full 0):
 garbage-first heap   total 131072K, used 83337K [0x0000000081600000, 0x0000000100000000)
  region size 1024K, 76 young (77824K), 3 survivors (3072K)
 Metaspace       used 26480K, capacity 27344K, committed 27392K, reserved 1073152K
  class space    used 3197K, capacity 3561K, committed 3584K, reserved 1048576K
}
Event: 3.619 GC heap after
{Heap after GC invocations=6 (full 0):
 garbage-first heap   total 157696K, used 11609K [0x0000000081600000, 0x0000000100000000)
  region size 1024K, 5 young (5120K), 5 survivors (5120K)
 Metaspace       used 26480K, capacity 27344K, committed 27392K, reserved 1073152K
  class space    used 3197K, capacity 3561K, committed 3584K, reserved 1048576K
}
Event: 5.015 GC heap before
{Heap before GC invocations=6 (full 0):
 garbage-first heap   total 157696K, used 98649K [0x0000000081600000, 0x0000000100000000)
  region size 1024K, 91 young (93184K), 5 survivors (5120K)
 Metaspace       used 34340K, capacity 35400K, committed 35584K, reserved 1081344K
  class space    used 4139K, capacity 4560K, committed 4608K, reserved 1048576K
}
Event: 5.026 GC heap after
{Heap after GC invocations=7 (full 0):
 garbage-first heap   total 157696K, used 13752K [0x0000000081600000, 0x0000000100000000)
  region size 1024K, 7 young (7168K), 7 survivors (7168K)
 Metaspace       used 34340K, capacity 35400K, committed 35584K, reserved 1081344K
  class space    used 4139K, capacity 4560K, committed 4608K, reserved 1048576K
}
Event: 5.053 GC heap before
{Heap before GC invocations=7 (full 0):
 garbage-first heap   total 157696K, used 13752K [0x0000000081600000, 0x0000000100000000)
  region size 1024K, 8 young (8192K), 7 survivors (7168K)
 Metaspace       used 34499K, capacity 35498K, committed 35584K, reserved 1081344K
  class space    used 4161K, capacity 4572K, committed 4608K, reserved 1048576K
}
Event: 5.070 GC heap after
{Heap after GC invocations=8 (full 0):
 garbage-first heap   total 157696K, used 13544K [0x0000000081600000, 0x0000000100000000)
  region size 1024K, 6 young (6144K), 6 survivors (6144K)
 Metaspace       used 34499K, capacity 35498K, committed 35584K, reserved 1081344K
  class space    used 4161K, capacity 4572K, committed 4608K, reserved 1048576K
}
Event: 6.929 GC heap before
{Heap before GC invocations=9 (full 0):
 garbage-first heap   total 157696K, used 101608K [0x0000000081600000, 0x0000000100000000)
  region size 1024K, 92 young (94208K), 6 survivors (6144K)
 Metaspace       used 42524K, capacity 43799K, committed 44032K, reserved 1087488K
  class space    used 5328K, capacity 5858K, committed 5888K, reserved 1048576K
}
Event: 6.948 GC heap after
{Heap after GC invocations=10 (full 0):
 garbage-first heap   total 157696K, used 17403K [0x0000000081600000, 0x0000000100000000)
  region size 1024K, 10 young (10240K), 10 survivors (10240K)
 Metaspace       used 42524K, capacity 43799K, committed 44032K, reserved 1087488K
  class space    used 5328K, capacity 5858K, committed 5888K, reserved 1048576K
}

Deoptimization events (10 events):
Event: 6.674 Thread 0x0000017c6e1e6800 Uncommon trap: reason=bimorphic_or_optimized_type_check action=maybe_recompile pc=0x0000017c07c63b30 method=java.lang.ClassLoader.loadClass(Ljava/lang/String;)Ljava/lang/Class; @ 3 c2
Event: 6.786 Thread 0x0000017c6e1e6800 Uncommon trap: reason=bimorphic_or_optimized_type_check action=maybe_recompile pc=0x0000017c07c63b30 method=java.lang.ClassLoader.loadClass(Ljava/lang/String;)Ljava/lang/Class; @ 3 c2
Event: 6.901 Thread 0x0000017c6e1e6800 Uncommon trap: reason=bimorphic_or_optimized_type_check action=maybe_recompile pc=0x0000017c07c63b30 method=java.lang.ClassLoader.loadClass(Ljava/lang/String;)Ljava/lang/Class; @ 3 c2
Event: 7.775 Thread 0x0000017c6e1e6800 Uncommon trap: reason=unstable_if action=reinterpret pc=0x0000017c07c4f430 method=java.util.Arrays.hashCode([Ljava/lang/Object;)I @ 34 c2
Event: 7.901 Thread 0x0000017c6e1e6800 Uncommon trap: reason=unstable_if action=reinterpret pc=0x0000017c07b610c8 method=java.lang.StringUTF16.compress([CII)[B @ 13 c2
Event: 7.943 Thread 0x0000017c6e1e6800 Uncommon trap: reason=unstable_if action=reinterpret pc=0x0000017c07b63d74 method=sun.net.util.IPAddressUtil.scan(Ljava/lang/String;JJ[C)I @ 14 c2
Event: 8.090 Thread 0x0000017c6e1e6800 Uncommon trap: reason=unstable_if action=reinterpret pc=0x0000017c07b21920 method=java.lang.CharacterDataLatin1.isWhitespace(I)Z @ 14 c2
Event: 8.355 Thread 0x0000017c11b34000 Uncommon trap: reason=unstable_if action=reinterpret pc=0x0000017c07cbb1a4 method=sun.security.provider.SHA2.implDigest([BI)V @ 21 c2
Event: 8.355 Thread 0x0000017c11b34000 Uncommon trap: reason=unstable_if action=reinterpret pc=0x0000017c07cb9940 method=sun.security.provider.SHA2.implDigest([BI)V @ 21 c2
Event: 8.372 Thread 0x0000017c11b34000 Uncommon trap: reason=unstable_if action=reinterpret pc=0x0000017c07cbd990 method=com.sun.crypto.provider.PBKDF2KeyImpl.deriveKey(Ljavax/crypto/Mac;[B[BII)[B @ 172 c2

Classes redefined (0 events):
No events

Internal exceptions (10 events):
Event: 6.355 Thread 0x0000017c6e1e6800 Exception <a 'java/lang/ClassNotFoundException'{0x000000008746b478}: org/springframework/beans/factory/AwareCustomizer> (0x000000008746b478) thrown at [./open/src/hotspot/share/classfile/systemDictionary.cpp, line 228]
Event: 6.356 Thread 0x0000017c6e1e6800 Exception <a 'java/lang/ClassNotFoundException'{0x0000000087481388}: org/springframework/beans/factory/InitializingBeanCustomizer> (0x0000000087481388) thrown at [./open/src/hotspot/share/classfile/systemDictionary.cpp, line 228]
Event: 6.356 Thread 0x0000017c6e1e6800 Exception <a 'java/lang/ClassNotFoundException'{0x0000000087497190}: org/springframework/beans/factory/DisposableBeanCustomizer> (0x0000000087497190) thrown at [./open/src/hotspot/share/classfile/systemDictionary.cpp, line 228]
Event: 6.357 Thread 0x0000017c6e1e6800 Exception <a 'java/lang/ClassNotFoundException'{0x00000000874ae258}: org/springframework/orm/jpa/EntityManagerFactoryInfoCustomizer> (0x00000000874ae258) thrown at [./open/src/hotspot/share/classfile/systemDictionary.cpp, line 228]
Event: 6.358 Thread 0x0000017c6e1e6800 Exception <a 'java/lang/ClassNotFoundException'{0x00000000874d0690}: org/springframework/dao/support/PersistenceExceptionTranslatorCustomizer> (0x00000000874d0690) thrown at [./open/src/hotspot/share/classfile/systemDictionary.cpp, line 228]
Event: 6.971 Thread 0x0000017c6e1e6800 Exception <a 'java/lang/NoSuchMethodError'{0x000000008aff2dc0}: java.lang.invoke.DirectMethodHandle$Holder.invokeStaticInit(Ljava/lang/Object;IIII)Ljava/lang/Object;> (0x000000008aff2dc0) thrown at [./open/src/hotspot/share/interpreter/linkResolver.cpp, l
Event: 7.474 Thread 0x0000017c6e1e6800 Exception <a 'java/lang/NoSuchMethodError'{0x000000008ae212e8}: java.lang.invoke.DirectMethodHandle$Holder.invokeStaticInit(Ljava/lang/Object;Ljava/lang/Object;IIII)Ljava/lang/Object;> (0x000000008ae212e8) thrown at [./open/src/hotspot/share/interpreter/l
Event: 7.775 Thread 0x0000017c6e1e6800 Implicit null exception at 0x0000017c07c4f36c to 0x0000017c07c4f414
Event: 7.935 Thread 0x0000017c6e1e6800 Exception <a 'sun/nio/fs/WindowsException'{0x0000000089c9aa90}> (0x0000000089c9aa90) thrown at [./open/src/hotspot/share/prims/jni.cpp, line 611]
Event: 8.295 Thread 0x0000017c6e1e6800 Exception <a 'java/lang/NoSuchMethodError'{0x00000000890533b8}: java.lang.invoke.DirectMethodHandle$Holder.invokeStaticInit(Ljava/lang/Object;Ljava/lang/Object;Ljava/lang/Object;Ljava/lang/Object;)Ljava/lang/Object;> (0x00000000890533b8) thrown at [./open

Events (10 events):
Event: 8.493 loading class javax/persistence/NamedStoredProcedureQueries
Event: 8.493 loading class javax/persistence/NamedStoredProcedureQueries done
Event: 8.493 loading class org/hibernate/annotations/common/reflection/java/JavaReflectionManager$2
Event: 8.493 loading class org/hibernate/annotations/common/reflection/java/JavaReflectionManager$2 done
Event: 8.494 loading class org/hibernate/annotations/common/reflection/java/generics/TypeEnvironmentFactory
Event: 8.494 loading class org/hibernate/annotations/common/reflection/java/generics/TypeEnvironmentFactory done
Event: 8.495 loading class org/hibernate/annotations/common/reflection/java/generics/TypeEnvironmentFactory$1
Event: 8.495 loading class org/hibernate/annotations/common/reflection/java/generics/TypeEnvironmentFactory$1 done
Event: 8.496 loading class org/hibernate/annotations/common/reflection/java/generics/CompoundTypeEnvironment
Event: 8.496 loading class org/hibernate/annotations/common/reflection/java/generics/CompoundTypeEnvironment done


Dynamic libraries:
0x00007ff644190000 - 0x00007ff64419f000 	C:\Program Files\Java\jdk-11.0.12\bin\java.exe
0x00007fffe04f0000 - 0x00007fffe06e8000 	C:\Windows\SYSTEM32\ntdll.dll
0x00007fffdfa20000 - 0x00007fffdfadd000 	C:\Windows\System32\KERNEL32.DLL
0x00007fffde110000 - 0x00007fffde3de000 	C:\Windows\System32\KERNELBASE.dll
0x00007fffddf20000 - 0x00007fffde020000 	C:\Windows\System32\ucrtbase.dll
0x00007fffd6c60000 - 0x00007fffd6c78000 	C:\Program Files\Java\jdk-11.0.12\bin\jli.dll
0x00007fffde5b0000 - 0x00007fffde65e000 	C:\Windows\System32\ADVAPI32.dll
0x00007fffdf790000 - 0x00007fffdf82e000 	C:\Windows\System32\msvcrt.dll
0x00007fffdedc0000 - 0x00007fffdee5c000 	C:\Windows\System32\sechost.dll
0x00007fffde6e0000 - 0x00007fffde805000 	C:\Windows\System32\RPCRT4.dll
0x00007fffdf010000 - 0x00007fffdf1b0000 	C:\Windows\System32\USER32.dll
0x00007fffddde0000 - 0x00007fffdde02000 	C:\Windows\System32\win32u.dll
0x00007fffde580000 - 0x00007fffde5aa000 	C:\Windows\System32\GDI32.dll
0x00007fffdde10000 - 0x00007fffddf1b000 	C:\Windows\System32\gdi32full.dll
0x00007fffde070000 - 0x00007fffde10d000 	C:\Windows\System32\msvcp_win.dll
0x00007fffce180000 - 0x00007fffce195000 	C:\Program Files\Java\jdk-11.0.12\bin\VCRUNTIME140.dll
0x00007fffc5370000 - 0x00007fffc560a000 	C:\Windows\WinSxS\amd64_microsoft.windows.common-controls_6595b64144ccf1df_6.0.19041.1110_none_60b5254171f9507e\COMCTL32.dll
0x00007fffd46d0000 - 0x00007fffd46da000 	C:\Windows\SYSTEM32\VERSION.dll
0x00007fffde550000 - 0x00007fffde580000 	C:\Windows\System32\IMM32.DLL
0x00007fffb8c40000 - 0x00007fffb8cdb000 	C:\Program Files\Java\jdk-11.0.12\bin\msvcp140.dll
0x00007fff7ef00000 - 0x00007fff7f9ff000 	C:\Program Files\Java\jdk-11.0.12\bin\server\jvm.dll
0x00007fffdfce0000 - 0x00007fffdfce8000 	C:\Windows\System32\PSAPI.DLL
0x00007fffd2ee0000 - 0x00007fffd2ee9000 	C:\Windows\SYSTEM32\WSOCK32.dll
0x00007fffdf1b0000 - 0x00007fffdf21b000 	C:\Windows\System32\WS2_32.dll
0x00007fffcaec0000 - 0x00007fffcaee7000 	C:\Windows\SYSTEM32\WINMM.dll
0x00007fffdbb10000 - 0x00007fffdbb22000 	C:\Windows\SYSTEM32\kernel.appcore.dll
0x00007fffd1140000 - 0x00007fffd1150000 	C:\Program Files\Java\jdk-11.0.12\bin\verify.dll
0x00007fffdb360000 - 0x00007fffdb544000 	C:\Windows\SYSTEM32\DBGHELP.DLL
0x00007fffd8000000 - 0x00007fffd802c000 	C:\Windows\SYSTEM32\dbgcore.DLL
0x00007fffde4c0000 - 0x00007fffde542000 	C:\Windows\System32\bcryptPrimitives.dll
0x00007fffc9280000 - 0x00007fffc92a8000 	C:\Program Files\Java\jdk-11.0.12\bin\java.dll
0x00007fffcdaa0000 - 0x00007fffcdaaa000 	C:\Program Files\Java\jdk-11.0.12\bin\jimage.dll
0x00007fffcd230000 - 0x00007fffcd246000 	C:\Program Files\Java\jdk-11.0.12\bin\zip.dll
0x00007fffdfcf0000 - 0x00007fffe0434000 	C:\Windows\System32\SHELL32.dll
0x00007fffdbd10000 - 0x00007fffdc4a4000 	C:\Windows\SYSTEM32\windows.storage.dll
0x00007fffdf3d0000 - 0x00007fffdf724000 	C:\Windows\System32\combase.dll
0x00007fffdd670000 - 0x00007fffdd6a0000 	C:\Windows\SYSTEM32\Wldp.dll
0x00007fffded10000 - 0x00007fffdedbd000 	C:\Windows\System32\SHCORE.dll
0x00007fffdfc80000 - 0x00007fffdfcd5000 	C:\Windows\System32\shlwapi.dll
0x00007fffddb50000 - 0x00007fffddb6f000 	C:\Windows\SYSTEM32\profapi.dll
0x00007fffc8be0000 - 0x00007fffc8bf9000 	C:\Program Files\Java\jdk-11.0.12\bin\net.dll
0x00007fffd4290000 - 0x00007fffd439a000 	C:\Windows\SYSTEM32\WINHTTP.dll
0x00007fffdd3d0000 - 0x00007fffdd43a000 	C:\Windows\system32\mswsock.dll
0x00007fffc8bc0000 - 0x00007fffc8bd2000 	C:\Program Files\Java\jdk-11.0.12\bin\nio.dll
0x00007fffda760000 - 0x00007fffda769000 	C:\Program Files\Java\jdk-11.0.12\bin\management.dll
0x00007fffd85a0000 - 0x00007fffd85ab000 	C:\Program Files\Java\jdk-11.0.12\bin\management_ext.dll
0x00007fffd2ec0000 - 0x00007fffd2ed7000 	C:\Windows\system32\napinsp.dll
0x00007fffd2ea0000 - 0x00007fffd2ebb000 	C:\Windows\system32\pnrpnsp.dll
0x00007fffce360000 - 0x00007fffce375000 	C:\Windows\system32\wshbth.dll
0x00007fffd8100000 - 0x00007fffd811d000 	C:\Windows\system32\NLAapi.dll
0x00007fffdd070000 - 0x00007fffdd0ab000 	C:\Windows\SYSTEM32\IPHLPAPI.DLL
0x00007fffdd110000 - 0x00007fffdd1da000 	C:\Windows\SYSTEM32\DNSAPI.dll
0x00007fffe04a0000 - 0x00007fffe04a8000 	C:\Windows\System32\NSI.dll
0x00007fffcc430000 - 0x00007fffcc442000 	C:\Windows\System32\winrnr.dll
0x00007fffd4010000 - 0x00007fffd401a000 	C:\Windows\System32\rasadhlp.dll
0x00007fffd40c0000 - 0x00007fffd4140000 	C:\Windows\System32\fwpuclnt.dll
0x00007fffde490000 - 0x00007fffde4b7000 	C:\Windows\System32\bcrypt.dll
0x00007fffdd5c0000 - 0x00007fffdd5d8000 	C:\Windows\SYSTEM32\CRYPTSP.dll
0x00007fffdcce0000 - 0x00007fffdcd14000 	C:\Windows\system32\rsaenh.dll
0x00007fffddb10000 - 0x00007fffddb3e000 	C:\Windows\SYSTEM32\USERENV.dll
0x00007fffdd5e0000 - 0x00007fffdd5ec000 	C:\Windows\SYSTEM32\CRYPTBASE.dll
0x00007fffd65c0000 - 0x00007fffd65d7000 	C:\Windows\SYSTEM32\dhcpcsvc6.DLL
0x00007fffd71b0000 - 0x00007fffd71cd000 	C:\Windows\SYSTEM32\dhcpcsvc.DLL
0x00007fffd8590000 - 0x00007fffd859d000 	C:\Program Files\Java\jdk-11.0.12\bin\sunmscapi.dll
0x00007fffddc80000 - 0x00007fffdddd6000 	C:\Windows\System32\CRYPT32.dll
0x00007fffdd6e0000 - 0x00007fffdd707000 	C:\Windows\SYSTEM32\ncrypt.dll
0x00007fffdd6a0000 - 0x00007fffdd6db000 	C:\Windows\SYSTEM32\NTASN1.dll
0x00007fffd6bd0000 - 0x00007fffd6bf5000 	C:\Program Files\Java\jdk-11.0.12\bin\sunec.dll

dbghelp: loaded successfully - version: 4.0.5 - missing functions: none
symbol engine: initialized successfully - sym options: 0x614 - pdb path: .;C:\Program Files\Java\jdk-11.0.12\bin;C:\Windows\SYSTEM32;C:\Windows\WinSxS\amd64_microsoft.windows.common-controls_6595b64144ccf1df_6.0.19041.1110_none_60b5254171f9507e;C:\Program Files\Java\jdk-11.0.12\bin\server

VM Arguments:
java_command: C:\Users\lenovo\AppData\Local\Temp\surefire13259842738142541923\surefirebooter14041151270532453831.jar C:\Users\lenovo\AppData\Local\Temp\surefire13259842738142541923 2022-08-23T14-27-28_619-jvmRun1 surefire3597869423833925784tmp surefire_014624667337222687037tmp
java_class_path (initial): C:\Users\lenovo\AppData\Local\Temp\surefire13259842738142541923\surefirebooter14041151270532453831.jar
Launcher Type: SUN_STANDARD

[Global flags]
     intx CICompilerCount                          = 3                                         {product} {ergonomic}
     uint ConcGCThreads                            = 1                                         {product} {ergonomic}
     uint G1ConcRefinementThreads                  = 4                                         {product} {ergonomic}
   size_t G1HeapRegionSize                         = 1048576                                   {product} {ergonomic}
    uintx GCDrainStackTargetSize                   = 64                                        {product} {ergonomic}
   size_t InitialHeapSize                          = 134217728                                 {product} {ergonomic}
   size_t MarkStackSize                            = 4194304                                   {product} {ergonomic}
   size_t MaxHeapSize                              = 2124414976                                {product} {ergonomic}
   size_t MaxNewSize                               = 1274019840                                {product} {ergonomic}
   size_t MinHeapDeltaBytes                        = 1048576                                   {product} {ergonomic}
    uintx NonNMethodCodeHeapSize                   = 5830732                                {pd product} {ergonomic}
    uintx NonProfiledCodeHeapSize                  = 122913754                              {pd product} {ergonomic}
    uintx ProfiledCodeHeapSize                     = 122913754                              {pd product} {ergonomic}
    uintx ReservedCodeCacheSize                    = 251658240                              {pd product} {ergonomic}
     bool SegmentedCodeCache                       = true                                      {product} {ergonomic}
     bool UseCompressedClassPointers               = true                                 {lp64_product} {ergonomic}
     bool UseCompressedOops                        = true                                 {lp64_product} {ergonomic}
     bool UseG1GC                                  = true                                      {product} {ergonomic}
     bool UseLargePagesIndividualAllocation        = false                                  {pd product} {ergonomic}

Logging:
Log output configuration:
 #0: stdout all=warning uptime,level,tags
 #1: stderr all=off uptime,level,tags

Environment Variables:
JAVA_HOME=C:\Program Files\Java\jdk-11.0.12
PATH=C:\Program Files\Common Files\Oracle\Java\javapath;C:\Windows\system32;C:\Windows;C:\Windows\System32\Wbem;C:\Windows\System32\WindowsPowerShell\v1.0\;C:\Windows\System32\OpenSSH\;C:\Program Files\nodejs\;C:\Program Files\Java\jdk-11.0.12\bin;C:\software\apache-zookeeper-3.8.0-bin\\bin;C:\Program Files\apache-maven-3.8.6\bin;C:\software\Git\cmd;C:\Program Files\MySQL\MySQL Shell 8.0\bin\;C:\Users\lenovo\AppData\Local\Microsoft\WindowsApps;C:\Users\lenovo\AppData\Roaming\npm;C:\Users\lenovo\AppData\Local\Programs\Microsoft VS Code\bin;C:\Program Files\JetBrains\IntelliJ IDEA Community Edition 2021.3.1\bin;C:\Program Files\apache-maven-3.8.6\bin;C:\Program Files\Java\jdk-11.0.12\bin;
USERNAME=lenovo
OS=Windows_NT
PROCESSOR_IDENTIFIER=Intel64 Family 6 Model 61 Stepping 4, GenuineIntel



---------------  S Y S T E M  ---------------

OS: Windows 10 , 64 bit Build 19041 (10.0.19041.1889)

CPU:total 4 (initial active 4) (2 cores per cpu, 2 threads per core) family 6 model 61 stepping 4 microcode 0x2d, cmov, cx8, fxsr, mmx, sse, sse2, sse3, ssse3, sse4.1, sse4.2, popcnt, avx, avx2, aes, clmul, erms, 3dnowpref, lzcnt, ht, tsc, tscinvbit, bmi1, bmi2, adx, fma

Memory: 4k page, system-wide physical 8097M (1441M free)
TotalPageFile size 9633M (AvailPageFile size 5M)
current process WorkingSet (physical memory assigned to process): 264M, peak: 266M
current process commit charge ("private bytes"): 334M, peak: 335M

vm_info: Java HotSpot(TM) 64-Bit Server VM (11.0.12+8-LTS-237) for windows-amd64 JRE (11.0.12+8-LTS-237), built on Jun  8 2021 11:25:59 by "mach5one" with MS VC++ 15.9 (VS2017)

END.
