#
# There is insufficient memory for the Java Runtime Environment to continue.
# Native memory allocation (malloc) failed to allocate 65552 bytes for Chunk::new
# Possible reasons:
#   The system is out of physical RAM or swap space
#   The process is running with CompressedOops enabled, and the Java Heap may be blocking the growth of the native heap
# Possible solutions:
#   Reduce memory load on the system
#   Increase physical memory or swap space
#   Check if swap backing store is full
#   Decrease Java heap size (-Xmx/-Xms)
#   Decrease number of Java threads
#   Decrease Java thread stack sizes (-Xss)
#   Set larger code cache with -XX:ReservedCodeCacheSize=
#   JVM is running with Unscaled Compressed Oops mode in which the Java heap is
#     placed in the first 4GB address space. The Java Heap base address is the
#     maximum limit for the native heap growth. Please use -XX:HeapBaseMinAddress
#     to set the Java Heap base and to place the Java Heap above 4GB virtual address.
# This output file may be truncated or incomplete.
#
#  Out of Memory Error (./open/src/hotspot/share/memory/arena.cpp:197), pid=13160, tid=7620
#
# JRE version: Java(TM) SE Runtime Environment 18.9 (11.0.12+8) (build 11.0.12+8-LTS-237)
# Java VM: Java HotSpot(TM) 64-Bit Server VM 18.9 (11.0.12+8-LTS-237, mixed mode, tiered, compressed oops, g1 gc, windows-amd64)
# No core dump will be written. Minidumps are not enabled by default on client versions of Windows
#

---------------  S U M M A R Y ------------

Command Line: -Dclassworlds.conf=C:\Program Files\apache-maven-3.8.6\bin\m2.conf -Dmaven.home=C:\Program Files\apache-maven-3.8.6 -Dlibrary.jansi.path=C:\Program Files\apache-maven-3.8.6\lib\jansi-native -Dmaven.multiModuleProjectDirectory=E:\hotel\hotel-crud-operation org.codehaus.plexus.classworlds.launcher.Launcher clean install

Host: Intel(R) Core(TM) i5-5200U CPU @ 2.20GHz, 4 cores, 7G,  Windows 10 , 64 bit Build 19041 (10.0.19041.1889)
Time: Tue Aug 23 14:05:52 2022 India Standard Time elapsed time: 27.573938 seconds (0d 0h 0m 27s)

---------------  T H R E A D  ---------------

Current thread (0x000002ce7fed5800):  JavaThread "C2 CompilerThread0" daemon [_thread_in_native, id=7620, stack(0x000000edafb00000,0x000000edafc00000)]


Current CompileTask:
C2:  27574 5997   !   4       jdk.internal.loader.URLClassPath$JarLoader::getResource (65 bytes)

Stack: [0x000000edafb00000,0x000000edafc00000]
Native frames: (J=compiled Java code, j=interpreted, Vv=VM code, C=native code)
V  [jvm.dll+0x617d9a]
V  [jvm.dll+0x74eeef]
V  [jvm.dll+0x750599]
V  [jvm.dll+0x750c23]
V  [jvm.dll+0x2438d8]
V  [jvm.dll+0xba6dc]
V  [jvm.dll+0xbac9c]
V  [jvm.dll+0xba7eb]
V  [jvm.dll+0x5f821f]
V  [jvm.dll+0x53daa3]
V  [jvm.dll+0x53d5c6]
V  [jvm.dll+0x53c6bc]
V  [jvm.dll+0x52d31c]
V  [jvm.dll+0x20515d]
V  [jvm.dll+0x1ff15a]
V  [jvm.dll+0x1fc1ca]
V  [jvm.dll+0x17f18c]
V  [jvm.dll+0x20b87c]
V  [jvm.dll+0x20997b]
V  [jvm.dll+0x716359]
V  [jvm.dll+0x70f064]
V  [jvm.dll+0x616f66]
C  [ucrtbase.dll+0x21bb2]
C  [KERNEL32.DLL+0x17034]
C  [ntdll.dll+0x52651]


---------------  P R O C E S S  ---------------

Threads class SMR info:
_java_thread_list=0x000002ce12e567d0, length=21, elements={
0x000002ce72276000, 0x000002ce7fe8d800, 0x000002ce7feb8800, 0x000002ce7fec9800,
0x000002ce7fece800, 0x000002ce7fecf800, 0x000002ce7fed5800, 0x000002ce7fee4000,
0x000002ce7fee7800, 0x000002ce1198b800, 0x000002ce14165000, 0x000002ce1492b000,
0x000002ce1492c000, 0x000002ce14b9e800, 0x000002ce14b9f800, 0x000002ce11d44800,
0x000002ce1447d000, 0x000002ce155b6800, 0x000002ce14615000, 0x000002ce15619000,
0x000002ce14573800
}

Java Threads: ( => current thread )
  0x000002ce72276000 JavaThread "main" [_thread_in_native, id=9400, stack(0x000000edaef00000,0x000000edaf000000)]
  0x000002ce7fe8d800 JavaThread "Reference Handler" daemon [_thread_blocked, id=6680, stack(0x000000edaf600000,0x000000edaf700000)]
  0x000002ce7feb8800 JavaThread "Finalizer" daemon [_thread_blocked, id=8716, stack(0x000000edaf700000,0x000000edaf800000)]
  0x000002ce7fec9800 JavaThread "Signal Dispatcher" daemon [_thread_blocked, id=14272, stack(0x000000edaf800000,0x000000edaf900000)]
  0x000002ce7fece800 JavaThread "Attach Listener" daemon [_thread_blocked, id=12476, stack(0x000000edaf900000,0x000000edafa00000)]
  0x000002ce7fecf800 JavaThread "Service Thread" daemon [_thread_blocked, id=11844, stack(0x000000edafa00000,0x000000edafb00000)]
=>0x000002ce7fed5800 JavaThread "C2 CompilerThread0" daemon [_thread_in_native, id=7620, stack(0x000000edafb00000,0x000000edafc00000)]
  0x000002ce7fee4000 JavaThread "C1 CompilerThread0" daemon [_thread_in_native, id=4524, stack(0x000000edafc00000,0x000000edafd00000)]
  0x000002ce7fee7800 JavaThread "Sweeper thread" daemon [_thread_blocked, id=7516, stack(0x000000edafd00000,0x000000edafe00000)]
  0x000002ce1198b800 JavaThread "Common-Cleaner" daemon [_thread_blocked, id=5532, stack(0x000000edaff00000,0x000000edb0000000)]
  0x000002ce14165000 JavaThread "resolver-1" daemon [_thread_blocked, id=2676, stack(0x000000edb0300000,0x000000edb0400000)]
  0x000002ce1492b000 JavaThread "resolver-2" daemon [_thread_blocked, id=10668, stack(0x000000edb0400000,0x000000edb0500000)]
  0x000002ce1492c000 JavaThread "resolver-3" daemon [_thread_blocked, id=4584, stack(0x000000edb0500000,0x000000edb0600000)]
  0x000002ce14b9e800 JavaThread "resolver-4" daemon [_thread_blocked, id=14000, stack(0x000000edb0600000,0x000000edb0700000)]
  0x000002ce14b9f800 JavaThread "resolver-5" daemon [_thread_blocked, id=9012, stack(0x000000edb0700000,0x000000edb0800000)]
  0x000002ce11d44800 JavaThread "timeout-check-timer" daemon [_thread_blocked, id=9024, stack(0x000000edb0800000,0x000000edb0900000)]
  0x000002ce1447d000 JavaThread "ping-timer-10s" daemon [_thread_blocked, id=6744, stack(0x000000edb0900000,0x000000edb0a00000)]
  0x000002ce155b6800 JavaThread "ThreadedStreamConsumer" daemon [_thread_in_vm, id=312, stack(0x000000edb0a00000,0x000000edb0b00000)]
  0x000002ce14615000 JavaThread "Thread-2" [_thread_blocked, id=3156, stack(0x000000edb0c00000,0x000000edb0d00000)]
  0x000002ce15619000 JavaThread "Thread-3" [_thread_in_native, id=9332, stack(0x000000edb0d00000,0x000000edb0e00000)]
  0x000002ce14573800 JavaThread "Thread-4" [_thread_in_native, id=2516, stack(0x000000edb0e00000,0x000000edb0f00000)]

Other Threads:
  0x000002ce7fe8b800 VMThread "VM Thread" [stack: 0x000000edaf500000,0x000000edaf600000] [id=4092]
  0x000002ce119a7800 WatcherThread [stack: 0x000000edafe00000,0x000000edaff00000] [id=11120]
  0x000002ce7228b800 GCTaskThread "GC Thread#0" [stack: 0x000000edaf000000,0x000000edaf100000] [id=10760]
  0x000002ce1238d800 GCTaskThread "GC Thread#1" [stack: 0x000000edb0000000,0x000000edb0100000] [id=6452]
  0x000002ce1238e000 GCTaskThread "GC Thread#2" [stack: 0x000000edb0100000,0x000000edb0200000] [id=11512]
  0x000002ce156f0000 GCTaskThread "GC Thread#3" [stack: 0x000000edb0b00000,0x000000edb0c00000] [id=420]
  0x000002ce722bd000 ConcurrentGCThread "G1 Main Marker" [stack: 0x000000edaf100000,0x000000edaf200000] [id=7528]
  0x000002ce722bf000 ConcurrentGCThread "G1 Conc#0" [stack: 0x000000edaf200000,0x000000edaf300000] [id=3808]
  0x000002ce72352800 ConcurrentGCThread "G1 Refine#0" [stack: 0x000000edaf300000,0x000000edaf400000] [id=10148]
  0x000002ce72353800 ConcurrentGCThread "G1 Young RemSet Sampling" [stack: 0x000000edaf400000,0x000000edaf500000] [id=13884]

Threads with active compile tasks:
C2 CompilerThread0  27628 5997   !   4       jdk.internal.loader.URLClassPath$JarLoader::getResource (65 bytes)
C1 CompilerThread0  27628 6003       3       sun.nio.cs.UTF_8$Encoder::encodeArrayLoop (489 bytes)

VM state:not at safepoint (normal execution)

VM Mutex/Monitor currently owned by a thread: None

Heap address: 0x0000000081600000, size: 2026 MB, Compressed Oops mode: 32-bit
Narrow klass base: 0x0000000000000000, Narrow klass shift: 3
Compressed class space size: 1073741824 Address: 0x0000000100000000

Heap:
 garbage-first heap   total 189440K, used 56320K [0x0000000081600000, 0x0000000100000000)
  region size 1024K, 7 young (7168K), 3 survivors (3072K)
 Metaspace       used 35358K, capacity 36145K, committed 36508K, reserved 1081344K
  class space    used 3720K, capacity 3982K, committed 4096K, reserved 1048576K
Heap Regions: E=young(eden), S=young(survivor), O=old, HS=humongous(starts), HC=humongous(continues), CS=collection set, F=free, A=archive, TAMS=top-at-mark-start (previous, next)
|   0|0x0000000081600000, 0x0000000081700000, 0x0000000081700000|100%| O|  |TAMS 0x0000000081700000, 0x0000000081600000| Untracked 
|   1|0x0000000081700000, 0x0000000081800000, 0x0000000081800000|100%| O|  |TAMS 0x0000000081800000, 0x0000000081700000| Untracked 
|   2|0x0000000081800000, 0x0000000081900000, 0x0000000081900000|100%| O|  |TAMS 0x0000000081900000, 0x0000000081800000| Untracked 
|   3|0x0000000081900000, 0x0000000081a00000, 0x0000000081a00000|100%| O|  |TAMS 0x0000000081a00000, 0x0000000081900000| Untracked 
|   4|0x0000000081a00000, 0x0000000081b00000, 0x0000000081b00000|100%| O|  |TAMS 0x0000000081b00000, 0x0000000081a00000| Untracked 
|   5|0x0000000081b00000, 0x0000000081c00000, 0x0000000081c00000|100%| O|  |TAMS 0x0000000081c00000, 0x0000000081b00000| Untracked 
|   6|0x0000000081c00000, 0x0000000081d00000, 0x0000000081d00000|100%| O|  |TAMS 0x0000000081d00000, 0x0000000081c00000| Untracked 
|   7|0x0000000081d00000, 0x0000000081e00000, 0x0000000081e00000|100%| O|  |TAMS 0x0000000081e00000, 0x0000000081d00000| Complete 
|   8|0x0000000081e00000, 0x0000000081f00000, 0x0000000081f00000|100%| O|  |TAMS 0x0000000081f00000, 0x0000000081e00000| Complete 
|   9|0x0000000081f00000, 0x0000000082000000, 0x0000000082000000|100%| O|  |TAMS 0x0000000082000000, 0x0000000081f00000| Untracked 
|  10|0x0000000082000000, 0x0000000082100000, 0x0000000082100000|100%|HS|  |TAMS 0x0000000082100000, 0x0000000082000000| Complete 
|  11|0x0000000082100000, 0x0000000082200000, 0x0000000082200000|100%|HS|  |TAMS 0x0000000082200000, 0x0000000082100000| Complete 
|  12|0x0000000082200000, 0x0000000082300000, 0x0000000082300000|100%| O|  |TAMS 0x0000000082300000, 0x0000000082200000| Untracked 
|  13|0x0000000082300000, 0x0000000082400000, 0x0000000082400000|100%| O|  |TAMS 0x0000000082400000, 0x0000000082300000| Complete 
|  14|0x0000000082400000, 0x0000000082500000, 0x0000000082500000|100%| O|  |TAMS 0x0000000082500000, 0x0000000082400000| Complete 
|  15|0x0000000082500000, 0x0000000082600000, 0x0000000082600000|100%| O|  |TAMS 0x0000000082600000, 0x0000000082500000| Complete 
|  16|0x0000000082600000, 0x0000000082700000, 0x0000000082700000|100%| O|  |TAMS 0x0000000082700000, 0x0000000082600000| Complete 
|  17|0x0000000082700000, 0x0000000082800000, 0x0000000082800000|100%| O|  |TAMS 0x0000000082800000, 0x0000000082700000| Complete 
|  18|0x0000000082800000, 0x0000000082900000, 0x0000000082900000|100%| O|  |TAMS 0x0000000082900000, 0x0000000082800000| Complete 
|  19|0x0000000082900000, 0x0000000082a00000, 0x0000000082a00000|100%| O|  |TAMS 0x0000000082a00000, 0x0000000082900000| Untracked 
|  20|0x0000000082a00000, 0x0000000082b00000, 0x0000000082b00000|100%| O|  |TAMS 0x0000000082b00000, 0x0000000082a00000| Complete 
|  21|0x0000000082b00000, 0x0000000082c00000, 0x0000000082c00000|100%| O|  |TAMS 0x0000000082c00000, 0x0000000082b00000| Complete 
|  22|0x0000000082c00000, 0x0000000082d00000, 0x0000000082d00000|100%| O|  |TAMS 0x0000000082d00000, 0x0000000082c00000| Complete 
|  23|0x0000000082d00000, 0x0000000082e00000, 0x0000000082e00000|100%| O|  |TAMS 0x0000000082e00000, 0x0000000082d00000| Complete 
|  24|0x0000000082e00000, 0x0000000082e00000, 0x0000000082f00000|  0%| F|  |TAMS 0x0000000082e00000, 0x0000000082e00000| Untracked 
|  25|0x0000000082f00000, 0x0000000083000000, 0x0000000083000000|100%| O|  |TAMS 0x0000000083000000, 0x0000000082f00000| Complete 
|  26|0x0000000083000000, 0x0000000083100000, 0x0000000083100000|100%| O|  |TAMS 0x0000000083100000, 0x0000000083000000| Untracked 
|  27|0x0000000083100000, 0x0000000083200000, 0x0000000083200000|100%| O|  |TAMS 0x0000000083200000, 0x0000000083100000| Untracked 
|  28|0x0000000083200000, 0x0000000083300000, 0x0000000083300000|100%| O|  |TAMS 0x0000000083300000, 0x0000000083200000| Untracked 
|  29|0x0000000083300000, 0x0000000083400000, 0x0000000083400000|100%| O|  |TAMS 0x0000000083400000, 0x0000000083300000| Complete 
|  30|0x0000000083400000, 0x0000000083500000, 0x0000000083500000|100%| O|  |TAMS 0x0000000083500000, 0x0000000083400000| Untracked 
|  31|0x0000000083500000, 0x0000000083600000, 0x0000000083600000|100%| O|  |TAMS 0x0000000083600000, 0x0000000083500000| Complete 
|  32|0x0000000083600000, 0x0000000083700000, 0x0000000083700000|100%| O|  |TAMS 0x0000000083700000, 0x0000000083600000| Untracked 
|  33|0x0000000083700000, 0x0000000083800000, 0x0000000083800000|100%| O|  |TAMS 0x0000000083800000, 0x0000000083700000| Complete 
|  34|0x0000000083800000, 0x0000000083900000, 0x0000000083900000|100%| O|  |TAMS 0x0000000083900000, 0x0000000083800000| Complete 
|  35|0x0000000083900000, 0x0000000083a00000, 0x0000000083a00000|100%| O|  |TAMS 0x0000000083a00000, 0x0000000083900000| Complete 
|  36|0x0000000083a00000, 0x0000000083b00000, 0x0000000083b00000|100%| O|  |TAMS 0x0000000083b00000, 0x0000000083a00000| Complete 
|  37|0x0000000083b00000, 0x0000000083c00000, 0x0000000083c00000|100%| O|  |TAMS 0x0000000083c00000, 0x0000000083b00000| Complete 
|  38|0x0000000083c00000, 0x0000000083d00000, 0x0000000083d00000|100%| O|  |TAMS 0x0000000083d00000, 0x0000000083c00000| Complete 
|  39|0x0000000083d00000, 0x0000000083e00000, 0x0000000083e00000|100%| O|  |TAMS 0x0000000083e00000, 0x0000000083d00000| Complete 
|  40|0x0000000083e00000, 0x0000000083f00000, 0x0000000083f00000|100%| O|  |TAMS 0x0000000083f00000, 0x0000000083e00000| Complete 
|  41|0x0000000083f00000, 0x0000000084000000, 0x0000000084000000|100%| O|  |TAMS 0x0000000084000000, 0x0000000083f00000| Untracked 
|  42|0x0000000084000000, 0x0000000084100000, 0x0000000084100000|100%| O|  |TAMS 0x0000000084100000, 0x0000000084000000| Untracked 
|  43|0x0000000084100000, 0x0000000084200000, 0x0000000084200000|100%| O|  |TAMS 0x0000000084200000, 0x0000000084100000| Untracked 
|  44|0x0000000084200000, 0x0000000084300000, 0x0000000084300000|100%| O|  |TAMS 0x0000000084300000, 0x0000000084200000| Untracked 
|  45|0x0000000084300000, 0x0000000084400000, 0x0000000084400000|100%| O|  |TAMS 0x0000000084400000, 0x0000000084300000| Untracked 
|  46|0x0000000084400000, 0x0000000084500000, 0x0000000084500000|100%| O|  |TAMS 0x0000000084500000, 0x0000000084400000| Untracked 
|  47|0x0000000084500000, 0x0000000084600000, 0x0000000084600000|100%| O|  |TAMS 0x0000000084600000, 0x0000000084500000| Untracked 
|  48|0x0000000084600000, 0x0000000084700000, 0x0000000084700000|100%| O|  |TAMS 0x0000000084700000, 0x0000000084600000| Untracked 
|  49|0x0000000084700000, 0x0000000084800000, 0x0000000084800000|100%| O|  |TAMS 0x0000000084800000, 0x0000000084700000| Untracked 
|  50|0x0000000084800000, 0x0000000084900000, 0x0000000084900000|100%| O|  |TAMS 0x0000000084900000, 0x0000000084800000| Untracked 
|  51|0x0000000084900000, 0x0000000084900000, 0x0000000084a00000|  0%| F|  |TAMS 0x0000000084900000, 0x0000000084900000| Untracked 
|  52|0x0000000084a00000, 0x0000000084a00000, 0x0000000084b00000|  0%| F|  |TAMS 0x0000000084a00000, 0x0000000084a00000| Untracked 
|  53|0x0000000084b00000, 0x0000000084b00000, 0x0000000084c00000|  0%| F|  |TAMS 0x0000000084b00000, 0x0000000084b00000| Untracked 
|  54|0x0000000084c00000, 0x0000000084c00000, 0x0000000084d00000|  0%| F|  |TAMS 0x0000000084c00000, 0x0000000084c00000| Untracked 
|  55|0x0000000084d00000, 0x0000000084d00000, 0x0000000084e00000|  0%| F|  |TAMS 0x0000000084d00000, 0x0000000084d00000| Untracked 
|  56|0x0000000084e00000, 0x0000000084e00000, 0x0000000084f00000|  0%| F|  |TAMS 0x0000000084e00000, 0x0000000084e00000| Untracked 
|  57|0x0000000084f00000, 0x0000000084f00000, 0x0000000085000000|  0%| F|  |TAMS 0x0000000084f00000, 0x0000000084f00000| Untracked 
|  58|0x0000000085000000, 0x0000000085000000, 0x0000000085100000|  0%| F|  |TAMS 0x0000000085000000, 0x0000000085000000| Untracked 
|  59|0x0000000085100000, 0x0000000085100000, 0x0000000085200000|  0%| F|  |TAMS 0x0000000085100000, 0x0000000085100000| Untracked 
|  60|0x0000000085200000, 0x0000000085200000, 0x0000000085300000|  0%| F|  |TAMS 0x0000000085200000, 0x0000000085200000| Untracked 
|  61|0x0000000085300000, 0x0000000085300000, 0x0000000085400000|  0%| F|  |TAMS 0x0000000085300000, 0x0000000085300000| Untracked 
|  62|0x0000000085400000, 0x0000000085400000, 0x0000000085500000|  0%| F|  |TAMS 0x0000000085400000, 0x0000000085400000| Untracked 
|  63|0x0000000085500000, 0x0000000085500000, 0x0000000085600000|  0%| F|  |TAMS 0x0000000085500000, 0x0000000085500000| Untracked 
|  64|0x0000000085600000, 0x0000000085600000, 0x0000000085700000|  0%| F|  |TAMS 0x0000000085600000, 0x0000000085600000| Untracked 
|  65|0x0000000085700000, 0x0000000085700000, 0x0000000085800000|  0%| F|  |TAMS 0x0000000085700000, 0x0000000085700000| Untracked 
|  66|0x0000000085800000, 0x0000000085800000, 0x0000000085900000|  0%| F|  |TAMS 0x0000000085800000, 0x0000000085800000| Untracked 
|  67|0x0000000085900000, 0x0000000085900000, 0x0000000085a00000|  0%| F|  |TAMS 0x0000000085900000, 0x0000000085900000| Untracked 
|  68|0x0000000085a00000, 0x0000000085a00000, 0x0000000085b00000|  0%| F|  |TAMS 0x0000000085a00000, 0x0000000085a00000| Untracked 
|  69|0x0000000085b00000, 0x0000000085b00000, 0x0000000085c00000|  0%| F|  |TAMS 0x0000000085b00000, 0x0000000085b00000| Untracked 
|  70|0x0000000085c00000, 0x0000000085c00000, 0x0000000085d00000|  0%| F|  |TAMS 0x0000000085c00000, 0x0000000085c00000| Untracked 
|  71|0x0000000085d00000, 0x0000000085d00000, 0x0000000085e00000|  0%| F|  |TAMS 0x0000000085d00000, 0x0000000085d00000| Untracked 
|  72|0x0000000085e00000, 0x0000000085e00000, 0x0000000085f00000|  0%| F|  |TAMS 0x0000000085e00000, 0x0000000085e00000| Untracked 
|  73|0x0000000085f00000, 0x0000000085f00000, 0x0000000086000000|  0%| F|  |TAMS 0x0000000085f00000, 0x0000000085f00000| Untracked 
|  74|0x0000000086000000, 0x0000000086000000, 0x0000000086100000|  0%| F|  |TAMS 0x0000000086000000, 0x0000000086000000| Untracked 
|  75|0x0000000086100000, 0x0000000086100000, 0x0000000086200000|  0%| F|  |TAMS 0x0000000086100000, 0x0000000086100000| Untracked 
|  76|0x0000000086200000, 0x0000000086200000, 0x0000000086300000|  0%| F|  |TAMS 0x0000000086200000, 0x0000000086200000| Untracked 
|  77|0x0000000086300000, 0x0000000086300000, 0x0000000086400000|  0%| F|  |TAMS 0x0000000086300000, 0x0000000086300000| Untracked 
|  78|0x0000000086400000, 0x0000000086400000, 0x0000000086500000|  0%| F|  |TAMS 0x0000000086400000, 0x0000000086400000| Untracked 
|  79|0x0000000086500000, 0x0000000086500000, 0x0000000086600000|  0%| F|  |TAMS 0x0000000086500000, 0x0000000086500000| Untracked 
|  80|0x0000000086600000, 0x0000000086600000, 0x0000000086700000|  0%| F|  |TAMS 0x0000000086600000, 0x0000000086600000| Untracked 
|  81|0x0000000086700000, 0x0000000086700000, 0x0000000086800000|  0%| F|  |TAMS 0x0000000086700000, 0x0000000086700000| Untracked 
|  82|0x0000000086800000, 0x0000000086800000, 0x0000000086900000|  0%| F|  |TAMS 0x0000000086800000, 0x0000000086800000| Untracked 
|  83|0x0000000086900000, 0x0000000086900000, 0x0000000086a00000|  0%| F|  |TAMS 0x0000000086900000, 0x0000000086900000| Untracked 
|  84|0x0000000086a00000, 0x0000000086a00000, 0x0000000086b00000|  0%| F|  |TAMS 0x0000000086a00000, 0x0000000086a00000| Untracked 
|  85|0x0000000086b00000, 0x0000000086b00000, 0x0000000086c00000|  0%| F|  |TAMS 0x0000000086b00000, 0x0000000086b00000| Untracked 
|  86|0x0000000086c00000, 0x0000000086c00000, 0x0000000086d00000|  0%| F|  |TAMS 0x0000000086c00000, 0x0000000086c00000| Untracked 
|  87|0x0000000086d00000, 0x0000000086d00000, 0x0000000086e00000|  0%| F|  |TAMS 0x0000000086d00000, 0x0000000086d00000| Untracked 
|  88|0x0000000086e00000, 0x0000000086e00000, 0x0000000086f00000|  0%| F|  |TAMS 0x0000000086e00000, 0x0000000086e00000| Untracked 
|  89|0x0000000086f00000, 0x0000000086f00000, 0x0000000087000000|  0%| F|  |TAMS 0x0000000086f00000, 0x0000000086f00000| Untracked 
|  90|0x0000000087000000, 0x0000000087000000, 0x0000000087100000|  0%| F|  |TAMS 0x0000000087000000, 0x0000000087000000| Untracked 
|  91|0x0000000087100000, 0x0000000087100000, 0x0000000087200000|  0%| F|  |TAMS 0x0000000087100000, 0x0000000087100000| Untracked 
|  92|0x0000000087200000, 0x0000000087200000, 0x0000000087300000|  0%| F|  |TAMS 0x0000000087200000, 0x0000000087200000| Untracked 
|  93|0x0000000087300000, 0x0000000087300000, 0x0000000087400000|  0%| F|  |TAMS 0x0000000087300000, 0x0000000087300000| Untracked 
|  94|0x0000000087400000, 0x0000000087400000, 0x0000000087500000|  0%| F|  |TAMS 0x0000000087400000, 0x0000000087400000| Untracked 
|  95|0x0000000087500000, 0x0000000087500000, 0x0000000087600000|  0%| F|  |TAMS 0x0000000087500000, 0x0000000087500000| Untracked 
|  96|0x0000000087600000, 0x0000000087600000, 0x0000000087700000|  0%| F|  |TAMS 0x0000000087600000, 0x0000000087600000| Untracked 
|  97|0x0000000087700000, 0x0000000087700000, 0x0000000087800000|  0%| F|  |TAMS 0x0000000087700000, 0x0000000087700000| Untracked 
|  98|0x0000000087800000, 0x0000000087800000, 0x0000000087900000|  0%| F|  |TAMS 0x0000000087800000, 0x0000000087800000| Untracked 
|  99|0x0000000087900000, 0x0000000087900000, 0x0000000087a00000|  0%| F|  |TAMS 0x0000000087900000, 0x0000000087900000| Untracked 
| 100|0x0000000087a00000, 0x0000000087a00000, 0x0000000087b00000|  0%| F|  |TAMS 0x0000000087a00000, 0x0000000087a00000| Untracked 
| 101|0x0000000087b00000, 0x0000000087b00000, 0x0000000087c00000|  0%| F|  |TAMS 0x0000000087b00000, 0x0000000087b00000| Untracked 
| 102|0x0000000087c00000, 0x0000000087c00000, 0x0000000087d00000|  0%| F|  |TAMS 0x0000000087c00000, 0x0000000087c00000| Untracked 
| 103|0x0000000087d00000, 0x0000000087d00000, 0x0000000087e00000|  0%| F|  |TAMS 0x0000000087d00000, 0x0000000087d00000| Untracked 
| 104|0x0000000087e00000, 0x0000000087e00000, 0x0000000087f00000|  0%| F|  |TAMS 0x0000000087e00000, 0x0000000087e00000| Untracked 
| 105|0x0000000087f00000, 0x0000000087f00000, 0x0000000088000000|  0%| F|  |TAMS 0x0000000087f00000, 0x0000000087f00000| Untracked 
| 106|0x0000000088000000, 0x0000000088000000, 0x0000000088100000|  0%| F|  |TAMS 0x0000000088000000, 0x0000000088000000| Untracked 
| 107|0x0000000088100000, 0x0000000088100000, 0x0000000088200000|  0%| F|  |TAMS 0x0000000088100000, 0x0000000088100000| Untracked 
| 108|0x0000000088200000, 0x0000000088200000, 0x0000000088300000|  0%| F|  |TAMS 0x0000000088200000, 0x0000000088200000| Untracked 
| 109|0x0000000088300000, 0x0000000088300000, 0x0000000088400000|  0%| F|  |TAMS 0x0000000088300000, 0x0000000088300000| Untracked 
| 110|0x0000000088400000, 0x0000000088400000, 0x0000000088500000|  0%| F|  |TAMS 0x0000000088400000, 0x0000000088400000| Untracked 
| 111|0x0000000088500000, 0x0000000088500000, 0x0000000088600000|  0%| F|  |TAMS 0x0000000088500000, 0x0000000088500000| Untracked 
| 112|0x0000000088600000, 0x0000000088600000, 0x0000000088700000|  0%| F|  |TAMS 0x0000000088600000, 0x0000000088600000| Untracked 
| 113|0x0000000088700000, 0x0000000088700000, 0x0000000088800000|  0%| F|  |TAMS 0x0000000088700000, 0x0000000088700000| Untracked 
| 114|0x0000000088800000, 0x0000000088800000, 0x0000000088900000|  0%| F|  |TAMS 0x0000000088800000, 0x0000000088800000| Untracked 
| 115|0x0000000088900000, 0x0000000088900000, 0x0000000088a00000|  0%| F|  |TAMS 0x0000000088900000, 0x0000000088900000| Untracked 
| 116|0x0000000088a00000, 0x0000000088a00000, 0x0000000088b00000|  0%| F|  |TAMS 0x0000000088a00000, 0x0000000088a00000| Untracked 
| 117|0x0000000088b00000, 0x0000000088b00000, 0x0000000088c00000|  0%| F|  |TAMS 0x0000000088b00000, 0x0000000088b00000| Untracked 
| 118|0x0000000088c00000, 0x0000000088c00000, 0x0000000088d00000|  0%| F|  |TAMS 0x0000000088c00000, 0x0000000088c00000| Untracked 
| 119|0x0000000088d00000, 0x0000000088d00000, 0x0000000088e00000|  0%| F|  |TAMS 0x0000000088d00000, 0x0000000088d00000| Untracked 
| 120|0x0000000088e00000, 0x0000000088e00000, 0x0000000088f00000|  0%| F|  |TAMS 0x0000000088e00000, 0x0000000088e00000| Untracked 
| 121|0x0000000088f00000, 0x0000000088f00000, 0x0000000089000000|  0%| F|  |TAMS 0x0000000088f00000, 0x0000000088f00000| Untracked 
| 122|0x0000000089000000, 0x0000000089000000, 0x0000000089100000|  0%| F|  |TAMS 0x0000000089000000, 0x0000000089000000| Untracked 
| 123|0x0000000089100000, 0x0000000089100000, 0x0000000089200000|  0%| F|  |TAMS 0x0000000089100000, 0x0000000089100000| Untracked 
| 124|0x0000000089200000, 0x0000000089200000, 0x0000000089300000|  0%| F|  |TAMS 0x0000000089200000, 0x0000000089200000| Untracked 
| 125|0x0000000089300000, 0x0000000089300000, 0x0000000089400000|  0%| F|  |TAMS 0x0000000089300000, 0x0000000089300000| Untracked 
| 126|0x0000000089400000, 0x0000000089400000, 0x0000000089500000|  0%| F|  |TAMS 0x0000000089400000, 0x0000000089400000| Untracked 
| 127|0x0000000089500000, 0x0000000089500000, 0x0000000089600000|  0%| F|  |TAMS 0x0000000089500000, 0x0000000089500000| Untracked 
| 128|0x0000000089600000, 0x0000000089600000, 0x0000000089700000|  0%| F|  |TAMS 0x0000000089600000, 0x0000000089600000| Untracked 
| 129|0x0000000089700000, 0x0000000089700000, 0x0000000089800000|  0%| F|  |TAMS 0x0000000089700000, 0x0000000089700000| Untracked 
| 130|0x0000000089800000, 0x0000000089800000, 0x0000000089900000|  0%| F|  |TAMS 0x0000000089800000, 0x0000000089800000| Untracked 
| 131|0x0000000089900000, 0x0000000089a00000, 0x0000000089a00000|100%| S|CS|TAMS 0x0000000089900000, 0x0000000089900000| Complete 
| 132|0x0000000089a00000, 0x0000000089b00000, 0x0000000089b00000|100%| S|CS|TAMS 0x0000000089a00000, 0x0000000089a00000| Complete 
| 133|0x0000000089b00000, 0x0000000089c00000, 0x0000000089c00000|100%| S|CS|TAMS 0x0000000089b00000, 0x0000000089b00000| Complete 
| 134|0x0000000089c00000, 0x0000000089c00000, 0x0000000089d00000|  0%| F|  |TAMS 0x0000000089c00000, 0x0000000089c00000| Untracked 
| 135|0x0000000089d00000, 0x0000000089d00000, 0x0000000089e00000|  0%| F|  |TAMS 0x0000000089d00000, 0x0000000089d00000| Untracked 
| 136|0x0000000089e00000, 0x0000000089e00000, 0x0000000089f00000|  0%| F|  |TAMS 0x0000000089e00000, 0x0000000089e00000| Untracked 
| 137|0x0000000089f00000, 0x0000000089f00000, 0x000000008a000000|  0%| F|  |TAMS 0x0000000089f00000, 0x0000000089f00000| Untracked 
| 138|0x000000008a000000, 0x000000008a000000, 0x000000008a100000|  0%| F|  |TAMS 0x000000008a000000, 0x000000008a000000| Untracked 
| 139|0x000000008a100000, 0x000000008a100000, 0x000000008a200000|  0%| F|  |TAMS 0x000000008a100000, 0x000000008a100000| Untracked 
| 140|0x000000008a200000, 0x000000008a200000, 0x000000008a300000|  0%| F|  |TAMS 0x000000008a200000, 0x000000008a200000| Untracked 
| 141|0x000000008a300000, 0x000000008a300000, 0x000000008a400000|  0%| F|  |TAMS 0x000000008a300000, 0x000000008a300000| Untracked 
| 142|0x000000008a400000, 0x000000008a400000, 0x000000008a500000|  0%| F|  |TAMS 0x000000008a400000, 0x000000008a400000| Untracked 
| 143|0x000000008a500000, 0x000000008a500000, 0x000000008a600000|  0%| F|  |TAMS 0x000000008a500000, 0x000000008a500000| Untracked 
| 144|0x000000008a600000, 0x000000008a600000, 0x000000008a700000|  0%| F|  |TAMS 0x000000008a600000, 0x000000008a600000| Untracked 
| 145|0x000000008a700000, 0x000000008a700000, 0x000000008a800000|  0%| F|  |TAMS 0x000000008a700000, 0x000000008a700000| Untracked 
| 146|0x000000008a800000, 0x000000008a800000, 0x000000008a900000|  0%| F|  |TAMS 0x000000008a800000, 0x000000008a800000| Untracked 
| 147|0x000000008a900000, 0x000000008a900000, 0x000000008aa00000|  0%| F|  |TAMS 0x000000008a900000, 0x000000008a900000| Untracked 
| 148|0x000000008aa00000, 0x000000008aa00000, 0x000000008ab00000|  0%| F|  |TAMS 0x000000008aa00000, 0x000000008aa00000| Untracked 
| 149|0x000000008ab00000, 0x000000008ab00000, 0x000000008ac00000|  0%| F|  |TAMS 0x000000008ab00000, 0x000000008ab00000| Untracked 
| 150|0x000000008ac00000, 0x000000008ac00000, 0x000000008ad00000|  0%| F|  |TAMS 0x000000008ac00000, 0x000000008ac00000| Untracked 
| 151|0x000000008ad00000, 0x000000008ad00000, 0x000000008ae00000|  0%| F|  |TAMS 0x000000008ad00000, 0x000000008ad00000| Untracked 
| 152|0x000000008ae00000, 0x000000008ae00000, 0x000000008af00000|  0%| F|  |TAMS 0x000000008ae00000, 0x000000008ae00000| Untracked 
| 153|0x000000008af00000, 0x000000008af00000, 0x000000008b000000|  0%| F|  |TAMS 0x000000008af00000, 0x000000008af00000| Untracked 
| 154|0x000000008b000000, 0x000000008b000000, 0x000000008b100000|  0%| F|  |TAMS 0x000000008b000000, 0x000000008b000000| Untracked 
| 155|0x000000008b100000, 0x000000008b100000, 0x000000008b200000|  0%| F|  |TAMS 0x000000008b100000, 0x000000008b100000| Untracked 
| 156|0x000000008b200000, 0x000000008b200000, 0x000000008b300000|  0%| F|  |TAMS 0x000000008b200000, 0x000000008b200000| Untracked 
| 157|0x000000008b300000, 0x000000008b300000, 0x000000008b400000|  0%| F|  |TAMS 0x000000008b300000, 0x000000008b300000| Untracked 
| 158|0x000000008b400000, 0x000000008b400000, 0x000000008b500000|  0%| F|  |TAMS 0x000000008b400000, 0x000000008b400000| Untracked 
| 159|0x000000008b500000, 0x000000008b500000, 0x000000008b600000|  0%| F|  |TAMS 0x000000008b500000, 0x000000008b500000| Untracked 
| 160|0x000000008b600000, 0x000000008b600000, 0x000000008b700000|  0%| F|  |TAMS 0x000000008b600000, 0x000000008b600000| Untracked 
| 161|0x000000008b700000, 0x000000008b700000, 0x000000008b800000|  0%| F|  |TAMS 0x000000008b700000, 0x000000008b700000| Untracked 
| 162|0x000000008b800000, 0x000000008b800000, 0x000000008b900000|  0%| F|  |TAMS 0x000000008b800000, 0x000000008b800000| Untracked 
| 163|0x000000008b900000, 0x000000008b900000, 0x000000008ba00000|  0%| F|  |TAMS 0x000000008b900000, 0x000000008b900000| Untracked 
| 164|0x000000008ba00000, 0x000000008ba00000, 0x000000008bb00000|  0%| F|  |TAMS 0x000000008ba00000, 0x000000008ba00000| Untracked 
| 165|0x000000008bb00000, 0x000000008bb00000, 0x000000008bc00000|  0%| F|  |TAMS 0x000000008bb00000, 0x000000008bb00000| Untracked 
| 166|0x000000008bc00000, 0x000000008bc00000, 0x000000008bd00000|  0%| F|  |TAMS 0x000000008bc00000, 0x000000008bc00000| Untracked 
| 167|0x000000008bd00000, 0x000000008bd00000, 0x000000008be00000|  0%| F|  |TAMS 0x000000008bd00000, 0x000000008bd00000| Untracked 
| 168|0x000000008be00000, 0x000000008be00000, 0x000000008bf00000|  0%| F|  |TAMS 0x000000008be00000, 0x000000008be00000| Untracked 
| 169|0x000000008bf00000, 0x000000008bf00000, 0x000000008c000000|  0%| F|  |TAMS 0x000000008bf00000, 0x000000008bf00000| Untracked 
| 170|0x000000008c000000, 0x000000008c000000, 0x000000008c100000|  0%| F|  |TAMS 0x000000008c000000, 0x000000008c000000| Untracked 
| 171|0x000000008c100000, 0x000000008c100000, 0x000000008c200000|  0%| F|  |TAMS 0x000000008c100000, 0x000000008c100000| Untracked 
| 172|0x000000008c200000, 0x000000008c200000, 0x000000008c300000|  0%| F|  |TAMS 0x000000008c200000, 0x000000008c200000| Untracked 
| 173|0x000000008c300000, 0x000000008c300000, 0x000000008c400000|  0%| F|  |TAMS 0x000000008c300000, 0x000000008c300000| Untracked 
| 174|0x000000008c400000, 0x000000008c400000, 0x000000008c500000|  0%| F|  |TAMS 0x000000008c400000, 0x000000008c400000| Untracked 
| 175|0x000000008c500000, 0x000000008c500000, 0x000000008c600000|  0%| F|  |TAMS 0x000000008c500000, 0x000000008c500000| Untracked 
| 176|0x000000008c600000, 0x000000008c600000, 0x000000008c700000|  0%| F|  |TAMS 0x000000008c600000, 0x000000008c600000| Untracked 
| 177|0x000000008c700000, 0x000000008c700000, 0x000000008c800000|  0%| F|  |TAMS 0x000000008c700000, 0x000000008c700000| Untracked 
| 178|0x000000008c800000, 0x000000008c800000, 0x000000008c900000|  0%| F|  |TAMS 0x000000008c800000, 0x000000008c800000| Untracked 
| 179|0x000000008c900000, 0x000000008c900000, 0x000000008ca00000|  0%| F|  |TAMS 0x000000008c900000, 0x000000008c900000| Untracked 
| 180|0x000000008ca00000, 0x000000008ca00000, 0x000000008cb00000|  0%| F|  |TAMS 0x000000008ca00000, 0x000000008ca00000| Untracked 
| 181|0x000000008cb00000, 0x000000008cb73c70, 0x000000008cc00000| 45%| E|  |TAMS 0x000000008cb00000, 0x000000008cb00000| Complete 
| 182|0x000000008cc00000, 0x000000008cd00000, 0x000000008cd00000|100%| E|  |TAMS 0x000000008cc00000, 0x000000008cc00000| Complete 
| 183|0x000000008cd00000, 0x000000008ce00000, 0x000000008ce00000|100%| E|CS|TAMS 0x000000008cd00000, 0x000000008cd00000| Complete 
| 184|0x000000008ce00000, 0x000000008cf00000, 0x000000008cf00000|100%| E|CS|TAMS 0x000000008ce00000, 0x000000008ce00000| Complete 

Card table byte_map: [0x000002ce7b160000,0x000002ce7b560000] _byte_map_base: 0x000002ce7ad55000

Marking Bits (Prev, Next): (CMBitMap*) 0x000002ce722b4228, (CMBitMap*) 0x000002ce722b4260
 Prev Bits: [0x000002ce7b960000, 0x000002ce7d908000)
 Next Bits: [0x000002ce7d910000, 0x000002ce7f8b8000)

Polling page: 0x000002ce70890000

Metaspace:

Usage:
  Non-class:     31.41 MB capacity,    30.90 MB ( 98%) used,   459.77 KB (  1%) free+waste,    64.50 KB ( <1%) overhead. 
      Class:      3.89 MB capacity,     3.63 MB ( 93%) used,   234.63 KB (  6%) free+waste,    27.25 KB ( <1%) overhead. 
       Both:     35.30 MB capacity,    34.53 MB ( 98%) used,   694.39 KB (  2%) free+waste,    91.75 KB ( <1%) overhead. 

Virtual space:
  Non-class space:       32.00 MB reserved,      31.65 MB ( 99%) committed 
      Class space:        1.00 GB reserved,       4.00 MB ( <1%) committed 
             Both:        1.03 GB reserved,      35.65 MB (  3%) committed 

Chunk freelists:
   Non-Class:  1.63 KB
       Class:  2.25 KB
        Both:  3.88 KB

CodeHeap 'non-profiled nmethods': size=120064Kb used=3244Kb max_used=3244Kb free=116820Kb
 bounds [0x000002ce07ac0000, 0x000002ce07df0000, 0x000002ce0f000000]
CodeHeap 'profiled nmethods': size=120000Kb used=13583Kb max_used=13583Kb free=106416Kb
 bounds [0x000002ce00590000, 0x000002ce012e0000, 0x000002ce07ac0000]
CodeHeap 'non-nmethods': size=5696Kb used=1159Kb max_used=1204Kb free=4537Kb
 bounds [0x000002ce00000000, 0x000002ce00270000, 0x000002ce00590000]
 total_blobs=6479 nmethods=5977 adapters=413
 compilation: enabled
              stopped_count=0, restarted_count=0
 full_count=0

Compilation events (10 events):
Event: 25.044 Thread 0x000002ce7fee4000 nmethod 5993 0x000002ce012d2c90 code [0x000002ce012d2e60, 0x000002ce012d3238]
Event: 27.062 Thread 0x000002ce7fed5800 5994 % !   4       java.io.BufferedReader::readLine @ 131 (304 bytes)
Event: 27.170 Thread 0x000002ce7fed5800 nmethod 5994% 0x000002ce07de7a10 code [0x000002ce07de7c80, 0x000002ce07de99c0]
Event: 27.344 Thread 0x000002ce7fee4000 5996       3       java.nio.Buffer::clear (20 bytes)
Event: 27.344 Thread 0x000002ce7fee4000 nmethod 5996 0x000002ce012d3390 code [0x000002ce012d3520, 0x000002ce012d3638]
Event: 27.344 Thread 0x000002ce7fee4000 5995       3       java.nio.ByteBuffer::clear (7 bytes)
Event: 27.344 Thread 0x000002ce7fee4000 nmethod 5995 0x000002ce012d3710 code [0x000002ce012d38c0, 0x000002ce012d3a38]
Event: 27.479 Thread 0x000002ce7fed5800 5997   !   4       jdk.internal.loader.URLClassPath$JarLoader::getResource (65 bytes)
Event: 27.488 Thread 0x000002ce7fee4000 5998       1       org.fusesource.jansi.Ansi$Attribute::value (5 bytes)
Event: 27.488 Thread 0x000002ce7fee4000 nmethod 5998 0x000002ce07dea590 code [0x000002ce07dea720, 0x000002ce07dea7d8]

GC Heap History (10 events):
Event: 6.182 GC heap before
{Heap before GC invocations=7 (full 0):
 garbage-first heap   total 157696K, used 79903K [0x0000000081600000, 0x0000000100000000)
  region size 1024K, 68 young (69632K), 5 survivors (5120K)
 Metaspace       used 30720K, capacity 31354K, committed 31664K, reserved 1077248K
  class space    used 3297K, capacity 3499K, committed 3584K, reserved 1048576K
}
Event: 6.197 GC heap after
{Heap after GC invocations=8 (full 0):
 garbage-first heap   total 157696K, used 22390K [0x0000000081600000, 0x0000000100000000)
  region size 1024K, 9 young (9216K), 9 survivors (9216K)
 Metaspace       used 30720K, capacity 31354K, committed 31664K, reserved 1077248K
  class space    used 3297K, capacity 3499K, committed 3584K, reserved 1048576K
}
Event: 7.122 GC heap before
{Heap before GC invocations=8 (full 0):
 garbage-first heap   total 157696K, used 96118K [0x0000000081600000, 0x0000000100000000)
  region size 1024K, 81 young (82944K), 9 survivors (9216K)
 Metaspace       used 31401K, capacity 32103K, committed 32304K, reserved 1077248K
  class space    used 3356K, capacity 3597K, committed 3712K, reserved 1048576K
}
Event: 7.148 GC heap after
{Heap after GC invocations=9 (full 0):
 garbage-first heap   total 157696K, used 32598K [0x0000000081600000, 0x0000000100000000)
  region size 1024K, 9 young (9216K), 9 survivors (9216K)
 Metaspace       used 31401K, capacity 32103K, committed 32304K, reserved 1077248K
  class space    used 3356K, capacity 3597K, committed 3712K, reserved 1048576K
}
Event: 8.297 GC heap before
{Heap before GC invocations=9 (full 0):
 garbage-first heap   total 157696K, used 103254K [0x0000000081600000, 0x0000000100000000)
  region size 1024K, 77 young (78848K), 9 survivors (9216K)
 Metaspace       used 32788K, capacity 33488K, committed 33712K, reserved 1079296K
  class space    used 3498K, capacity 3738K, committed 3840K, reserved 1048576K
}
Event: 8.319 GC heap after
{Heap after GC invocations=10 (full 0):
 garbage-first heap   total 157696K, used 41953K [0x0000000081600000, 0x0000000100000000)
  region size 1024K, 9 young (9216K), 9 survivors (9216K)
 Metaspace       used 32788K, capacity 33488K, committed 33712K, reserved 1079296K
  class space    used 3498K, capacity 3738K, committed 3840K, reserved 1048576K
}
Event: 8.980 GC heap before
{Heap before GC invocations=10 (full 0):
 garbage-first heap   total 157696K, used 108513K [0x0000000081600000, 0x0000000100000000)
  region size 1024K, 74 young (75776K), 9 survivors (9216K)
 Metaspace       used 32829K, capacity 33490K, committed 33712K, reserved 1079296K
  class space    used 3498K, capacity 3738K, committed 3840K, reserved 1048576K
}
Event: 8.998 GC heap after
{Heap after GC invocations=11 (full 0):
 garbage-first heap   total 189440K, used 52371K [0x0000000081600000, 0x0000000100000000)
  region size 1024K, 10 young (10240K), 10 survivors (10240K)
 Metaspace       used 32829K, capacity 33490K, committed 33712K, reserved 1079296K
  class space    used 3498K, capacity 3738K, committed 3840K, reserved 1048576K
}
Event: 10.275 GC heap before
{Heap before GC invocations=11 (full 0):
 garbage-first heap   total 189440K, used 103571K [0x0000000081600000, 0x0000000100000000)
  region size 1024K, 61 young (62464K), 10 survivors (10240K)
 Metaspace       used 35093K, capacity 35845K, committed 35888K, reserved 1081344K
  class space    used 3688K, capacity 3945K, committed 3968K, reserved 1048576K
}
Event: 10.292 GC heap after
{Heap after GC invocations=12 (full 0):
 garbage-first heap   total 189440K, used 54272K [0x0000000081600000, 0x0000000100000000)
  region size 1024K, 3 young (3072K), 3 survivors (3072K)
 Metaspace       used 35093K, capacity 35845K, committed 35888K, reserved 1081344K
  class space    used 3688K, capacity 3945K, committed 3968K, reserved 1048576K
}

Deoptimization events (10 events):
Event: 9.989 Thread 0x000002ce14165000 Uncommon trap: reason=bimorphic_or_optimized_type_check action=maybe_recompile pc=0x000002ce07cbef60 method=java.util.concurrent.locks.AbstractQueuedSynchronizer.release(I)Z @ 2 c2
Event: 9.990 Thread 0x000002ce1492b000 Uncommon trap: reason=bimorphic_or_optimized_type_check action=maybe_recompile pc=0x000002ce07cbef60 method=java.util.concurrent.locks.AbstractQueuedSynchronizer.release(I)Z @ 2 c2
Event: 9.990 Thread 0x000002ce14165000 Uncommon trap: reason=bimorphic_or_optimized_type_check action=maybe_recompile pc=0x000002ce07cbef60 method=java.util.concurrent.locks.AbstractQueuedSynchronizer.release(I)Z @ 2 c2
Event: 9.990 Thread 0x000002ce1492c000 Uncommon trap: reason=bimorphic_or_optimized_type_check action=maybe_recompile pc=0x000002ce07cbef60 method=java.util.concurrent.locks.AbstractQueuedSynchronizer.release(I)Z @ 2 c2
Event: 9.991 Thread 0x000002ce1492b000 Uncommon trap: reason=unstable_if action=reinterpret pc=0x000002ce07cdd010 method=java.util.concurrent.locks.AbstractQueuedSynchronizer.doReleaseShared()V @ 6 c2
Event: 10.296 Thread 0x000002ce72276000 Uncommon trap: reason=class_check action=maybe_recompile pc=0x000002ce07c0d4cc method=java.util.Collections$UnmodifiableMap$UnmodifiableEntrySet$1.next()Ljava/util/Map$Entry; @ 8 c2
Event: 10.296 Thread 0x000002ce72276000 Uncommon trap: reason=class_check action=maybe_recompile pc=0x000002ce07c0d4cc method=java.util.Collections$UnmodifiableMap$UnmodifiableEntrySet$1.next()Ljava/util/Map$Entry; @ 8 c2
Event: 10.296 Thread 0x000002ce72276000 Uncommon trap: reason=class_check action=maybe_recompile pc=0x000002ce07c0d4cc method=java.util.Collections$UnmodifiableMap$UnmodifiableEntrySet$1.next()Ljava/util/Map$Entry; @ 8 c2
Event: 10.296 Thread 0x000002ce72276000 Uncommon trap: reason=class_check action=maybe_recompile pc=0x000002ce07c0d4cc method=java.util.Collections$UnmodifiableMap$UnmodifiableEntrySet$1.next()Ljava/util/Map$Entry; @ 8 c2
Event: 12.840 Thread 0x000002ce15619000 Uncommon trap: reason=unstable_if action=reinterpret pc=0x000002ce07ddb2a4 method=java.io.BufferedReader.readLine(Z)Ljava/lang/String; @ 192 c2

Classes redefined (0 events):
No events

Internal exceptions (10 events):
Event: 9.012 Thread 0x000002ce72276000 Exception <a 'sun/nio/fs/WindowsException'{0x000000008cdc4250}> (0x000000008cdc4250) thrown at [./open/src/hotspot/share/prims/jni.cpp, line 611]
Event: 9.012 Thread 0x000002ce72276000 Exception <a 'sun/nio/fs/WindowsException'{0x000000008cdc4eb0}> (0x000000008cdc4eb0) thrown at [./open/src/hotspot/share/prims/jni.cpp, line 611]
Event: 9.576 Thread 0x000002ce13dfd000 Exception <a 'java/lang/NoSuchMethodError'{0x000000008b6c8a08}: java.lang.invoke.DirectMethodHandle$Holder.invokeStaticInit(Ljava/lang/Object;Ljava/lang/Object;JLjava/lang/Object;)Ljava/lang/Object;> (0x000000008b6c8a08) thrown at [./open/src/hotspot/shar
Event: 9.576 Thread 0x000002ce72276000 Exception <a 'java/lang/NoSuchMethodError'{0x000000008b47e4f0}: org.apache.maven.execution.MavenExecutionRequest.getFailureBehavior()Ljava/lang/String;> (0x000000008b47e4f0) thrown at [./open/src/hotspot/share/interpreter/linkResolver.cpp, line 864]
Event: 9.578 Thread 0x000002ce13dfd000 Exception <a 'java/lang/NoSuchMethodError'{0x000000008b6d4b28}: java.lang.invoke.Invokers$Holder.linkToTargetMethod(Ljava/lang/Object;JLjava/lang/Object;)Ljava/lang/Object;> (0x000000008b6d4b28) thrown at [./open/src/hotspot/share/interpreter/linkResolver
Event: 9.892 Thread 0x000002ce72276000 Exception <a 'java/lang/NoSuchMethodError'{0x000000008b36c340}: java.lang.invoke.DirectMethodHandle$Holder.invokeStaticInit(Ljava/lang/Object;Ljava/lang/Object;IIII)Ljava/lang/Object;> (0x000000008b36c340) thrown at [./open/src/hotspot/share/interpreter/l
Event: 10.308 Thread 0x000002ce72276000 Exception <a 'java/lang/NoSuchMethodError'{0x000000008ce22850}: java.lang.invoke.DirectMethodHandle$Holder.invokeStatic(Ljava/lang/Object;J)V> (0x000000008ce22850) thrown at [./open/src/hotspot/share/interpreter/linkResolver.cpp, line 772]
Event: 10.309 Thread 0x000002ce72276000 Exception <a 'java/lang/NoSuchMethodError'{0x000000008ce27a60}: java.lang.invoke.DirectMethodHandle$Holder.invokeStatic(Ljava/lang/Object;J)Ljava/lang/Object;> (0x000000008ce27a60) thrown at [./open/src/hotspot/share/interpreter/linkResolver.cpp, line 772
Event: 10.309 Thread 0x000002ce72276000 Exception <a 'java/lang/NoSuchMethodError'{0x000000008ce2ad88}: java.lang.invoke.DirectMethodHandle$Holder.invokeSpecial(Ljava/lang/Object;Ljava/lang/Object;J)Ljava/lang/Object;> (0x000000008ce2ad88) thrown at [./open/src/hotspot/share/interpreter/linkRes
Event: 10.310 Thread 0x000002ce72276000 Exception <a 'java/lang/NoSuchMethodError'{0x000000008ce2daf0}: java.lang.invoke.Invokers$Holder.linkToTargetMethod(JLjava/lang/Object;)Ljava/lang/Object;> (0x000000008ce2daf0) thrown at [./open/src/hotspot/share/interpreter/linkResolver.cpp, line 772]

Events (10 events):
Event: 27.478 loading class org/apache/maven/plugin/surefire/booterclient/output/InPluginProcessDumpSingleton
Event: 27.478 loading class org/apache/maven/plugin/surefire/booterclient/output/InPluginProcessDumpSingleton done
Event: 27.479 loading class org/apache/maven/plugin/surefire/booterclient/output/InPluginProcessDumpSingleton
Event: 27.479 loading class org/apache/maven/plugin/surefire/booterclient/output/InPluginProcessDumpSingleton done
Event: 27.479 loading class org/apache/maven/plugin/surefire/booterclient/output/InPluginProcessDumpSingleton
Event: 27.479 loading class org/apache/maven/plugin/surefire/booterclient/output/InPluginProcessDumpSingleton done
Event: 27.484 loading class java/lang/Throwable$WrappedPrintWriter
Event: 27.484 loading class java/lang/Throwable$PrintStreamOrWriter
Event: 27.484 loading class java/lang/Throwable$PrintStreamOrWriter done
Event: 27.484 loading class java/lang/Throwable$WrappedPrintWriter done


Dynamic libraries:
0x00007ff644190000 - 0x00007ff64419f000 	C:\Program Files\Java\jdk-11.0.12\bin\java.exe
0x00007fffe04f0000 - 0x00007fffe06e8000 	C:\Windows\SYSTEM32\ntdll.dll
0x00007fffdfa20000 - 0x00007fffdfadd000 	C:\Windows\System32\KERNEL32.DLL
0x00007fffde110000 - 0x00007fffde3de000 	C:\Windows\System32\KERNELBASE.dll
0x00007fffddf20000 - 0x00007fffde020000 	C:\Windows\System32\ucrtbase.dll
0x00007fffce180000 - 0x00007fffce195000 	C:\Program Files\Java\jdk-11.0.12\bin\VCRUNTIME140.dll
0x00007fffd6c60000 - 0x00007fffd6c78000 	C:\Program Files\Java\jdk-11.0.12\bin\jli.dll
0x00007fffde5b0000 - 0x00007fffde65e000 	C:\Windows\System32\ADVAPI32.dll
0x00007fffdf790000 - 0x00007fffdf82e000 	C:\Windows\System32\msvcrt.dll
0x00007fffdedc0000 - 0x00007fffdee5c000 	C:\Windows\System32\sechost.dll
0x00007fffde6e0000 - 0x00007fffde805000 	C:\Windows\System32\RPCRT4.dll
0x00007fffdf010000 - 0x00007fffdf1b0000 	C:\Windows\System32\USER32.dll
0x00007fffddde0000 - 0x00007fffdde02000 	C:\Windows\System32\win32u.dll
0x00007fffde580000 - 0x00007fffde5aa000 	C:\Windows\System32\GDI32.dll
0x00007fffdde10000 - 0x00007fffddf1b000 	C:\Windows\System32\gdi32full.dll
0x00007fffde070000 - 0x00007fffde10d000 	C:\Windows\System32\msvcp_win.dll
0x00007fffc5370000 - 0x00007fffc560a000 	C:\Windows\WinSxS\amd64_microsoft.windows.common-controls_6595b64144ccf1df_6.0.19041.1110_none_60b5254171f9507e\COMCTL32.dll
0x00007fffd46d0000 - 0x00007fffd46da000 	C:\Windows\SYSTEM32\VERSION.dll
0x00007fffde550000 - 0x00007fffde580000 	C:\Windows\System32\IMM32.DLL
0x00007fffb8c40000 - 0x00007fffb8cdb000 	C:\Program Files\Java\jdk-11.0.12\bin\msvcp140.dll
0x00007fff7ef00000 - 0x00007fff7f9ff000 	C:\Program Files\Java\jdk-11.0.12\bin\server\jvm.dll
0x00007fffdfce0000 - 0x00007fffdfce8000 	C:\Windows\System32\PSAPI.DLL
0x00007fffd2ee0000 - 0x00007fffd2ee9000 	C:\Windows\SYSTEM32\WSOCK32.dll
0x00007fffcaec0000 - 0x00007fffcaee7000 	C:\Windows\SYSTEM32\WINMM.dll
0x00007fffdf1b0000 - 0x00007fffdf21b000 	C:\Windows\System32\WS2_32.dll
0x00007fffdbb10000 - 0x00007fffdbb22000 	C:\Windows\SYSTEM32\kernel.appcore.dll
0x00007fffd1140000 - 0x00007fffd1150000 	C:\Program Files\Java\jdk-11.0.12\bin\verify.dll
0x00007fffdb360000 - 0x00007fffdb544000 	C:\Windows\SYSTEM32\DBGHELP.DLL
0x00007fffd8000000 - 0x00007fffd802c000 	C:\Windows\SYSTEM32\dbgcore.DLL
0x00007fffde4c0000 - 0x00007fffde542000 	C:\Windows\System32\bcryptPrimitives.dll
0x00007fffc9280000 - 0x00007fffc92a8000 	C:\Program Files\Java\jdk-11.0.12\bin\java.dll
0x00007fffcdaa0000 - 0x00007fffcdaaa000 	C:\Program Files\Java\jdk-11.0.12\bin\jimage.dll
0x00007fffcd230000 - 0x00007fffcd246000 	C:\Program Files\Java\jdk-11.0.12\bin\zip.dll
0x00007fffdfcf0000 - 0x00007fffe0434000 	C:\Windows\System32\SHELL32.dll
0x00007fffdbd10000 - 0x00007fffdc4a4000 	C:\Windows\SYSTEM32\windows.storage.dll
0x00007fffdf3d0000 - 0x00007fffdf724000 	C:\Windows\System32\combase.dll
0x00007fffdd670000 - 0x00007fffdd6a0000 	C:\Windows\SYSTEM32\Wldp.dll
0x00007fffded10000 - 0x00007fffdedbd000 	C:\Windows\System32\SHCORE.dll
0x00007fffdfc80000 - 0x00007fffdfcd5000 	C:\Windows\System32\shlwapi.dll
0x00007fffddb50000 - 0x00007fffddb6f000 	C:\Windows\SYSTEM32\profapi.dll
0x00007fffc8be0000 - 0x00007fffc8bf9000 	C:\Program Files\Java\jdk-11.0.12\bin\net.dll
0x00007fffd4290000 - 0x00007fffd439a000 	C:\Windows\SYSTEM32\WINHTTP.dll
0x00007fffdd3d0000 - 0x00007fffdd43a000 	C:\Windows\system32\mswsock.dll
0x00007fffc8bc0000 - 0x00007fffc8bd2000 	C:\Program Files\Java\jdk-11.0.12\bin\nio.dll
0x0000000069ac0000 - 0x0000000069ae4000 	C:\Program Files\apache-maven-3.8.6\lib\jansi-native\Windows\x86_64\jansi.dll
0x00007fffdd5c0000 - 0x00007fffdd5d8000 	C:\Windows\SYSTEM32\CRYPTSP.dll
0x00007fffdcce0000 - 0x00007fffdcd14000 	C:\Windows\system32\rsaenh.dll
0x00007fffde490000 - 0x00007fffde4b7000 	C:\Windows\System32\bcrypt.dll
0x00007fffddb10000 - 0x00007fffddb3e000 	C:\Windows\SYSTEM32\USERENV.dll
0x00007fffdd5e0000 - 0x00007fffdd5ec000 	C:\Windows\SYSTEM32\CRYPTBASE.dll
0x00007fffdd070000 - 0x00007fffdd0ab000 	C:\Windows\SYSTEM32\IPHLPAPI.DLL
0x00007fffe04a0000 - 0x00007fffe04a8000 	C:\Windows\System32\NSI.dll
0x00007fffd65c0000 - 0x00007fffd65d7000 	C:\Windows\SYSTEM32\dhcpcsvc6.DLL
0x00007fffd71b0000 - 0x00007fffd71cd000 	C:\Windows\SYSTEM32\dhcpcsvc.DLL
0x00007fffdd110000 - 0x00007fffdd1da000 	C:\Windows\SYSTEM32\DNSAPI.dll

dbghelp: loaded successfully - version: 4.0.5 - missing functions: none
symbol engine: initialized successfully - sym options: 0x614 - pdb path: .;C:\Program Files\Java\jdk-11.0.12\bin;C:\Windows\SYSTEM32;C:\Windows\WinSxS\amd64_microsoft.windows.common-controls_6595b64144ccf1df_6.0.19041.1110_none_60b5254171f9507e;C:\Program Files\Java\jdk-11.0.12\bin\server;C:\Program Files\apache-maven-3.8.6\lib\jansi-native\Windows\x86_64

VM Arguments:
jvm_args: -Dclassworlds.conf=C:\Program Files\apache-maven-3.8.6\bin\m2.conf -Dmaven.home=C:\Program Files\apache-maven-3.8.6 -Dlibrary.jansi.path=C:\Program Files\apache-maven-3.8.6\lib\jansi-native -Dmaven.multiModuleProjectDirectory=E:\hotel\hotel-crud-operation 
java_command: org.codehaus.plexus.classworlds.launcher.Launcher clean install
java_class_path (initial): C:\Program Files\apache-maven-3.8.6\boot\plexus-classworlds-2.6.0.jar
Launcher Type: SUN_STANDARD

[Global flags]
     intx CICompilerCount                          = 3                                         {product} {ergonomic}
     uint ConcGCThreads                            = 1                                         {product} {ergonomic}
     uint G1ConcRefinementThreads                  = 4                                         {product} {ergonomic}
   size_t G1HeapRegionSize                         = 1048576                                   {product} {ergonomic}
    uintx GCDrainStackTargetSize                   = 64                                        {product} {ergonomic}
   size_t InitialHeapSize                          = 134217728                                 {product} {ergonomic}
   size_t MarkStackSize                            = 4194304                                   {product} {ergonomic}
   size_t MaxHeapSize                              = 2124414976                                {product} {ergonomic}
   size_t MaxNewSize                               = 1274019840                                {product} {ergonomic}
   size_t MinHeapDeltaBytes                        = 1048576                                   {product} {ergonomic}
    uintx NonNMethodCodeHeapSize                   = 5830732                                {pd product} {ergonomic}
    uintx NonProfiledCodeHeapSize                  = 122913754                              {pd product} {ergonomic}
    uintx ProfiledCodeHeapSize                     = 122913754                              {pd product} {ergonomic}
    uintx ReservedCodeCacheSize                    = 251658240                              {pd product} {ergonomic}
     bool SegmentedCodeCache                       = true                                      {product} {ergonomic}
     bool UseCompressedClassPointers               = true                                 {lp64_product} {ergonomic}
     bool UseCompressedOops                        = true                                 {lp64_product} {ergonomic}
     bool UseG1GC                                  = true                                      {product} {ergonomic}
     bool UseLargePagesIndividualAllocation        = false                                  {pd product} {ergonomic}

Logging:
Log output configuration:
 #0: stdout all=warning uptime,level,tags
 #1: stderr all=off uptime,level,tags

Environment Variables:
JAVA_HOME=C:\Program Files\Java\jdk-11.0.12
PATH=C:\Program Files\Common Files\Oracle\Java\javapath;C:\Windows\system32;C:\Windows;C:\Windows\System32\Wbem;C:\Windows\System32\WindowsPowerShell\v1.0\;C:\Windows\System32\OpenSSH\;C:\Program Files\nodejs\;C:\Program Files\Java\jdk-11.0.12\bin;C:\software\apache-zookeeper-3.8.0-bin\\bin;C:\Program Files\apache-maven-3.8.6\bin;C:\software\Git\cmd;C:\Program Files\MySQL\MySQL Shell 8.0\bin\;C:\Users\lenovo\AppData\Local\Microsoft\WindowsApps;C:\Users\lenovo\AppData\Roaming\npm;C:\Users\lenovo\AppData\Local\Programs\Microsoft VS Code\bin;C:\Program Files\JetBrains\IntelliJ IDEA Community Edition 2021.3.1\bin;C:\Program Files\apache-maven-3.8.6\bin;C:\Program Files\Java\jdk-11.0.12\bin;
USERNAME=lenovo
OS=Windows_NT
PROCESSOR_IDENTIFIER=Intel64 Family 6 Model 61 Stepping 4, GenuineIntel



---------------  S Y S T E M  ---------------

OS: Windows 10 , 64 bit Build 19041 (10.0.19041.1889)

CPU:total 4 (initial active 4) (2 cores per cpu, 2 threads per core) family 6 model 61 stepping 4 microcode 0x2d, cmov, cx8, fxsr, mmx, sse, sse2, sse3, ssse3, sse4.1, sse4.2, popcnt, avx, avx2, aes, clmul, erms, 3dnowpref, lzcnt, ht, tsc, tscinvbit, bmi1, bmi2, adx, fma

Memory: 4k page, system-wide physical 8097M (1295M free)
TotalPageFile size 9633M (AvailPageFile size 6M)
current process WorkingSet (physical memory assigned to process): 285M, peak: 306M
current process commit charge ("private bytes"): 328M, peak: 349M

vm_info: Java HotSpot(TM) 64-Bit Server VM (11.0.12+8-LTS-237) for windows-amd64 JRE (11.0.12+8-LTS-237), built on Jun  8 2021 11:25:59 by "mach5one" with MS VC++ 15.9 (VS2017)

END.
